{"/home/runner/work/my_publishing/my_publishing/app/error.tsx": {"path":"/home/runner/work/my_publishing/my_publishing/app/error.tsx","statementMap":{"0":{"start":{"line":7,"column":24},"end":{"line":7,"column":30}},"1":{"start":{"line":3,"column":26},"end":{"line":3,"column":null}},"2":{"start":{"line":4,"column":23},"end":{"line":4,"column":null}},"3":{"start":{"line":5,"column":17},"end":{"line":5,"column":null}},"4":{"start":{"line":14,"column":2},"end":{"line":17,"column":null}},"5":{"start":{"line":16,"column":4},"end":{"line":16,"column":null}}},"fnMap":{"0":{"name":"Error","decl":{"start":{"line":7,"column":24},"end":{"line":7,"column":30}},"loc":{"start":{"line":13,"column":1},"end":{"line":37,"column":null}}},"1":{"name":"(anonymous_3)","decl":{"start":{"line":14,"column":12},"end":{"line":14,"column":null}},"loc":{"start":{"line":14,"column":12},"end":{"line":17,"column":5}}}},"branchMap":{"0":{"loc":{"start":{"line":24,"column":11},"end":{"line":24,"column":null}},"type":"binary-expr","locations":[{"start":{"line":24,"column":11},"end":{"line":24,"column":24}},{"start":{"line":24,"column":28},"end":{"line":24,"column":null}}]}},"s":{"0":0,"1":0,"2":0,"3":0,"4":0,"5":0},"f":{"0":0,"1":0},"b":{"0":[0,0]}}
,"/home/runner/work/my_publishing/my_publishing/app/layout.tsx": {"path":"/home/runner/work/my_publishing/my_publishing/app/layout.tsx","statementMap":{"0":{"start":{"line":21,"column":24},"end":{"line":21,"column":35}},"1":{"start":{"line":15,"column":13},"end":{"line":15,"column":21}},"2":{"start":{"line":2,"column":22},"end":{"line":2,"column":null}},"3":{"start":{"line":3,"column":7},"end":{"line":3,"column":null}},"4":{"start":{"line":4,"column":26},"end":{"line":4,"column":null}},"5":{"start":{"line":5,"column":23},"end":{"line":5,"column":null}},"6":{"start":{"line":6,"column":23},"end":{"line":6,"column":null}},"7":{"start":{"line":8,"column":14},"end":{"line":13,"column":null}},"8":{"start":{"line":15,"column":34},"end":{"line":19,"column":null}}},"fnMap":{"0":{"name":"RootLayout","decl":{"start":{"line":21,"column":24},"end":{"line":21,"column":35}},"loc":{"start":{"line":25,"column":1},"end":{"line":39,"column":1}}}},"branchMap":{},"s":{"0":0,"1":0,"2":0,"3":0,"4":0,"5":0,"6":0,"7":0,"8":0},"f":{"0":0},"b":{}}
,"/home/runner/work/my_publishing/my_publishing/app/loading.tsx": {"path":"/home/runner/work/my_publishing/my_publishing/app/loading.tsx","statementMap":{"0":{"start":{"line":3,"column":24},"end":{"line":3,"column":null}},"1":{"start":{"line":1,"column":31},"end":{"line":1,"column":null}}},"fnMap":{"0":{"name":"Loading","decl":{"start":{"line":3,"column":24},"end":{"line":3,"column":null}},"loc":{"start":{"line":3,"column":24},"end":{"line":9,"column":null}}}},"branchMap":{},"s":{"0":0,"1":0},"f":{"0":0},"b":{}}
,"/home/runner/work/my_publishing/my_publishing/app/not-found.tsx": {"path":"/home/runner/work/my_publishing/my_publishing/app/not-found.tsx","statementMap":{"0":{"start":{"line":4,"column":24},"end":{"line":4,"column":null}},"1":{"start":{"line":1,"column":17},"end":{"line":1,"column":null}},"2":{"start":{"line":2,"column":23},"end":{"line":2,"column":null}}},"fnMap":{"0":{"name":"NotFound","decl":{"start":{"line":4,"column":24},"end":{"line":4,"column":null}},"loc":{"start":{"line":4,"column":24},"end":{"line":19,"column":null}}}},"branchMap":{},"s":{"0":0,"1":0,"2":0},"f":{"0":0},"b":{}}
,"/home/runner/work/my_publishing/my_publishing/app/page.tsx": {"path":"/home/runner/work/my_publishing/my_publishing/app/page.tsx","statementMap":{"0":{"start":{"line":58,"column":30},"end":{"line":58,"column":null}},"1":{"start":{"line":1,"column":25},"end":{"line":1,"column":null}},"2":{"start":{"line":2,"column":29},"end":{"line":2,"column":null}},"3":{"start":{"line":3,"column":26},"end":{"line":3,"column":null}},"4":{"start":{"line":4,"column":24},"end":{"line":4,"column":null}},"5":{"start":{"line":5,"column":21},"end":{"line":5,"column":null}},"6":{"start":{"line":6,"column":25},"end":{"line":6,"column":null}},"7":{"start":{"line":7,"column":26},"end":{"line":7,"column":null}},"8":{"start":{"line":8,"column":23},"end":{"line":8,"column":null}},"9":{"start":{"line":9,"column":31},"end":{"line":9,"column":null}},"10":{"start":{"line":10,"column":23},"end":{"line":10,"column":null}},"11":{"start":{"line":11,"column":23},"end":{"line":11,"column":null}},"12":{"start":{"line":12,"column":17},"end":{"line":12,"column":null}},"13":{"start":{"line":16,"column":19},"end":{"line":16,"column":null}},"14":{"start":{"line":17,"column":19},"end":{"line":23,"column":null}},"15":{"start":{"line":25,"column":2},"end":{"line":25,"column":null}},"16":{"start":{"line":29,"column":19},"end":{"line":29,"column":null}},"17":{"start":{"line":30,"column":19},"end":{"line":35,"column":null}},"18":{"start":{"line":37,"column":2},"end":{"line":37,"column":null}},"19":{"start":{"line":41,"column":2},"end":{"line":47,"column":null}},"20":{"start":{"line":52,"column":8},"end":{"line":52,"column":32}},"21":{"start":{"line":59,"column":24},"end":{"line":59,"column":null}},"22":{"start":{"line":60,"column":24},"end":{"line":60,"column":null}},"23":{"start":{"line":61,"column":19},"end":{"line":61,"column":55}}},"fnMap":{"0":{"name":"getFeaturedBooks","decl":{"start":{"line":15,"column":15},"end":{"line":15,"column":null}},"loc":{"start":{"line":15,"column":15},"end":{"line":26,"column":null}}},"1":{"name":"getTrendingBooks","decl":{"start":{"line":28,"column":15},"end":{"line":28,"column":null}},"loc":{"start":{"line":28,"column":15},"end":{"line":38,"column":null}}},"2":{"name":"BookGrid","decl":{"start":{"line":40,"column":9},"end":{"line":40,"column":18}},"loc":{"start":{"line":40,"column":56},"end":{"line":56,"column":null}}},"3":{"name":"(anonymous_5)","decl":{"start":{"line":51,"column":17},"end":{"line":51,"column":18}},"loc":{"start":{"line":52,"column":8},"end":{"line":52,"column":32}}},"4":{"name":"HomePage","decl":{"start":{"line":58,"column":30},"end":{"line":58,"column":null}},"loc":{"start":{"line":58,"column":30},"end":{"line":153,"column":null}}}},"branchMap":{"0":{"loc":{"start":{"line":25,"column":9},"end":{"line":25,"column":41}},"type":"binary-expr","locations":[{"start":{"line":25,"column":9},"end":{"line":25,"column":38}},{"start":{"line":25,"column":39},"end":{"line":25,"column":41}}]},"1":{"loc":{"start":{"line":37,"column":9},"end":{"line":37,"column":41}},"type":"binary-expr","locations":[{"start":{"line":37,"column":9},"end":{"line":37,"column":38}},{"start":{"line":37,"column":39},"end":{"line":37,"column":41}}]},"2":{"loc":{"start":{"line":41,"column":2},"end":{"line":47,"column":null}},"type":"if","locations":[{"start":{"line":41,"column":2},"end":{"line":47,"column":null}}]},"3":{"loc":{"start":{"line":61,"column":19},"end":{"line":61,"column":55}},"type":"binary-expr","locations":[{"start":{"line":61,"column":19},"end":{"line":61,"column":35}},{"start":{"line":61,"column":39},"end":{"line":61,"column":55}}]},"4":{"loc":{"start":{"line":70,"column":21},"end":{"line":70,"column":null}},"type":"binary-expr","locations":[{"start":{"line":70,"column":21},"end":{"line":70,"column":51}},{"start":{"line":70,"column":51},"end":{"line":70,"column":null}}]},"5":{"loc":{"start":{"line":71,"column":27},"end":{"line":71,"column":null}},"type":"binary-expr","locations":[{"start":{"line":71,"column":27},"end":{"line":71,"column":50}},{"start":{"line":71,"column":50},"end":{"line":71,"column":null}}]},"6":{"loc":{"start":{"line":77,"column":17},"end":{"line":77,"column":null}},"type":"binary-expr","locations":[{"start":{"line":77,"column":17},"end":{"line":77,"column":null}}]},"7":{"loc":{"start":{"line":83,"column":26},"end":{"line":83,"column":87}},"type":"binary-expr","locations":[{"start":{"line":83,"column":26},"end":{"line":83,"column":59}},{"start":{"line":83,"column":63},"end":{"line":83,"column":87}}]}},"s":{"0":0,"1":0,"2":0,"3":0,"4":0,"5":0,"6":0,"7":0,"8":0,"9":0,"10":0,"11":0,"12":0,"13":0,"14":0,"15":0,"16":0,"17":0,"18":0,"19":0,"20":0,"21":0,"22":0,"23":0},"f":{"0":0,"1":0,"2":0,"3":0,"4":0},"b":{"0":[0,0],"1":[0,0],"2":[0],"3":[0,0],"4":[0,0],"5":[0,0],"6":[0],"7":[0,0]}}
,"/home/runner/work/my_publishing/my_publishing/app/providers.tsx": {"path":"/home/runner/work/my_publishing/my_publishing/app/providers.tsx","statementMap":{"0":{"start":{"line":7,"column":16},"end":{"line":7,"column":26}},"1":{"start":{"line":3,"column":29},"end":{"line":3,"column":null}},"2":{"start":{"line":4,"column":30},"end":{"line":4,"column":null}},"3":{"start":{"line":5,"column":30},"end":{"line":5,"column":null}}},"fnMap":{"0":{"name":"Providers","decl":{"start":{"line":7,"column":16},"end":{"line":7,"column":26}},"loc":{"start":{"line":7,"column":69},"end":{"line":16,"column":null}}}},"branchMap":{},"s":{"0":0,"1":0,"2":0,"3":0},"f":{"0":0},"b":{}}
,"/home/runner/work/my_publishing/my_publishing/app/robots.ts": {"path":"/home/runner/work/my_publishing/my_publishing/app/robots.ts","statementMap":{"0":{"start":{"line":3,"column":24},"end":{"line":3,"column":null}},"1":{"start":{"line":4,"column":18},"end":{"line":4,"column":null}},"2":{"start":{"line":6,"column":2},"end":{"line":15,"column":null}}},"fnMap":{"0":{"name":"robots","decl":{"start":{"line":3,"column":24},"end":{"line":3,"column":null}},"loc":{"start":{"line":3,"column":24},"end":{"line":16,"column":null}}}},"branchMap":{"0":{"loc":{"start":{"line":4,"column":18},"end":{"line":4,"column":null}},"type":"binary-expr","locations":[{"start":{"line":4,"column":18},"end":{"line":4,"column":50}},{"start":{"line":4,"column":54},"end":{"line":4,"column":null}}]}},"s":{"0":0,"1":0,"2":0},"f":{"0":0},"b":{"0":[0,0]}}
,"/home/runner/work/my_publishing/my_publishing/app/sitemap.ts": {"path":"/home/runner/work/my_publishing/my_publishing/app/sitemap.ts","statementMap":{"0":{"start":{"line":4,"column":30},"end":{"line":4,"column":null}},"1":{"start":{"line":2,"column":29},"end":{"line":2,"column":null}},"2":{"start":{"line":5,"column":19},"end":{"line":5,"column":null}},"3":{"start":{"line":8,"column":26},"end":{"line":12,"column":null}},"4":{"start":{"line":14,"column":18},"end":{"line":14,"column":null}},"5":{"start":{"line":16,"column":19},"end":{"line":21,"column":null}},"6":{"start":{"line":16,"column":48},"end":{"line":21,"column":null}},"7":{"start":{"line":23,"column":2},"end":{"line":43,"column":null}}},"fnMap":{"0":{"name":"sitemap","decl":{"start":{"line":4,"column":30},"end":{"line":4,"column":null}},"loc":{"start":{"line":4,"column":30},"end":{"line":44,"column":null}}},"1":{"name":"(anonymous_2)","decl":{"start":{"line":16,"column":37},"end":{"line":16,"column":38}},"loc":{"start":{"line":16,"column":48},"end":{"line":21,"column":null}}}},"branchMap":{"0":{"loc":{"start":{"line":14,"column":18},"end":{"line":14,"column":null}},"type":"binary-expr","locations":[{"start":{"line":14,"column":18},"end":{"line":14,"column":50}},{"start":{"line":14,"column":54},"end":{"line":14,"column":null}}]},"1":{"loc":{"start":{"line":16,"column":20},"end":{"line":16,"column":30}},"type":"binary-expr","locations":[{"start":{"line":16,"column":20},"end":{"line":16,"column":29}},{"start":{"line":16,"column":29},"end":{"line":16,"column":30}}]},"2":{"loc":{"start":{"line":17,"column":29},"end":{"line":17,"column":49}},"type":"binary-expr","locations":[{"start":{"line":17,"column":29},"end":{"line":17,"column":38}},{"start":{"line":17,"column":42},"end":{"line":17,"column":49}}]}},"s":{"0":0,"1":0,"2":0,"3":0,"4":0,"5":0,"6":0,"7":0},"f":{"0":0,"1":0},"b":{"0":[0,0],"1":[0,0],"2":[0,0]}}
,"/home/runner/work/my_publishing/my_publishing/app/(auth)/layout.tsx": {"path":"/home/runner/work/my_publishing/my_publishing/app/(auth)/layout.tsx","statementMap":{"0":{"start":{"line":1,"column":24},"end":{"line":1,"column":35}}},"fnMap":{"0":{"name":"AuthLayout","decl":{"start":{"line":1,"column":24},"end":{"line":1,"column":35}},"loc":{"start":{"line":1,"column":78},"end":{"line":7,"column":null}}}},"branchMap":{},"s":{"0":0},"f":{"0":0},"b":{}}
,"/home/runner/work/my_publishing/my_publishing/app/(auth)/callback/route.ts": {"path":"/home/runner/work/my_publishing/my_publishing/app/(auth)/callback/route.ts","statementMap":{"0":{"start":{"line":5,"column":22},"end":{"line":5,"column":26}},"1":{"start":{"line":1,"column":29},"end":{"line":1,"column":null}},"2":{"start":{"line":2,"column":29},"end":{"line":2,"column":null}},"3":{"start":{"line":6,"column":21},"end":{"line":6,"column":null}},"4":{"start":{"line":7,"column":15},"end":{"line":7,"column":null}},"5":{"start":{"line":9,"column":2},"end":{"line":12,"column":null}},"6":{"start":{"line":10,"column":21},"end":{"line":10,"column":null}},"7":{"start":{"line":11,"column":4},"end":{"line":11,"column":null}},"8":{"start":{"line":14,"column":2},"end":{"line":14,"column":null}}},"fnMap":{"0":{"name":"GET","decl":{"start":{"line":5,"column":22},"end":{"line":5,"column":26}},"loc":{"start":{"line":5,"column":46},"end":{"line":15,"column":null}}}},"branchMap":{"0":{"loc":{"start":{"line":9,"column":2},"end":{"line":12,"column":null}},"type":"if","locations":[{"start":{"line":9,"column":2},"end":{"line":12,"column":null}}]}},"s":{"0":0,"1":0,"2":0,"3":0,"4":0,"5":0,"6":0,"7":0,"8":0},"f":{"0":0},"b":{"0":[0]}}
,"/home/runner/work/my_publishing/my_publishing/app/(auth)/login/LoginForm.tsx": {"path":"/home/runner/work/my_publishing/my_publishing/app/(auth)/login/LoginForm.tsx","statementMap":{"0":{"start":{"line":20,"column":16},"end":{"line":20,"column":null}},"1":{"start":{"line":3,"column":25},"end":{"line":3,"column":null}},"2":{"start":{"line":4,"column":26},"end":{"line":4,"column":null}},"3":{"start":{"line":5,"column":24},"end":{"line":5,"column":null}},"4":{"start":{"line":6,"column":28},"end":{"line":6,"column":null}},"5":{"start":{"line":7,"column":18},"end":{"line":7,"column":null}},"6":{"start":{"line":8,"column":23},"end":{"line":8,"column":null}},"7":{"start":{"line":9,"column":22},"end":{"line":9,"column":null}},"8":{"start":{"line":10,"column":23},"end":{"line":10,"column":null}},"9":{"start":{"line":11,"column":31},"end":{"line":11,"column":null}},"10":{"start":{"line":13,"column":20},"end":{"line":16,"column":null}},"11":{"start":{"line":21,"column":17},"end":{"line":21,"column":null}},"12":{"start":{"line":22,"column":28},"end":{"line":22,"column":null}},"13":{"start":{"line":23,"column":36},"end":{"line":23,"column":null}},"14":{"start":{"line":29,"column":6},"end":{"line":31,"column":null}},"15":{"start":{"line":33,"column":19},"end":{"line":55,"column":null}},"16":{"start":{"line":34,"column":4},"end":{"line":34,"column":null}},"17":{"start":{"line":35,"column":4},"end":{"line":35,"column":null}},"18":{"start":{"line":37,"column":4},"end":{"line":54,"column":null}},"19":{"start":{"line":38,"column":23},"end":{"line":38,"column":null}},"20":{"start":{"line":39,"column":6},"end":{"line":39,"column":null}},"21":{"start":{"line":40,"column":6},"end":{"line":40,"column":null}},"22":{"start":{"line":42,"column":21},"end":{"line":42,"column":null}},"23":{"start":{"line":44,"column":6},"end":{"line":49,"column":null}},"24":{"start":{"line":45,"column":8},"end":{"line":45,"column":null}},"25":{"start":{"line":47,"column":8},"end":{"line":47,"column":null}},"26":{"start":{"line":48,"column":8},"end":{"line":48,"column":null}},"27":{"start":{"line":51,"column":6},"end":{"line":51,"column":null}},"28":{"start":{"line":53,"column":6},"end":{"line":53,"column":null}}},"fnMap":{"0":{"name":"LoginForm","decl":{"start":{"line":20,"column":16},"end":{"line":20,"column":null}},"loc":{"start":{"line":20,"column":16},"end":{"line":99,"column":null}}},"1":{"name":"(anonymous_2)","decl":{"start":{"line":33,"column":19},"end":{"line":33,"column":26}},"loc":{"start":{"line":33,"column":26},"end":{"line":55,"column":null}}}},"branchMap":{"0":{"loc":{"start":{"line":44,"column":6},"end":{"line":49,"column":null}},"type":"if","locations":[{"start":{"line":44,"column":6},"end":{"line":49,"column":null}},{"start":{"line":46,"column":13},"end":{"line":49,"column":null}}]},"1":{"loc":{"start":{"line":59,"column":7},"end":{"line":59,"column":null}},"type":"binary-expr","locations":[{"start":{"line":59,"column":7},"end":{"line":59,"column":null}}]},"2":{"loc":{"start":{"line":75,"column":9},"end":{"line":75,"column":21}},"type":"binary-expr","locations":[{"start":{"line":75,"column":9},"end":{"line":75,"column":21}}]},"3":{"loc":{"start":{"line":90,"column":9},"end":{"line":90,"column":24}},"type":"binary-expr","locations":[{"start":{"line":90,"column":9},"end":{"line":90,"column":24}}]},"4":{"loc":{"start":{"line":95,"column":9},"end":{"line":95,"column":null}},"type":"cond-expr","locations":[{"start":{"line":95,"column":21},"end":{"line":95,"column":null}},{"start":{"line":95,"column":52},"end":{"line":95,"column":null}}]}},"s":{"0":0,"1":0,"2":0,"3":0,"4":0,"5":0,"6":0,"7":0,"8":0,"9":0,"10":0,"11":0,"12":0,"13":0,"14":0,"15":0,"16":0,"17":0,"18":0,"19":0,"20":0,"21":0,"22":0,"23":0,"24":0,"25":0,"26":0,"27":0,"28":0},"f":{"0":0,"1":0},"b":{"0":[0,0],"1":[0],"2":[0],"3":[0],"4":[0,0]}}
,"/home/runner/work/my_publishing/my_publishing/app/(auth)/login/actions.ts": {"path":"/home/runner/work/my_publishing/my_publishing/app/(auth)/login/actions.ts","statementMap":{"0":{"start":{"line":7,"column":22},"end":{"line":7,"column":29}},"1":{"start":{"line":3,"column":31},"end":{"line":3,"column":null}},"2":{"start":{"line":4,"column":29},"end":{"line":4,"column":null}},"3":{"start":{"line":8,"column":16},"end":{"line":8,"column":null}},"4":{"start":{"line":9,"column":19},"end":{"line":9,"column":null}},"5":{"start":{"line":11,"column":2},"end":{"line":13,"column":null}},"6":{"start":{"line":12,"column":4},"end":{"line":12,"column":null}},"7":{"start":{"line":15,"column":19},"end":{"line":15,"column":null}},"8":{"start":{"line":17,"column":20},"end":{"line":20,"column":null}},"9":{"start":{"line":22,"column":2},"end":{"line":24,"column":null}},"10":{"start":{"line":23,"column":4},"end":{"line":23,"column":null}},"11":{"start":{"line":26,"column":2},"end":{"line":26,"column":null}},"12":{"start":{"line":27,"column":2},"end":{"line":27,"column":null}}},"fnMap":{"0":{"name":"signIn","decl":{"start":{"line":7,"column":22},"end":{"line":7,"column":29}},"loc":{"start":{"line":7,"column":47},"end":{"line":28,"column":null}}}},"branchMap":{"0":{"loc":{"start":{"line":11,"column":2},"end":{"line":13,"column":null}},"type":"if","locations":[{"start":{"line":11,"column":2},"end":{"line":13,"column":null}}]},"1":{"loc":{"start":{"line":11,"column":6},"end":{"line":11,"column":27}},"type":"binary-expr","locations":[{"start":{"line":11,"column":6},"end":{"line":11,"column":16}},{"start":{"line":11,"column":16},"end":{"line":11,"column":27}}]},"2":{"loc":{"start":{"line":22,"column":2},"end":{"line":24,"column":null}},"type":"if","locations":[{"start":{"line":22,"column":2},"end":{"line":24,"column":null}}]}},"s":{"0":0,"1":0,"2":0,"3":0,"4":0,"5":0,"6":0,"7":0,"8":0,"9":0,"10":0,"11":0,"12":0},"f":{"0":0},"b":{"0":[0],"1":[0,0],"2":[0]}}
,"/home/runner/work/my_publishing/my_publishing/app/(auth)/login/page.tsx": {"path":"/home/runner/work/my_publishing/my_publishing/app/(auth)/login/page.tsx","statementMap":{"0":{"start":{"line":11,"column":24},"end":{"line":11,"column":null}},"1":{"start":{"line":6,"column":13},"end":{"line":6,"column":21}},"2":{"start":{"line":2,"column":17},"end":{"line":2,"column":null}},"3":{"start":{"line":3,"column":26},"end":{"line":3,"column":null}},"4":{"start":{"line":4,"column":74},"end":{"line":4,"column":null}},"5":{"start":{"line":6,"column":34},"end":{"line":9,"column":null}}},"fnMap":{"0":{"name":"LoginPage","decl":{"start":{"line":11,"column":24},"end":{"line":11,"column":null}},"loc":{"start":{"line":11,"column":24},"end":{"line":37,"column":1}}}},"branchMap":{},"s":{"0":0,"1":0,"2":0,"3":0,"4":0,"5":0},"f":{"0":0},"b":{}}
,"/home/runner/work/my_publishing/my_publishing/app/(auth)/register/RegisterForm.tsx": {"path":"/home/runner/work/my_publishing/my_publishing/app/(auth)/register/RegisterForm.tsx","statementMap":{"0":{"start":{"line":27,"column":16},"end":{"line":27,"column":null}},"1":{"start":{"line":3,"column":25},"end":{"line":3,"column":null}},"2":{"start":{"line":4,"column":26},"end":{"line":4,"column":null}},"3":{"start":{"line":5,"column":24},"end":{"line":5,"column":null}},"4":{"start":{"line":6,"column":28},"end":{"line":6,"column":null}},"5":{"start":{"line":7,"column":18},"end":{"line":7,"column":null}},"6":{"start":{"line":8,"column":23},"end":{"line":8,"column":null}},"7":{"start":{"line":9,"column":22},"end":{"line":9,"column":null}},"8":{"start":{"line":10,"column":29},"end":{"line":10,"column":null}},"9":{"start":{"line":11,"column":31},"end":{"line":11,"column":null}},"10":{"start":{"line":13,"column":23},"end":{"line":23,"column":null}},"11":{"start":{"line":20,"column":20},"end":{"line":20,"column":58}},"12":{"start":{"line":28,"column":17},"end":{"line":28,"column":null}},"13":{"start":{"line":29,"column":28},"end":{"line":29,"column":null}},"14":{"start":{"line":30,"column":36},"end":{"line":30,"column":null}},"15":{"start":{"line":36,"column":6},"end":{"line":38,"column":null}},"16":{"start":{"line":40,"column":19},"end":{"line":63,"column":null}},"17":{"start":{"line":41,"column":4},"end":{"line":41,"column":null}},"18":{"start":{"line":42,"column":4},"end":{"line":42,"column":null}},"19":{"start":{"line":44,"column":4},"end":{"line":62,"column":null}},"20":{"start":{"line":45,"column":23},"end":{"line":45,"column":null}},"21":{"start":{"line":46,"column":6},"end":{"line":46,"column":null}},"22":{"start":{"line":47,"column":6},"end":{"line":47,"column":null}},"23":{"start":{"line":48,"column":6},"end":{"line":48,"column":null}},"24":{"start":{"line":50,"column":21},"end":{"line":50,"column":null}},"25":{"start":{"line":52,"column":6},"end":{"line":57,"column":null}},"26":{"start":{"line":53,"column":8},"end":{"line":53,"column":null}},"27":{"start":{"line":55,"column":8},"end":{"line":55,"column":null}},"28":{"start":{"line":56,"column":8},"end":{"line":56,"column":null}},"29":{"start":{"line":59,"column":6},"end":{"line":59,"column":null}},"30":{"start":{"line":61,"column":6},"end":{"line":61,"column":null}}},"fnMap":{"0":{"name":"(anonymous_1)","decl":{"start":{"line":20,"column":10},"end":{"line":20,"column":11}},"loc":{"start":{"line":20,"column":20},"end":{"line":20,"column":58}}},"1":{"name":"RegisterForm","decl":{"start":{"line":27,"column":16},"end":{"line":27,"column":null}},"loc":{"start":{"line":27,"column":16},"end":{"line":137,"column":null}}},"2":{"name":"(anonymous_3)","decl":{"start":{"line":40,"column":19},"end":{"line":40,"column":26}},"loc":{"start":{"line":40,"column":26},"end":{"line":63,"column":null}}}},"branchMap":{"0":{"loc":{"start":{"line":52,"column":6},"end":{"line":57,"column":null}},"type":"if","locations":[{"start":{"line":52,"column":6},"end":{"line":57,"column":null}},{"start":{"line":54,"column":13},"end":{"line":57,"column":null}}]},"1":{"loc":{"start":{"line":67,"column":7},"end":{"line":67,"column":null}},"type":"binary-expr","locations":[{"start":{"line":67,"column":7},"end":{"line":67,"column":null}}]},"2":{"loc":{"start":{"line":83,"column":9},"end":{"line":83,"column":24}},"type":"binary-expr","locations":[{"start":{"line":83,"column":9},"end":{"line":83,"column":24}}]},"3":{"loc":{"start":{"line":98,"column":9},"end":{"line":98,"column":21}},"type":"binary-expr","locations":[{"start":{"line":98,"column":9},"end":{"line":98,"column":21}}]},"4":{"loc":{"start":{"line":113,"column":9},"end":{"line":113,"column":24}},"type":"binary-expr","locations":[{"start":{"line":113,"column":9},"end":{"line":113,"column":24}}]},"5":{"loc":{"start":{"line":128,"column":9},"end":{"line":128,"column":31}},"type":"binary-expr","locations":[{"start":{"line":128,"column":9},"end":{"line":128,"column":31}}]},"6":{"loc":{"start":{"line":133,"column":9},"end":{"line":133,"column":null}},"type":"cond-expr","locations":[{"start":{"line":133,"column":21},"end":{"line":133,"column":null}},{"start":{"line":133,"column":52},"end":{"line":133,"column":null}}]}},"s":{"0":0,"1":0,"2":0,"3":0,"4":0,"5":0,"6":0,"7":0,"8":0,"9":0,"10":0,"11":0,"12":0,"13":0,"14":0,"15":0,"16":0,"17":0,"18":0,"19":0,"20":0,"21":0,"22":0,"23":0,"24":0,"25":0,"26":0,"27":0,"28":0,"29":0,"30":0},"f":{"0":0,"1":0,"2":0},"b":{"0":[0,0],"1":[0],"2":[0],"3":[0],"4":[0],"5":[0],"6":[0,0]}}
,"/home/runner/work/my_publishing/my_publishing/app/(auth)/register/actions.ts": {"path":"/home/runner/work/my_publishing/my_publishing/app/(auth)/register/actions.ts","statementMap":{"0":{"start":{"line":6,"column":22},"end":{"line":6,"column":35}},"1":{"start":{"line":3,"column":31},"end":{"line":3,"column":null}},"2":{"start":{"line":4,"column":29},"end":{"line":4,"column":null}},"3":{"start":{"line":7,"column":16},"end":{"line":7,"column":null}},"4":{"start":{"line":8,"column":19},"end":{"line":8,"column":null}},"5":{"start":{"line":9,"column":19},"end":{"line":9,"column":null}},"6":{"start":{"line":11,"column":2},"end":{"line":13,"column":null}},"7":{"start":{"line":12,"column":4},"end":{"line":12,"column":null}},"8":{"start":{"line":15,"column":19},"end":{"line":15,"column":null}},"9":{"start":{"line":17,"column":47},"end":{"line":20,"column":null}},"10":{"start":{"line":22,"column":2},"end":{"line":24,"column":null}},"11":{"start":{"line":23,"column":4},"end":{"line":23,"column":null}},"12":{"start":{"line":26,"column":2},"end":{"line":28,"column":null}},"13":{"start":{"line":27,"column":4},"end":{"line":27,"column":null}},"14":{"start":{"line":31,"column":34},"end":{"line":37,"column":null}},"15":{"start":{"line":39,"column":2},"end":{"line":41,"column":null}},"16":{"start":{"line":40,"column":4},"end":{"line":40,"column":null}},"17":{"start":{"line":43,"column":2},"end":{"line":43,"column":null}},"18":{"start":{"line":44,"column":2},"end":{"line":44,"column":null}}},"fnMap":{"0":{"name":"registerUser","decl":{"start":{"line":6,"column":22},"end":{"line":6,"column":35}},"loc":{"start":{"line":6,"column":53},"end":{"line":45,"column":null}}}},"branchMap":{"0":{"loc":{"start":{"line":11,"column":2},"end":{"line":13,"column":null}},"type":"if","locations":[{"start":{"line":11,"column":2},"end":{"line":13,"column":null}}]},"1":{"loc":{"start":{"line":11,"column":6},"end":{"line":11,"column":40}},"type":"binary-expr","locations":[{"start":{"line":11,"column":6},"end":{"line":11,"column":16}},{"start":{"line":11,"column":16},"end":{"line":11,"column":29}},{"start":{"line":11,"column":29},"end":{"line":11,"column":40}}]},"2":{"loc":{"start":{"line":22,"column":2},"end":{"line":24,"column":null}},"type":"if","locations":[{"start":{"line":22,"column":2},"end":{"line":24,"column":null}}]},"3":{"loc":{"start":{"line":26,"column":2},"end":{"line":28,"column":null}},"type":"if","locations":[{"start":{"line":26,"column":2},"end":{"line":28,"column":null}}]},"4":{"loc":{"start":{"line":39,"column":2},"end":{"line":41,"column":null}},"type":"if","locations":[{"start":{"line":39,"column":2},"end":{"line":41,"column":null}}]}},"s":{"0":0,"1":0,"2":0,"3":0,"4":0,"5":0,"6":0,"7":0,"8":0,"9":0,"10":0,"11":0,"12":0,"13":0,"14":0,"15":0,"16":0,"17":0,"18":0},"f":{"0":0},"b":{"0":[0],"1":[0,0,0],"2":[0],"3":[0],"4":[0]}}
,"/home/runner/work/my_publishing/my_publishing/app/(auth)/register/page.tsx": {"path":"/home/runner/work/my_publishing/my_publishing/app/(auth)/register/page.tsx","statementMap":{"0":{"start":{"line":11,"column":24},"end":{"line":11,"column":null}},"1":{"start":{"line":6,"column":13},"end":{"line":6,"column":21}},"2":{"start":{"line":2,"column":17},"end":{"line":2,"column":null}},"3":{"start":{"line":3,"column":29},"end":{"line":3,"column":null}},"4":{"start":{"line":4,"column":74},"end":{"line":4,"column":null}},"5":{"start":{"line":6,"column":34},"end":{"line":9,"column":null}}},"fnMap":{"0":{"name":"RegisterPage","decl":{"start":{"line":11,"column":24},"end":{"line":11,"column":null}},"loc":{"start":{"line":11,"column":24},"end":{"line":32,"column":1}}}},"branchMap":{},"s":{"0":0,"1":0,"2":0,"3":0,"4":0,"5":0},"f":{"0":0},"b":{}}
,"/home/runner/work/my_publishing/my_publishing/app/(auth)/reset-password/ResetPasswordForm.tsx": {"path":"/home/runner/work/my_publishing/my_publishing/app/(auth)/reset-password/ResetPasswordForm.tsx","statementMap":{"0":{"start":{"line":18,"column":16},"end":{"line":18,"column":null}},"1":{"start":{"line":3,"column":25},"end":{"line":3,"column":null}},"2":{"start":{"line":4,"column":24},"end":{"line":4,"column":null}},"3":{"start":{"line":5,"column":28},"end":{"line":5,"column":null}},"4":{"start":{"line":6,"column":18},"end":{"line":6,"column":null}},"5":{"start":{"line":7,"column":23},"end":{"line":7,"column":null}},"6":{"start":{"line":8,"column":22},"end":{"line":8,"column":null}},"7":{"start":{"line":9,"column":30},"end":{"line":9,"column":null}},"8":{"start":{"line":10,"column":31},"end":{"line":10,"column":null}},"9":{"start":{"line":12,"column":20},"end":{"line":14,"column":null}},"10":{"start":{"line":19,"column":28},"end":{"line":19,"column":null}},"11":{"start":{"line":20,"column":32},"end":{"line":20,"column":null}},"12":{"start":{"line":21,"column":36},"end":{"line":21,"column":null}},"13":{"start":{"line":27,"column":6},"end":{"line":29,"column":null}},"14":{"start":{"line":31,"column":19},"end":{"line":52,"column":null}},"15":{"start":{"line":32,"column":4},"end":{"line":32,"column":null}},"16":{"start":{"line":33,"column":4},"end":{"line":33,"column":null}},"17":{"start":{"line":34,"column":4},"end":{"line":34,"column":null}},"18":{"start":{"line":36,"column":4},"end":{"line":51,"column":null}},"19":{"start":{"line":37,"column":23},"end":{"line":37,"column":null}},"20":{"start":{"line":38,"column":6},"end":{"line":38,"column":null}},"21":{"start":{"line":40,"column":21},"end":{"line":40,"column":null}},"22":{"start":{"line":42,"column":6},"end":{"line":46,"column":null}},"23":{"start":{"line":43,"column":8},"end":{"line":43,"column":null}},"24":{"start":{"line":45,"column":8},"end":{"line":45,"column":null}},"25":{"start":{"line":48,"column":6},"end":{"line":48,"column":null}},"26":{"start":{"line":50,"column":6},"end":{"line":50,"column":null}},"27":{"start":{"line":54,"column":2},"end":{"line":60,"column":null}}},"fnMap":{"0":{"name":"ResetPasswordForm","decl":{"start":{"line":18,"column":16},"end":{"line":18,"column":null}},"loc":{"start":{"line":18,"column":16},"end":{"line":89,"column":null}}},"1":{"name":"(anonymous_2)","decl":{"start":{"line":31,"column":19},"end":{"line":31,"column":26}},"loc":{"start":{"line":31,"column":26},"end":{"line":52,"column":null}}}},"branchMap":{"0":{"loc":{"start":{"line":42,"column":6},"end":{"line":46,"column":null}},"type":"if","locations":[{"start":{"line":42,"column":6},"end":{"line":46,"column":null}},{"start":{"line":44,"column":13},"end":{"line":46,"column":null}}]},"1":{"loc":{"start":{"line":54,"column":2},"end":{"line":60,"column":null}},"type":"if","locations":[{"start":{"line":54,"column":2},"end":{"line":60,"column":null}}]},"2":{"loc":{"start":{"line":64,"column":7},"end":{"line":64,"column":null}},"type":"binary-expr","locations":[{"start":{"line":64,"column":7},"end":{"line":64,"column":null}}]},"3":{"loc":{"start":{"line":80,"column":9},"end":{"line":80,"column":21}},"type":"binary-expr","locations":[{"start":{"line":80,"column":9},"end":{"line":80,"column":21}}]},"4":{"loc":{"start":{"line":85,"column":9},"end":{"line":85,"column":null}},"type":"cond-expr","locations":[{"start":{"line":85,"column":21},"end":{"line":85,"column":null}},{"start":{"line":85,"column":52},"end":{"line":85,"column":null}}]}},"s":{"0":0,"1":0,"2":0,"3":0,"4":0,"5":0,"6":0,"7":0,"8":0,"9":0,"10":0,"11":0,"12":0,"13":0,"14":0,"15":0,"16":0,"17":0,"18":0,"19":0,"20":0,"21":0,"22":0,"23":0,"24":0,"25":0,"26":0,"27":0},"f":{"0":0,"1":0},"b":{"0":[0,0],"1":[0],"2":[0],"3":[0],"4":[0,0]}}
,"/home/runner/work/my_publishing/my_publishing/app/(auth)/reset-password/actions.ts": {"path":"/home/runner/work/my_publishing/my_publishing/app/(auth)/reset-password/actions.ts","statementMap":{"0":{"start":{"line":5,"column":22},"end":{"line":5,"column":36}},"1":{"start":{"line":3,"column":29},"end":{"line":3,"column":null}},"2":{"start":{"line":6,"column":16},"end":{"line":6,"column":null}},"3":{"start":{"line":8,"column":2},"end":{"line":10,"column":null}},"4":{"start":{"line":9,"column":4},"end":{"line":9,"column":null}},"5":{"start":{"line":12,"column":19},"end":{"line":12,"column":null}},"6":{"start":{"line":14,"column":20},"end":{"line":16,"column":null}},"7":{"start":{"line":18,"column":2},"end":{"line":20,"column":null}},"8":{"start":{"line":19,"column":4},"end":{"line":19,"column":null}},"9":{"start":{"line":22,"column":2},"end":{"line":22,"column":null}}},"fnMap":{"0":{"name":"resetPassword","decl":{"start":{"line":5,"column":22},"end":{"line":5,"column":36}},"loc":{"start":{"line":5,"column":54},"end":{"line":23,"column":null}}}},"branchMap":{"0":{"loc":{"start":{"line":8,"column":2},"end":{"line":10,"column":null}},"type":"if","locations":[{"start":{"line":8,"column":2},"end":{"line":10,"column":null}}]},"1":{"loc":{"start":{"line":15,"column":19},"end":{"line":15,"column":79}},"type":"binary-expr","locations":[{"start":{"line":15,"column":19},"end":{"line":15,"column":51}},{"start":{"line":15,"column":55},"end":{"line":15,"column":79}}]},"2":{"loc":{"start":{"line":18,"column":2},"end":{"line":20,"column":null}},"type":"if","locations":[{"start":{"line":18,"column":2},"end":{"line":20,"column":null}}]}},"s":{"0":0,"1":0,"2":0,"3":0,"4":0,"5":0,"6":0,"7":0,"8":0,"9":0},"f":{"0":0},"b":{"0":[0],"1":[0,0],"2":[0]}}
,"/home/runner/work/my_publishing/my_publishing/app/(auth)/reset-password/page.tsx": {"path":"/home/runner/work/my_publishing/my_publishing/app/(auth)/reset-password/page.tsx","statementMap":{"0":{"start":{"line":11,"column":24},"end":{"line":11,"column":null}},"1":{"start":{"line":6,"column":13},"end":{"line":6,"column":21}},"2":{"start":{"line":2,"column":17},"end":{"line":2,"column":null}},"3":{"start":{"line":3,"column":34},"end":{"line":3,"column":null}},"4":{"start":{"line":4,"column":74},"end":{"line":4,"column":null}},"5":{"start":{"line":6,"column":34},"end":{"line":9,"column":null}}},"fnMap":{"0":{"name":"ResetPasswordPage","decl":{"start":{"line":11,"column":24},"end":{"line":11,"column":null}},"loc":{"start":{"line":11,"column":24},"end":{"line":32,"column":1}}}},"branchMap":{},"s":{"0":0,"1":0,"2":0,"3":0,"4":0,"5":0},"f":{"0":0},"b":{}}
,"/home/runner/work/my_publishing/my_publishing/app/(consumer)/layout.tsx": {"path":"/home/runner/work/my_publishing/my_publishing/app/(consumer)/layout.tsx","statementMap":{"0":{"start":{"line":4,"column":24},"end":{"line":4,"column":39}},"1":{"start":{"line":1,"column":23},"end":{"line":1,"column":null}},"2":{"start":{"line":2,"column":23},"end":{"line":2,"column":null}}},"fnMap":{"0":{"name":"ConsumerLayout","decl":{"start":{"line":4,"column":24},"end":{"line":4,"column":39}},"loc":{"start":{"line":4,"column":82},"end":{"line":12,"column":null}}}},"branchMap":{},"s":{"0":0,"1":0,"2":0},"f":{"0":0},"b":{}}
,"/home/runner/work/my_publishing/my_publishing/app/(consumer)/audio/page.tsx": {"path":"/home/runner/work/my_publishing/my_publishing/app/(consumer)/audio/page.tsx","statementMap":{"0":{"start":{"line":18,"column":30},"end":{"line":18,"column":null}},"1":{"start":{"line":1,"column":29},"end":{"line":1,"column":null}},"2":{"start":{"line":2,"column":26},"end":{"line":2,"column":null}},"3":{"start":{"line":3,"column":24},"end":{"line":3,"column":null}},"4":{"start":{"line":4,"column":25},"end":{"line":4,"column":null}},"5":{"start":{"line":8,"column":19},"end":{"line":8,"column":null}},"6":{"start":{"line":9,"column":19},"end":{"line":13,"column":null}},"7":{"start":{"line":15,"column":2},"end":{"line":15,"column":null}},"8":{"start":{"line":19,"column":16},"end":{"line":19,"column":null}},"9":{"start":{"line":32,"column":14},"end":{"line":32,"column":38}}},"fnMap":{"0":{"name":"getAudiobooks","decl":{"start":{"line":7,"column":15},"end":{"line":7,"column":null}},"loc":{"start":{"line":7,"column":15},"end":{"line":16,"column":null}}},"1":{"name":"AudioPage","decl":{"start":{"line":18,"column":30},"end":{"line":18,"column":null}},"loc":{"start":{"line":18,"column":30},"end":{"line":39,"column":null}}},"2":{"name":"(anonymous_3)","decl":{"start":{"line":31,"column":23},"end":{"line":31,"column":24}},"loc":{"start":{"line":32,"column":14},"end":{"line":32,"column":38}}}},"branchMap":{"0":{"loc":{"start":{"line":15,"column":9},"end":{"line":15,"column":41}},"type":"binary-expr","locations":[{"start":{"line":15,"column":9},"end":{"line":15,"column":38}},{"start":{"line":15,"column":39},"end":{"line":15,"column":41}}]},"1":{"loc":{"start":{"line":26,"column":10},"end":{"line":30,"column":11}},"type":"cond-expr","locations":[{"start":{"line":26,"column":10},"end":{"line":30,"column":11}}]}},"s":{"0":0,"1":0,"2":0,"3":0,"4":0,"5":0,"6":0,"7":0,"8":0,"9":0},"f":{"0":0,"1":0,"2":0},"b":{"0":[0,0],"1":[0]}}
,"/home/runner/work/my_publishing/my_publishing/app/(consumer)/audio/[id]/page.tsx": {"path":"/home/runner/work/my_publishing/my_publishing/app/(consumer)/audio/[id]/page.tsx","statementMap":{"0":{"start":{"line":25,"column":30},"end":{"line":25,"column":44}},"1":{"start":{"line":1,"column":25},"end":{"line":1,"column":null}},"2":{"start":{"line":2,"column":29},"end":{"line":2,"column":null}},"3":{"start":{"line":3,"column":26},"end":{"line":3,"column":null}},"4":{"start":{"line":4,"column":24},"end":{"line":4,"column":null}},"5":{"start":{"line":5,"column":28},"end":{"line":5,"column":null}},"6":{"start":{"line":6,"column":18},"end":{"line":6,"column":null}},"7":{"start":{"line":10,"column":19},"end":{"line":10,"column":null}},"8":{"start":{"line":11,"column":19},"end":{"line":16,"column":null}},"9":{"start":{"line":18,"column":2},"end":{"line":20,"column":null}},"10":{"start":{"line":19,"column":4},"end":{"line":19,"column":null}},"11":{"start":{"line":22,"column":2},"end":{"line":22,"column":null}},"12":{"start":{"line":26,"column":15},"end":{"line":26,"column":null}},"13":{"start":{"line":28,"column":2},"end":{"line":30,"column":null}},"14":{"start":{"line":29,"column":4},"end":{"line":29,"column":null}}},"fnMap":{"0":{"name":"getAudiobook","decl":{"start":{"line":9,"column":15},"end":{"line":9,"column":28}},"loc":{"start":{"line":9,"column":38},"end":{"line":23,"column":null}}},"1":{"name":"AudiobookPage","decl":{"start":{"line":25,"column":30},"end":{"line":25,"column":44}},"loc":{"start":{"line":25,"column":82},"end":{"line":62,"column":null}}}},"branchMap":{"0":{"loc":{"start":{"line":18,"column":2},"end":{"line":20,"column":null}},"type":"if","locations":[{"start":{"line":18,"column":2},"end":{"line":20,"column":null}}]},"1":{"loc":{"start":{"line":18,"column":6},"end":{"line":18,"column":41}},"type":"binary-expr","locations":[{"start":{"line":18,"column":6},"end":{"line":18,"column":15}},{"start":{"line":18,"column":15},"end":{"line":18,"column":41}}]},"2":{"loc":{"start":{"line":28,"column":2},"end":{"line":30,"column":null}},"type":"if","locations":[{"start":{"line":28,"column":2},"end":{"line":30,"column":null}}]},"3":{"loc":{"start":{"line":28,"column":6},"end":{"line":28,"column":41}},"type":"binary-expr","locations":[{"start":{"line":28,"column":6},"end":{"line":28,"column":15}},{"start":{"line":28,"column":15},"end":{"line":28,"column":41}}]},"4":{"loc":{"start":{"line":37,"column":13},"end":{"line":37,"column":27}},"type":"binary-expr","locations":[{"start":{"line":37,"column":13},"end":{"line":37,"column":27}}]},"5":{"loc":{"start":{"line":50,"column":20},"end":{"line":50,"column":73}},"type":"binary-expr","locations":[{"start":{"line":50,"column":20},"end":{"line":50,"column":49}},{"start":{"line":50,"column":53},"end":{"line":50,"column":73}}]}},"s":{"0":0,"1":0,"2":0,"3":0,"4":0,"5":0,"6":0,"7":0,"8":0,"9":0,"10":0,"11":0,"12":0,"13":0,"14":0},"f":{"0":0,"1":0},"b":{"0":[0],"1":[0,0],"2":[0],"3":[0,0],"4":[0],"5":[0,0]}}
,"/home/runner/work/my_publishing/my_publishing/app/(consumer)/books/BookFilters.tsx": {"path":"/home/runner/work/my_publishing/my_publishing/app/(consumer)/books/BookFilters.tsx","statementMap":{"0":{"start":{"line":31,"column":16},"end":{"line":31,"column":null}},"1":{"start":{"line":3,"column":43},"end":{"line":3,"column":null}},"2":{"start":{"line":4,"column":78},"end":{"line":4,"column":null}},"3":{"start":{"line":5,"column":22},"end":{"line":5,"column":null}},"4":{"start":{"line":8,"column":15},"end":{"line":21,"column":null}},"5":{"start":{"line":23,"column":20},"end":{"line":29,"column":null}},"6":{"start":{"line":32,"column":17},"end":{"line":32,"column":null}},"7":{"start":{"line":33,"column":23},"end":{"line":33,"column":null}},"8":{"start":{"line":35,"column":28},"end":{"line":44,"column":null}},"9":{"start":{"line":36,"column":19},"end":{"line":36,"column":null}},"10":{"start":{"line":37,"column":4},"end":{"line":41,"column":null}},"11":{"start":{"line":38,"column":6},"end":{"line":38,"column":null}},"12":{"start":{"line":40,"column":6},"end":{"line":40,"column":null}},"13":{"start":{"line":42,"column":4},"end":{"line":42,"column":27}},"14":{"start":{"line":43,"column":4},"end":{"line":43,"column":null}},"15":{"start":{"line":52,"column":24},"end":{"line":52,"column":38}},"16":{"start":{"line":53,"column":25},"end":{"line":53,"column":null}},"17":{"start":{"line":54,"column":10},"end":{"line":58,"column":null}},"18":{"start":{"line":55,"column":12},"end":{"line":55,"column":null}},"19":{"start":{"line":57,"column":12},"end":{"line":57,"column":null}},"20":{"start":{"line":59,"column":10},"end":{"line":59,"column":null}},"21":{"start":{"line":60,"column":10},"end":{"line":60,"column":null}},"22":{"start":{"line":66,"column":34},"end":{"line":66,"column":null}},"23":{"start":{"line":74,"column":12},"end":{"line":74,"column":36}},"24":{"start":{"line":82,"column":34},"end":{"line":82,"column":null}},"25":{"start":{"line":89,"column":12},"end":{"line":89,"column":43}}},"fnMap":{"0":{"name":"BookFilters","decl":{"start":{"line":31,"column":16},"end":{"line":31,"column":null}},"loc":{"start":{"line":31,"column":16},"end":{"line":97,"column":null}}},"1":{"name":"(anonymous_2)","decl":{"start":{"line":35,"column":28},"end":{"line":35,"column":29}},"loc":{"start":{"line":35,"column":42},"end":{"line":44,"column":null}}},"2":{"name":"(anonymous_3)","decl":{"start":{"line":51,"column":18},"end":{"line":51,"column":19}},"loc":{"start":{"line":51,"column":19},"end":{"line":61,"column":null}}},"3":{"name":"(anonymous_4)","decl":{"start":{"line":66,"column":23},"end":{"line":66,"column":24}},"loc":{"start":{"line":66,"column":34},"end":{"line":66,"column":null}}},"4":{"name":"(anonymous_5)","decl":{"start":{"line":73,"column":22},"end":{"line":73,"column":23}},"loc":{"start":{"line":74,"column":12},"end":{"line":74,"column":36}}},"5":{"name":"(anonymous_6)","decl":{"start":{"line":82,"column":23},"end":{"line":82,"column":24}},"loc":{"start":{"line":82,"column":34},"end":{"line":82,"column":null}}},"6":{"name":"(anonymous_7)","decl":{"start":{"line":88,"column":27},"end":{"line":88,"column":28}},"loc":{"start":{"line":89,"column":12},"end":{"line":89,"column":43}}}},"branchMap":{"0":{"loc":{"start":{"line":37,"column":4},"end":{"line":41,"column":null}},"type":"if","locations":[{"start":{"line":37,"column":4},"end":{"line":41,"column":null}},{"start":{"line":39,"column":11},"end":{"line":41,"column":null}}]},"1":{"loc":{"start":{"line":50,"column":22},"end":{"line":50,"column":null}},"type":"binary-expr","locations":[{"start":{"line":50,"column":22},"end":{"line":50,"column":47}},{"start":{"line":50,"column":47},"end":{"line":50,"column":null}}]},"2":{"loc":{"start":{"line":54,"column":10},"end":{"line":58,"column":null}},"type":"if","locations":[{"start":{"line":54,"column":10},"end":{"line":58,"column":null}},{"start":{"line":56,"column":17},"end":{"line":58,"column":null}}]},"3":{"loc":{"start":{"line":65,"column":15},"end":{"line":65,"column":null}},"type":"binary-expr","locations":[{"start":{"line":65,"column":15},"end":{"line":65,"column":44}},{"start":{"line":65,"column":44},"end":{"line":65,"column":null}}]},"4":{"loc":{"start":{"line":81,"column":15},"end":{"line":81,"column":null}},"type":"binary-expr","locations":[{"start":{"line":81,"column":15},"end":{"line":81,"column":43}},{"start":{"line":81,"column":43},"end":{"line":81,"column":null}}]}},"s":{"0":0,"1":0,"2":0,"3":0,"4":0,"5":0,"6":0,"7":0,"8":0,"9":0,"10":0,"11":0,"12":0,"13":0,"14":0,"15":0,"16":0,"17":0,"18":0,"19":0,"20":0,"21":0,"22":0,"23":0,"24":0,"25":0},"f":{"0":0,"1":0,"2":0,"3":0,"4":0,"5":0,"6":0},"b":{"0":[0,0],"1":[0,0],"2":[0,0],"3":[0,0],"4":[0,0]}}
,"/home/runner/work/my_publishing/my_publishing/app/(consumer)/books/page.tsx": {"path":"/home/runner/work/my_publishing/my_publishing/app/(consumer)/books/page.tsx","statementMap":{"0":{"start":{"line":67,"column":30},"end":{"line":67,"column":40}},"1":{"start":{"line":1,"column":25},"end":{"line":1,"column":null}},"2":{"start":{"line":2,"column":29},"end":{"line":2,"column":null}},"3":{"start":{"line":3,"column":26},"end":{"line":3,"column":null}},"4":{"start":{"line":4,"column":24},"end":{"line":4,"column":null}},"5":{"start":{"line":5,"column":25},"end":{"line":5,"column":null}},"6":{"start":{"line":6,"column":28},"end":{"line":6,"column":null}},"7":{"start":{"line":8,"column":25},"end":{"line":8,"column":null}},"8":{"start":{"line":21,"column":19},"end":{"line":21,"column":null}},"9":{"start":{"line":22,"column":14},"end":{"line":25,"column":null}},"10":{"start":{"line":28,"column":2},"end":{"line":32,"column":null}},"11":{"start":{"line":29,"column":4},"end":{"line":31,"column":null}},"12":{"start":{"line":35,"column":2},"end":{"line":37,"column":null}},"13":{"start":{"line":36,"column":4},"end":{"line":36,"column":null}},"14":{"start":{"line":40,"column":15},"end":{"line":40,"column":null}},"15":{"start":{"line":41,"column":20},"end":{"line":41,"column":null}},"16":{"start":{"line":42,"column":2},"end":{"line":42,"column":null}},"17":{"start":{"line":45,"column":15},"end":{"line":45,"column":null}},"18":{"start":{"line":46,"column":19},"end":{"line":46,"column":null}},"19":{"start":{"line":47,"column":2},"end":{"line":47,"column":null}},"20":{"start":{"line":49,"column":19},"end":{"line":49,"column":null}},"21":{"start":{"line":50,"column":2},"end":{"line":50,"column":null}},"22":{"start":{"line":57,"column":8},"end":{"line":57,"column":null}},"23":{"start":{"line":68,"column":16},"end":{"line":68,"column":null}},"24":{"start":{"line":83,"column":16},"end":{"line":83,"column":40}}},"fnMap":{"0":{"name":"getBooks","decl":{"start":{"line":20,"column":15},"end":{"line":20,"column":24}},"loc":{"start":{"line":20,"column":68},"end":{"line":51,"column":null}}},"1":{"name":"BookGridSkeleton","decl":{"start":{"line":53,"column":9},"end":{"line":53,"column":null}},"loc":{"start":{"line":53,"column":9},"end":{"line":65,"column":null}}},"2":{"name":"(anonymous_3)","decl":{"start":{"line":56,"column":38},"end":{"line":56,"column":39}},"loc":{"start":{"line":57,"column":8},"end":{"line":57,"column":null}}},"3":{"name":"BooksPage","decl":{"start":{"line":67,"column":30},"end":{"line":67,"column":40}},"loc":{"start":{"line":67,"column":72},"end":{"line":91,"column":null}}},"4":{"name":"(anonymous_5)","decl":{"start":{"line":82,"column":25},"end":{"line":82,"column":26}},"loc":{"start":{"line":83,"column":16},"end":{"line":83,"column":40}}}},"branchMap":{"0":{"loc":{"start":{"line":28,"column":2},"end":{"line":32,"column":null}},"type":"if","locations":[{"start":{"line":28,"column":2},"end":{"line":32,"column":null}}]},"1":{"loc":{"start":{"line":35,"column":2},"end":{"line":37,"column":null}},"type":"if","locations":[{"start":{"line":35,"column":2},"end":{"line":37,"column":null}}]},"2":{"loc":{"start":{"line":40,"column":15},"end":{"line":40,"column":null}},"type":"binary-expr","locations":[{"start":{"line":40,"column":15},"end":{"line":40,"column":32}},{"start":{"line":40,"column":36},"end":{"line":40,"column":null}}]},"3":{"loc":{"start":{"line":41,"column":20},"end":{"line":41,"column":null}},"type":"binary-expr","locations":[{"start":{"line":41,"column":20},"end":{"line":41,"column":40}},{"start":{"line":41,"column":40},"end":{"line":41,"column":null}}]},"4":{"loc":{"start":{"line":45,"column":24},"end":{"line":45,"column":null}},"type":"binary-expr","locations":[{"start":{"line":45,"column":24},"end":{"line":45,"column":41}},{"start":{"line":45,"column":45},"end":{"line":45,"column":null}}]},"5":{"loc":{"start":{"line":50,"column":9},"end":{"line":50,"column":41}},"type":"binary-expr","locations":[{"start":{"line":50,"column":9},"end":{"line":50,"column":38}},{"start":{"line":50,"column":39},"end":{"line":50,"column":41}}]},"6":{"loc":{"start":{"line":77,"column":12},"end":{"line":81,"column":13}},"type":"cond-expr","locations":[{"start":{"line":77,"column":12},"end":{"line":81,"column":13}}]}},"s":{"0":0,"1":0,"2":0,"3":0,"4":0,"5":0,"6":0,"7":0,"8":0,"9":0,"10":0,"11":0,"12":0,"13":0,"14":0,"15":0,"16":0,"17":0,"18":0,"19":0,"20":0,"21":0,"22":0,"23":0,"24":0},"f":{"0":0,"1":0,"2":0,"3":0,"4":0},"b":{"0":[0],"1":[0],"2":[0,0],"3":[0,0],"4":[0,0],"5":[0,0],"6":[0]}}
,"/home/runner/work/my_publishing/my_publishing/app/(consumer)/books/[slug]/loading.tsx": {"path":"/home/runner/work/my_publishing/my_publishing/app/(consumer)/books/[slug]/loading.tsx","statementMap":{"0":{"start":{"line":5,"column":24},"end":{"line":5,"column":null}},"1":{"start":{"line":1,"column":26},"end":{"line":1,"column":null}},"2":{"start":{"line":2,"column":24},"end":{"line":2,"column":null}},"3":{"start":{"line":3,"column":25},"end":{"line":3,"column":null}}},"fnMap":{"0":{"name":"Loading","decl":{"start":{"line":5,"column":24},"end":{"line":5,"column":null}},"loc":{"start":{"line":5,"column":24},"end":{"line":23,"column":null}}}},"branchMap":{},"s":{"0":0,"1":0,"2":0,"3":0},"f":{"0":0},"b":{}}
,"/home/runner/work/my_publishing/my_publishing/app/(consumer)/books/[slug]/page.tsx": {"path":"/home/runner/work/my_publishing/my_publishing/app/(consumer)/books/[slug]/page.tsx","statementMap":{"0":{"start":{"line":55,"column":30},"end":{"line":55,"column":45}},"1":{"start":{"line":40,"column":22},"end":{"line":40,"column":38}},"2":{"start":{"line":1,"column":25},"end":{"line":1,"column":null}},"3":{"start":{"line":2,"column":29},"end":{"line":2,"column":null}},"4":{"start":{"line":3,"column":26},"end":{"line":3,"column":null}},"5":{"start":{"line":4,"column":24},"end":{"line":4,"column":null}},"6":{"start":{"line":5,"column":23},"end":{"line":5,"column":null}},"7":{"start":{"line":6,"column":57},"end":{"line":6,"column":null}},"8":{"start":{"line":7,"column":25},"end":{"line":7,"column":null}},"9":{"start":{"line":8,"column":28},"end":{"line":8,"column":null}},"10":{"start":{"line":9,"column":28},"end":{"line":9,"column":null}},"11":{"start":{"line":10,"column":18},"end":{"line":10,"column":null}},"12":{"start":{"line":11,"column":17},"end":{"line":11,"column":null}},"13":{"start":{"line":16,"column":19},"end":{"line":16,"column":null}},"14":{"start":{"line":17,"column":19},"end":{"line":22,"column":null}},"15":{"start":{"line":24,"column":2},"end":{"line":24,"column":null}},"16":{"start":{"line":28,"column":19},"end":{"line":28,"column":null}},"17":{"start":{"line":29,"column":19},"end":{"line":35,"column":null}},"18":{"start":{"line":37,"column":2},"end":{"line":37,"column":null}},"19":{"start":{"line":41,"column":15},"end":{"line":41,"column":null}},"20":{"start":{"line":43,"column":2},"end":{"line":47,"column":null}},"21":{"start":{"line":44,"column":4},"end":{"line":46,"column":null}},"22":{"start":{"line":49,"column":2},"end":{"line":52,"column":null}},"23":{"start":{"line":56,"column":15},"end":{"line":56,"column":null}},"24":{"start":{"line":58,"column":2},"end":{"line":60,"column":null}},"25":{"start":{"line":59,"column":4},"end":{"line":59,"column":null}},"26":{"start":{"line":62,"column":23},"end":{"line":62,"column":null}},"27":{"start":{"line":162,"column":16},"end":{"line":162,"column":47}}},"fnMap":{"0":{"name":"getBook","decl":{"start":{"line":15,"column":15},"end":{"line":15,"column":23}},"loc":{"start":{"line":15,"column":35},"end":{"line":25,"column":null}}},"1":{"name":"getSimilarBooks","decl":{"start":{"line":27,"column":15},"end":{"line":27,"column":31}},"loc":{"start":{"line":27,"column":63},"end":{"line":38,"column":null}}},"2":{"name":"generateMetadata","decl":{"start":{"line":40,"column":22},"end":{"line":40,"column":38}},"loc":{"start":{"line":40,"column":79},"end":{"line":53,"column":null}}},"3":{"name":"BookDetailPage","decl":{"start":{"line":55,"column":30},"end":{"line":55,"column":45}},"loc":{"start":{"line":55,"column":85},"end":{"line":170,"column":1}}},"4":{"name":"(anonymous_8)","decl":{"start":{"line":161,"column":32},"end":{"line":161,"column":33}},"loc":{"start":{"line":162,"column":16},"end":{"line":162,"column":47}}}},"branchMap":{"0":{"loc":{"start":{"line":37,"column":9},"end":{"line":37,"column":19}},"type":"binary-expr","locations":[{"start":{"line":37,"column":9},"end":{"line":37,"column":17}},{"start":{"line":37,"column":17},"end":{"line":37,"column":19}}]},"1":{"loc":{"start":{"line":43,"column":2},"end":{"line":47,"column":null}},"type":"if","locations":[{"start":{"line":43,"column":2},"end":{"line":47,"column":null}}]},"2":{"loc":{"start":{"line":51,"column":17},"end":{"line":51,"column":117}},"type":"binary-expr","locations":[{"start":{"line":51,"column":17},"end":{"line":51,"column":33}},{"start":{"line":51,"column":37},"end":{"line":51,"column":117}}]},"3":{"loc":{"start":{"line":51,"column":62},"end":{"line":51,"column":115}},"type":"binary-expr","locations":[{"start":{"line":51,"column":62},"end":{"line":51,"column":91}},{"start":{"line":51,"column":95},"end":{"line":51,"column":115}}]},"4":{"loc":{"start":{"line":58,"column":2},"end":{"line":60,"column":null}},"type":"if","locations":[{"start":{"line":58,"column":2},"end":{"line":60,"column":null}}]},"5":{"loc":{"start":{"line":71,"column":15},"end":{"line":71,"column":29}},"type":"binary-expr","locations":[{"start":{"line":71,"column":15},"end":{"line":71,"column":29}}]},"6":{"loc":{"start":{"line":86,"column":19},"end":{"line":86,"column":72}},"type":"binary-expr","locations":[{"start":{"line":86,"column":19},"end":{"line":86,"column":48}},{"start":{"line":86,"column":52},"end":{"line":86,"column":72}}]},"7":{"loc":{"start":{"line":108,"column":18},"end":{"line":113,"column":19}},"type":"cond-expr","locations":[{"start":{"line":108,"column":18},"end":{"line":113,"column":19}}]},"8":{"loc":{"start":{"line":131,"column":15},"end":{"line":131,"column":36}},"type":"binary-expr","locations":[{"start":{"line":131,"column":15},"end":{"line":131,"column":36}}]},"9":{"loc":{"start":{"line":143,"column":16},"end":{"line":145,"column":17}},"type":"cond-expr","locations":[{"start":{"line":143,"column":16},"end":{"line":145,"column":17}}]},"10":{"loc":{"start":{"line":156,"column":7},"end":{"line":156,"column":null}},"type":"binary-expr","locations":[{"start":{"line":156,"column":7},"end":{"line":156,"column":null}}]}},"s":{"0":0,"1":0,"2":0,"3":0,"4":0,"5":0,"6":0,"7":0,"8":0,"9":0,"10":0,"11":0,"12":0,"13":0,"14":0,"15":0,"16":0,"17":0,"18":0,"19":0,"20":0,"21":0,"22":0,"23":0,"24":0,"25":0,"26":0,"27":0},"f":{"0":0,"1":0,"2":0,"3":0,"4":0},"b":{"0":[0,0],"1":[0],"2":[0,0],"3":[0,0],"4":[0],"5":[0],"6":[0,0],"7":[0],"8":[0],"9":[0],"10":[0]}}
,"/home/runner/work/my_publishing/my_publishing/app/(consumer)/discover/page.tsx": {"path":"/home/runner/work/my_publishing/my_publishing/app/(consumer)/discover/page.tsx","statementMap":{"0":{"start":{"line":7,"column":24},"end":{"line":7,"column":null}},"1":{"start":{"line":1,"column":26},"end":{"line":1,"column":null}},"2":{"start":{"line":2,"column":24},"end":{"line":2,"column":null}},"3":{"start":{"line":3,"column":23},"end":{"line":3,"column":null}},"4":{"start":{"line":4,"column":17},"end":{"line":4,"column":null}},"5":{"start":{"line":5,"column":74},"end":{"line":5,"column":null}}},"fnMap":{"0":{"name":"DiscoverPage","decl":{"start":{"line":7,"column":24},"end":{"line":7,"column":null}},"loc":{"start":{"line":7,"column":24},"end":{"line":41,"column":null}}}},"branchMap":{},"s":{"0":0,"1":0,"2":0,"3":0,"4":0,"5":0},"f":{"0":0},"b":{}}
,"/home/runner/work/my_publishing/my_publishing/app/(consumer)/discover/book-clubs/page.tsx": {"path":"/home/runner/work/my_publishing/my_publishing/app/(consumer)/discover/book-clubs/page.tsx","statementMap":{"0":{"start":{"line":5,"column":24},"end":{"line":5,"column":null}},"1":{"start":{"line":1,"column":26},"end":{"line":1,"column":null}},"2":{"start":{"line":2,"column":24},"end":{"line":2,"column":null}}},"fnMap":{"0":{"name":"BookClubsPage","decl":{"start":{"line":5,"column":24},"end":{"line":5,"column":null}},"loc":{"start":{"line":5,"column":24},"end":{"line":16,"column":null}}}},"branchMap":{},"s":{"0":0,"1":0,"2":0},"f":{"0":0},"b":{}}
,"/home/runner/work/my_publishing/my_publishing/app/(consumer)/discover/recommendations/page.tsx": {"path":"/home/runner/work/my_publishing/my_publishing/app/(consumer)/discover/recommendations/page.tsx","statementMap":{"0":{"start":{"line":23,"column":30},"end":{"line":23,"column":null}},"1":{"start":{"line":1,"column":25},"end":{"line":1,"column":null}},"2":{"start":{"line":2,"column":29},"end":{"line":2,"column":null}},"3":{"start":{"line":3,"column":26},"end":{"line":3,"column":null}},"4":{"start":{"line":4,"column":24},"end":{"line":4,"column":null}},"5":{"start":{"line":5,"column":25},"end":{"line":5,"column":null}},"6":{"start":{"line":6,"column":31},"end":{"line":6,"column":null}},"7":{"start":{"line":12,"column":19},"end":{"line":12,"column":null}},"8":{"start":{"line":13,"column":19},"end":{"line":18,"column":null}},"9":{"start":{"line":20,"column":2},"end":{"line":20,"column":null}},"10":{"start":{"line":24,"column":16},"end":{"line":24,"column":null}},"11":{"start":{"line":38,"column":16},"end":{"line":38,"column":40}}},"fnMap":{"0":{"name":"getRecommendations","decl":{"start":{"line":9,"column":15},"end":{"line":9,"column":null}},"loc":{"start":{"line":9,"column":15},"end":{"line":21,"column":null}}},"1":{"name":"RecommendationsPage","decl":{"start":{"line":23,"column":30},"end":{"line":23,"column":null}},"loc":{"start":{"line":23,"column":30},"end":{"line":46,"column":null}}},"2":{"name":"(anonymous_3)","decl":{"start":{"line":37,"column":25},"end":{"line":37,"column":26}},"loc":{"start":{"line":38,"column":16},"end":{"line":38,"column":40}}}},"branchMap":{"0":{"loc":{"start":{"line":20,"column":9},"end":{"line":20,"column":41}},"type":"binary-expr","locations":[{"start":{"line":20,"column":9},"end":{"line":20,"column":38}},{"start":{"line":20,"column":39},"end":{"line":20,"column":41}}]},"1":{"loc":{"start":{"line":32,"column":12},"end":{"line":36,"column":13}},"type":"cond-expr","locations":[{"start":{"line":32,"column":12},"end":{"line":36,"column":13}}]}},"s":{"0":0,"1":0,"2":0,"3":0,"4":0,"5":0,"6":0,"7":0,"8":0,"9":0,"10":0,"11":0},"f":{"0":0,"1":0,"2":0},"b":{"0":[0,0],"1":[0]}}
,"/home/runner/work/my_publishing/my_publishing/app/(consumer)/genres/page.tsx": {"path":"/home/runner/work/my_publishing/my_publishing/app/(consumer)/genres/page.tsx","statementMap":{"0":{"start":{"line":24,"column":30},"end":{"line":24,"column":null}},"1":{"start":{"line":1,"column":29},"end":{"line":1,"column":null}},"2":{"start":{"line":2,"column":26},"end":{"line":2,"column":null}},"3":{"start":{"line":3,"column":24},"end":{"line":3,"column":null}},"4":{"start":{"line":4,"column":26},"end":{"line":4,"column":null}},"5":{"start":{"line":5,"column":21},"end":{"line":5,"column":null}},"6":{"start":{"line":8,"column":19},"end":{"line":8,"column":null}},"7":{"start":{"line":9,"column":19},"end":{"line":12,"column":null}},"8":{"start":{"line":14,"column":46},"end":{"line":14,"column":null}},"9":{"start":{"line":15,"column":2},"end":{"line":17,"column":null}},"10":{"start":{"line":16,"column":4},"end":{"line":16,"column":null}},"11":{"start":{"line":19,"column":2},"end":{"line":21,"column":null}},"12":{"start":{"line":20,"column":30},"end":{"line":20,"column":null}},"13":{"start":{"line":21,"column":20},"end":{"line":21,"column":37}},"14":{"start":{"line":25,"column":17},"end":{"line":25,"column":null}},"15":{"start":{"line":33,"column":12},"end":{"line":33,"column":35}}},"fnMap":{"0":{"name":"getGenres","decl":{"start":{"line":7,"column":15},"end":{"line":7,"column":null}},"loc":{"start":{"line":7,"column":15},"end":{"line":22,"column":null}}},"1":{"name":"(anonymous_2)","decl":{"start":{"line":15,"column":16},"end":{"line":15,"column":17}},"loc":{"start":{"line":15,"column":17},"end":{"line":17,"column":null}}},"2":{"name":"(anonymous_3)","decl":{"start":{"line":20,"column":9},"end":{"line":20,"column":10}},"loc":{"start":{"line":20,"column":30},"end":{"line":20,"column":null}}},"3":{"name":"(anonymous_4)","decl":{"start":{"line":21,"column":10},"end":{"line":21,"column":11}},"loc":{"start":{"line":21,"column":20},"end":{"line":21,"column":37}}},"4":{"name":"GenresPage","decl":{"start":{"line":24,"column":30},"end":{"line":24,"column":null}},"loc":{"start":{"line":24,"column":30},"end":{"line":39,"column":null}}},"5":{"name":"(anonymous_6)","decl":{"start":{"line":32,"column":22},"end":{"line":32,"column":23}},"loc":{"start":{"line":33,"column":12},"end":{"line":33,"column":35}}}},"branchMap":{"0":{"loc":{"start":{"line":16,"column":31},"end":{"line":16,"column":63}},"type":"binary-expr","locations":[{"start":{"line":16,"column":31},"end":{"line":16,"column":54}},{"start":{"line":16,"column":58},"end":{"line":16,"column":63}}]}},"s":{"0":0,"1":0,"2":0,"3":0,"4":0,"5":0,"6":0,"7":0,"8":0,"9":0,"10":0,"11":0,"12":0,"13":0,"14":0,"15":0},"f":{"0":0,"1":0,"2":0,"3":0,"4":0,"5":0},"b":{"0":[0,0]}}
,"/home/runner/work/my_publishing/my_publishing/app/(consumer)/genres/[genre]/page.tsx": {"path":"/home/runner/work/my_publishing/my_publishing/app/(consumer)/genres/[genre]/page.tsx","statementMap":{"0":{"start":{"line":19,"column":30},"end":{"line":19,"column":40}},"1":{"start":{"line":1,"column":29},"end":{"line":1,"column":null}},"2":{"start":{"line":2,"column":26},"end":{"line":2,"column":null}},"3":{"start":{"line":3,"column":24},"end":{"line":3,"column":null}},"4":{"start":{"line":4,"column":25},"end":{"line":4,"column":null}},"5":{"start":{"line":8,"column":19},"end":{"line":8,"column":null}},"6":{"start":{"line":9,"column":19},"end":{"line":14,"column":null}},"7":{"start":{"line":16,"column":2},"end":{"line":16,"column":null}},"8":{"start":{"line":20,"column":16},"end":{"line":20,"column":null}},"9":{"start":{"line":21,"column":16},"end":{"line":21,"column":null}},"10":{"start":{"line":34,"column":14},"end":{"line":34,"column":38}}},"fnMap":{"0":{"name":"getBooksByGenre","decl":{"start":{"line":7,"column":15},"end":{"line":7,"column":31}},"loc":{"start":{"line":7,"column":44},"end":{"line":17,"column":null}}},"1":{"name":"GenrePage","decl":{"start":{"line":19,"column":30},"end":{"line":19,"column":40}},"loc":{"start":{"line":19,"column":81},"end":{"line":41,"column":null}}},"2":{"name":"(anonymous_3)","decl":{"start":{"line":33,"column":23},"end":{"line":33,"column":24}},"loc":{"start":{"line":34,"column":14},"end":{"line":34,"column":38}}}},"branchMap":{"0":{"loc":{"start":{"line":16,"column":9},"end":{"line":16,"column":41}},"type":"binary-expr","locations":[{"start":{"line":16,"column":9},"end":{"line":16,"column":38}},{"start":{"line":16,"column":39},"end":{"line":16,"column":41}}]},"1":{"loc":{"start":{"line":28,"column":10},"end":{"line":32,"column":11}},"type":"cond-expr","locations":[{"start":{"line":28,"column":10},"end":{"line":32,"column":11}}]}},"s":{"0":0,"1":0,"2":0,"3":0,"4":0,"5":0,"6":0,"7":0,"8":0,"9":0,"10":0},"f":{"0":0,"1":0,"2":0},"b":{"0":[0,0],"1":[0]}}
,"/home/runner/work/my_publishing/my_publishing/app/(consumer)/readers-hub/page.tsx": {"path":"/home/runner/work/my_publishing/my_publishing/app/(consumer)/readers-hub/page.tsx","statementMap":{"0":{"start":{"line":5,"column":24},"end":{"line":5,"column":null}},"1":{"start":{"line":1,"column":26},"end":{"line":1,"column":null}},"2":{"start":{"line":2,"column":24},"end":{"line":2,"column":null}},"3":{"start":{"line":3,"column":74},"end":{"line":3,"column":null}}},"fnMap":{"0":{"name":"ReadersHubPage","decl":{"start":{"line":5,"column":24},"end":{"line":5,"column":null}},"loc":{"start":{"line":5,"column":24},"end":{"line":42,"column":null}}}},"branchMap":{},"s":{"0":0,"1":0,"2":0,"3":0},"f":{"0":0},"b":{}}
,"/home/runner/work/my_publishing/my_publishing/app/(consumer)/reading/[bookId]/page.tsx": {"path":"/home/runner/work/my_publishing/my_publishing/app/(consumer)/reading/[bookId]/page.tsx","statementMap":{"0":{"start":{"line":12,"column":24},"end":{"line":12,"column":36}},"1":{"start":{"line":3,"column":36},"end":{"line":3,"column":null}},"2":{"start":{"line":4,"column":26},"end":{"line":4,"column":null}},"3":{"start":{"line":5,"column":29},"end":{"line":5,"column":null}},"4":{"start":{"line":6,"column":26},"end":{"line":6,"column":null}},"5":{"start":{"line":7,"column":23},"end":{"line":7,"column":null}},"6":{"start":{"line":8,"column":28},"end":{"line":8,"column":null}},"7":{"start":{"line":9,"column":31},"end":{"line":9,"column":null}},"8":{"start":{"line":13,"column":17},"end":{"line":13,"column":null}},"9":{"start":{"line":14,"column":19},"end":{"line":14,"column":null}},"10":{"start":{"line":15,"column":26},"end":{"line":15,"column":null}},"11":{"start":{"line":16,"column":34},"end":{"line":16,"column":null}},"12":{"start":{"line":17,"column":32},"end":{"line":17,"column":null}},"13":{"start":{"line":18,"column":48},"end":{"line":18,"column":null}},"14":{"start":{"line":20,"column":2},"end":{"line":54,"column":null}},"15":{"start":{"line":22,"column":33},"end":{"line":26,"column":null}},"16":{"start":{"line":28,"column":6},"end":{"line":30,"column":null}},"17":{"start":{"line":29,"column":8},"end":{"line":29,"column":null}},"18":{"start":{"line":34,"column":10},"end":{"line":34,"column":null}},"19":{"start":{"line":36,"column":6},"end":{"line":48,"column":null}},"20":{"start":{"line":37,"column":39},"end":{"line":42,"column":null}},"21":{"start":{"line":44,"column":8},"end":{"line":47,"column":null}},"22":{"start":{"line":45,"column":10},"end":{"line":45,"column":null}},"23":{"start":{"line":46,"column":10},"end":{"line":46,"column":null}},"24":{"start":{"line":50,"column":6},"end":{"line":50,"column":null}},"25":{"start":{"line":53,"column":4},"end":{"line":53,"column":null}},"26":{"start":{"line":56,"column":2},"end":{"line":78,"column":null}},"27":{"start":{"line":58,"column":21},"end":{"line":75,"column":null}},"28":{"start":{"line":59,"column":6},"end":{"line":59,"column":null}},"29":{"start":{"line":59,"column":21},"end":{"line":59,"column":null}},"30":{"start":{"line":63,"column":10},"end":{"line":63,"column":null}},"31":{"start":{"line":64,"column":6},"end":{"line":64,"column":null}},"32":{"start":{"line":64,"column":17},"end":{"line":64,"column":null}},"33":{"start":{"line":66,"column":6},"end":{"line":74,"column":null}},"34":{"start":{"line":77,"column":4},"end":{"line":77,"column":null}},"35":{"start":{"line":77,"column":17},"end":{"line":77,"column":null}},"36":{"start":{"line":80,"column":2},"end":{"line":86,"column":null}},"37":{"start":{"line":88,"column":2},"end":{"line":97,"column":null}},"38":{"start":{"line":93,"column":33},"end":{"line":93,"column":56}},"39":{"start":{"line":99,"column":29},"end":{"line":99,"column":null}},"40":{"start":{"line":108,"column":53},"end":{"line":108,"column":68}},"41":{"start":{"line":144,"column":29},"end":{"line":144,"column":null}},"42":{"start":{"line":150,"column":29},"end":{"line":150,"column":null}}},"fnMap":{"0":{"name":"ReadingPage","decl":{"start":{"line":12,"column":24},"end":{"line":12,"column":36}},"loc":{"start":{"line":12,"column":78},"end":{"line":159,"column":null}}},"1":{"name":"(anonymous_2)","decl":{"start":{"line":20,"column":12},"end":{"line":20,"column":null}},"loc":{"start":{"line":20,"column":12},"end":{"line":54,"column":5}}},"2":{"name":"loadBook","decl":{"start":{"line":21,"column":19},"end":{"line":21,"column":null}},"loc":{"start":{"line":21,"column":19},"end":{"line":51,"column":null}}},"3":{"name":"(anonymous_4)","decl":{"start":{"line":56,"column":12},"end":{"line":56,"column":null}},"loc":{"start":{"line":56,"column":12},"end":{"line":78,"column":5}}},"4":{"name":"(anonymous_5)","decl":{"start":{"line":58,"column":33},"end":{"line":58,"column":null}},"loc":{"start":{"line":58,"column":33},"end":{"line":75,"column":7}}},"5":{"name":"(anonymous_6)","decl":{"start":{"line":77,"column":11},"end":{"line":77,"column":17}},"loc":{"start":{"line":77,"column":17},"end":{"line":77,"column":null}}},"6":{"name":"(anonymous_7)","decl":{"start":{"line":93,"column":27},"end":{"line":93,"column":33}},"loc":{"start":{"line":93,"column":33},"end":{"line":93,"column":56}}},"7":{"name":"(anonymous_8)","decl":{"start":{"line":108,"column":47},"end":{"line":108,"column":53}},"loc":{"start":{"line":108,"column":53},"end":{"line":108,"column":68}}},"8":{"name":"(anonymous_9)","decl":{"start":{"line":144,"column":23},"end":{"line":144,"column":29}},"loc":{"start":{"line":144,"column":29},"end":{"line":144,"column":null}}},"9":{"name":"(anonymous_10)","decl":{"start":{"line":150,"column":23},"end":{"line":150,"column":29}},"loc":{"start":{"line":150,"column":29},"end":{"line":150,"column":null}}}},"branchMap":{"0":{"loc":{"start":{"line":28,"column":6},"end":{"line":30,"column":null}},"type":"if","locations":[{"start":{"line":28,"column":6},"end":{"line":30,"column":null}}]},"1":{"loc":{"start":{"line":36,"column":6},"end":{"line":48,"column":null}},"type":"if","locations":[{"start":{"line":36,"column":6},"end":{"line":48,"column":null}}]},"2":{"loc":{"start":{"line":44,"column":8},"end":{"line":47,"column":null}},"type":"if","locations":[{"start":{"line":44,"column":8},"end":{"line":47,"column":null}}]},"3":{"loc":{"start":{"line":59,"column":6},"end":{"line":59,"column":null}},"type":"if","locations":[{"start":{"line":59,"column":6},"end":{"line":59,"column":null}}]},"4":{"loc":{"start":{"line":64,"column":6},"end":{"line":64,"column":null}},"type":"if","locations":[{"start":{"line":64,"column":6},"end":{"line":64,"column":null}}]},"5":{"loc":{"start":{"line":80,"column":2},"end":{"line":86,"column":null}},"type":"if","locations":[{"start":{"line":80,"column":2},"end":{"line":86,"column":null}}]},"6":{"loc":{"start":{"line":88,"column":2},"end":{"line":97,"column":null}},"type":"if","locations":[{"start":{"line":88,"column":2},"end":{"line":97,"column":null}}]},"7":{"loc":{"start":{"line":99,"column":29},"end":{"line":99,"column":null}},"type":"cond-expr","locations":[{"start":{"line":99,"column":40},"end":{"line":99,"column":82}},{"start":{"line":99,"column":82},"end":{"line":99,"column":null}}]}},"s":{"0":0,"1":0,"2":0,"3":0,"4":0,"5":0,"6":0,"7":0,"8":0,"9":0,"10":0,"11":0,"12":0,"13":0,"14":0,"15":0,"16":0,"17":0,"18":0,"19":0,"20":0,"21":0,"22":0,"23":0,"24":0,"25":0,"26":0,"27":0,"28":0,"29":0,"30":0,"31":0,"32":0,"33":0,"34":0,"35":0,"36":0,"37":0,"38":0,"39":0,"40":0,"41":0,"42":0},"f":{"0":0,"1":0,"2":0,"3":0,"4":0,"5":0,"6":0,"7":0,"8":0,"9":0},"b":{"0":[0],"1":[0],"2":[0],"3":[0],"4":[0],"5":[0],"6":[0],"7":[0,0]}}
,"/home/runner/work/my_publishing/my_publishing/app/(portals)/layout.tsx": {"path":"/home/runner/work/my_publishing/my_publishing/app/(portals)/layout.tsx","statementMap":{"0":{"start":{"line":4,"column":24},"end":{"line":4,"column":38}},"1":{"start":{"line":1,"column":23},"end":{"line":1,"column":null}},"2":{"start":{"line":2,"column":23},"end":{"line":2,"column":null}}},"fnMap":{"0":{"name":"PortalsLayout","decl":{"start":{"line":4,"column":24},"end":{"line":4,"column":38}},"loc":{"start":{"line":4,"column":81},"end":{"line":12,"column":null}}}},"branchMap":{},"s":{"0":0,"1":0,"2":0},"f":{"0":0},"b":{}}
,"/home/runner/work/my_publishing/my_publishing/app/(portals)/author/analytics/page.tsx": {"path":"/home/runner/work/my_publishing/my_publishing/app/(portals)/author/analytics/page.tsx","statementMap":{"0":{"start":{"line":5,"column":24},"end":{"line":5,"column":null}},"1":{"start":{"line":1,"column":26},"end":{"line":1,"column":null}},"2":{"start":{"line":2,"column":24},"end":{"line":2,"column":null}}},"fnMap":{"0":{"name":"AnalyticsPage","decl":{"start":{"line":5,"column":24},"end":{"line":5,"column":null}},"loc":{"start":{"line":5,"column":24},"end":{"line":16,"column":null}}}},"branchMap":{},"s":{"0":0,"1":0,"2":0},"f":{"0":0},"b":{}}
,"/home/runner/work/my_publishing/my_publishing/app/(portals)/author/dashboard/page.tsx": {"path":"/home/runner/work/my_publishing/my_publishing/app/(portals)/author/dashboard/page.tsx","statementMap":{"0":{"start":{"line":62,"column":30},"end":{"line":62,"column":null}},"1":{"start":{"line":1,"column":25},"end":{"line":1,"column":null}},"2":{"start":{"line":2,"column":29},"end":{"line":2,"column":null}},"3":{"start":{"line":3,"column":26},"end":{"line":3,"column":null}},"4":{"start":{"line":4,"column":24},"end":{"line":4,"column":null}},"5":{"start":{"line":5,"column":57},"end":{"line":5,"column":null}},"6":{"start":{"line":6,"column":23},"end":{"line":6,"column":null}},"7":{"start":{"line":7,"column":17},"end":{"line":7,"column":null}},"8":{"start":{"line":11,"column":19},"end":{"line":11,"column":null}},"9":{"start":{"line":14,"column":6},"end":{"line":14,"column":null}},"10":{"start":{"line":16,"column":2},"end":{"line":18,"column":null}},"11":{"start":{"line":17,"column":4},"end":{"line":17,"column":null}},"12":{"start":{"line":20,"column":28},"end":{"line":24,"column":null}},"13":{"start":{"line":26,"column":2},"end":{"line":28,"column":null}},"14":{"start":{"line":27,"column":4},"end":{"line":27,"column":null}},"15":{"start":{"line":30,"column":27},"end":{"line":34,"column":null}},"16":{"start":{"line":36,"column":2},"end":{"line":38,"column":null}},"17":{"start":{"line":37,"column":4},"end":{"line":37,"column":null}},"18":{"start":{"line":40,"column":26},"end":{"line":43,"column":null}},"19":{"start":{"line":45,"column":32},"end":{"line":49,"column":null}},"20":{"start":{"line":52,"column":19},"end":{"line":52,"column":null}},"21":{"start":{"line":54,"column":2},"end":{"line":59,"column":null}},"22":{"start":{"line":63,"column":51},"end":{"line":63,"column":null}},"23":{"start":{"line":65,"column":2},"end":{"line":76,"column":null}},"24":{"start":{"line":128,"column":20},"end":{"line":128,"column":null}},"25":{"start":{"line":151,"column":20},"end":{"line":151,"column":null}}},"fnMap":{"0":{"name":"getAuthorData","decl":{"start":{"line":10,"column":15},"end":{"line":10,"column":null}},"loc":{"start":{"line":10,"column":15},"end":{"line":60,"column":null}}},"1":{"name":"AuthorDashboardPage","decl":{"start":{"line":62,"column":30},"end":{"line":62,"column":null}},"loc":{"start":{"line":62,"column":30},"end":{"line":168,"column":null}}},"2":{"name":"(anonymous_4)","decl":{"start":{"line":127,"column":41},"end":{"line":127,"column":42}},"loc":{"start":{"line":128,"column":20},"end":{"line":128,"column":null}}},"3":{"name":"(anonymous_5)","decl":{"start":{"line":150,"column":47},"end":{"line":150,"column":48}},"loc":{"start":{"line":151,"column":20},"end":{"line":151,"column":null}}}},"branchMap":{"0":{"loc":{"start":{"line":16,"column":2},"end":{"line":18,"column":null}},"type":"if","locations":[{"start":{"line":16,"column":2},"end":{"line":18,"column":null}}]},"1":{"loc":{"start":{"line":26,"column":2},"end":{"line":28,"column":null}},"type":"if","locations":[{"start":{"line":26,"column":2},"end":{"line":28,"column":null}}]},"2":{"loc":{"start":{"line":26,"column":6},"end":{"line":26,"column":63}},"type":"binary-expr","locations":[{"start":{"line":26,"column":6},"end":{"line":26,"column":36}},{"start":{"line":26,"column":36},"end":{"line":26,"column":63}}]},"3":{"loc":{"start":{"line":36,"column":2},"end":{"line":38,"column":null}},"type":"if","locations":[{"start":{"line":36,"column":2},"end":{"line":38,"column":null}}]},"4":{"loc":{"start":{"line":56,"column":11},"end":{"line":56,"column":34}},"type":"binary-expr","locations":[{"start":{"line":56,"column":11},"end":{"line":56,"column":31}},{"start":{"line":56,"column":32},"end":{"line":56,"column":34}}]},"5":{"loc":{"start":{"line":57,"column":17},"end":{"line":57,"column":52}},"type":"binary-expr","locations":[{"start":{"line":57,"column":17},"end":{"line":57,"column":49}},{"start":{"line":57,"column":50},"end":{"line":57,"column":52}}]},"6":{"loc":{"start":{"line":65,"column":2},"end":{"line":76,"column":null}},"type":"if","locations":[{"start":{"line":65,"column":2},"end":{"line":76,"column":null}}]},"7":{"loc":{"start":{"line":124,"column":16},"end":{"line":126,"column":17}},"type":"cond-expr","locations":[{"start":{"line":124,"column":16},"end":{"line":126,"column":17}}]},"8":{"loc":{"start":{"line":147,"column":16},"end":{"line":149,"column":17}},"type":"cond-expr","locations":[{"start":{"line":147,"column":16},"end":{"line":149,"column":17}}]}},"s":{"0":0,"1":0,"2":0,"3":0,"4":0,"5":0,"6":0,"7":0,"8":0,"9":0,"10":0,"11":0,"12":0,"13":0,"14":0,"15":0,"16":0,"17":0,"18":0,"19":0,"20":0,"21":0,"22":0,"23":0,"24":0,"25":0},"f":{"0":0,"1":0,"2":0,"3":0},"b":{"0":[0],"1":[0],"2":[0,0],"3":[0],"4":[0,0],"5":[0,0],"6":[0],"7":[0],"8":[0]}}
,"/home/runner/work/my_publishing/my_publishing/app/(portals)/author/projects/page.tsx": {"path":"/home/runner/work/my_publishing/my_publishing/app/(portals)/author/projects/page.tsx","statementMap":{"0":{"start":{"line":37,"column":30},"end":{"line":37,"column":null}},"1":{"start":{"line":1,"column":25},"end":{"line":1,"column":null}},"2":{"start":{"line":2,"column":29},"end":{"line":2,"column":null}},"3":{"start":{"line":3,"column":26},"end":{"line":3,"column":null}},"4":{"start":{"line":4,"column":24},"end":{"line":4,"column":null}},"5":{"start":{"line":5,"column":31},"end":{"line":5,"column":null}},"6":{"start":{"line":9,"column":19},"end":{"line":9,"column":null}},"7":{"start":{"line":12,"column":6},"end":{"line":12,"column":null}},"8":{"start":{"line":14,"column":2},"end":{"line":16,"column":null}},"9":{"start":{"line":15,"column":4},"end":{"line":15,"column":null}},"10":{"start":{"line":18,"column":27},"end":{"line":22,"column":null}},"11":{"start":{"line":24,"column":2},"end":{"line":26,"column":null}},"12":{"start":{"line":25,"column":4},"end":{"line":25,"column":null}},"13":{"start":{"line":28,"column":19},"end":{"line":32,"column":null}},"14":{"start":{"line":34,"column":2},"end":{"line":34,"column":null}},"15":{"start":{"line":38,"column":22},"end":{"line":38,"column":null}},"16":{"start":{"line":51,"column":14},"end":{"line":51,"column":50}}},"fnMap":{"0":{"name":"getManuscripts","decl":{"start":{"line":8,"column":15},"end":{"line":8,"column":null}},"loc":{"start":{"line":8,"column":15},"end":{"line":35,"column":null}}},"1":{"name":"ProjectsPage","decl":{"start":{"line":37,"column":30},"end":{"line":37,"column":null}},"loc":{"start":{"line":37,"column":30},"end":{"line":58,"column":null}}},"2":{"name":"(anonymous_3)","decl":{"start":{"line":50,"column":29},"end":{"line":50,"column":30}},"loc":{"start":{"line":51,"column":14},"end":{"line":51,"column":50}}}},"branchMap":{"0":{"loc":{"start":{"line":14,"column":2},"end":{"line":16,"column":null}},"type":"if","locations":[{"start":{"line":14,"column":2},"end":{"line":16,"column":null}}]},"1":{"loc":{"start":{"line":24,"column":2},"end":{"line":26,"column":null}},"type":"if","locations":[{"start":{"line":24,"column":2},"end":{"line":26,"column":null}}]},"2":{"loc":{"start":{"line":34,"column":9},"end":{"line":34,"column":37}},"type":"binary-expr","locations":[{"start":{"l
[...]
,"/home/runner/work/my_publishing/my_publishing/lib/utils/cn.ts": {"path":"/home/runner/work/my_publishing/my_publishing/lib/utils/cn.ts","statementMap":{"0":{"start":{"line":7,"column":16},"end":{"line":7,"column":19}},"1":{"start":{"line":1,"column":38},"end":{"line":1,"column":null}},"2":{"start":{"line":2,"column":24},"end":{"line":2,"column":null}},"3":{"start":{"line":8,"column":2},"end":{"line":8,"column":null}}},"fnMap":{"0":{"name":"cn","decl":{"start":{"line":7,"column":16},"end":{"line":7,"column":19}},"loc":{"start":{"line":7,"column":42},"end":{"line":9,"column":null}}}},"branchMap":{},"s":{"0":132,"1":7,"2":7,"3":132},"f":{"0":132},"b":{}}
,"/home/runner/work/my_publishing/my_publishing/lib/utils/currency.ts": {"path":"/home/runner/work/my_publishing/my_publishing/lib/utils/currency.ts","statementMap":{"0":{"start":{"line":19,"column":16},"end":{"line":19,"column":30}},"1":{"start":{"line":25,"column":16},"end":{"line":25,"column":37}},"2":{"start":{"line":39,"column":16},"end":{"line":39,"column":29}},"3":{"start":{"line":3,"column":50},"end":{"line":9,"column":null}},"4":{"start":{"line":11,"column":64},"end":{"line":17,"column":null}},"5":{"start":{"line":21,"column":18},"end":{"line":21,"column":null}},"6":{"start":{"line":22,"column":2},"end":{"line":22,"column":null}},"7":{"start":{"line":26,"column":18},"end":{"line":26,"column":null}},"8":{"start":{"line":27,"column":17},"end":{"line":27,"column":42}},"9":{"start":{"line":29,"column":2},"end":{"line":31,"column":null}},"10":{"start":{"line":30,"column":4},"end":{"line":30,"column":null}},"11":{"start":{"line":32,"column":2},"end":{"line":34,"column":null}},"12":{"start":{"line":33,"column":4},"end":{"line":33,"column":null}},"13":{"start":{"line":36,"column":2},"end":{"line":36,"column":null}},"14":{"start":{"line":41,"column":18},"end":{"line":41,"column":null}},"15":{"start":{"line":42,"column":18},"end":{"line":42,"column":null}},"16":{"start":{"line":43,"column":2},"end":{"line":43,"column":36}}},"fnMap":{"0":{"name":"formatCurrency","decl":{"start":{"line":19,"column":16},"end":{"line":19,"column":30}},"loc":{"start":{"line":19,"column":73},"end":{"line":23,"column":null}}},"1":{"name":"formatCurrencyCompact","decl":{"start":{"line":25,"column":16},"end":{"line":25,"column":37}},"loc":{"start":{"line":25,"column":80},"end":{"line":37,"column":null}}},"2":{"name":"parseCurrency","decl":{"start":{"line":39,"column":16},"end":{"line":39,"column":29}},"loc":{"start":{"line":39,"column":71},"end":{"line":44,"column":null}}}},"branchMap":{"0":{"loc":{"start":{"line":19,"column":47},"end":{"line":19,"column":73}},"type":"default-arg","locations":[{"start":{"line":19,"column":68},"end":{"line":19,"column":73}}]},"1":{"loc":{"start":{"line":25,"column":54},"end":{"line":25,"column":80}},"type":"default-arg","locations":[{"start":{"line":25,"column":75},"end":{"line":25,"column":80}}]},"2":{"loc":{"start":{"line":29,"column":2},"end":{"line":31,"column":null}},"type":"if","locations":[{"start":{"line":29,"column":2},"end":{"line":31,"column":null}}]},"3":{"loc":{"start":{"line":32,"column":2},"end":{"line":34,"column":null}},"type":"if","locations":[{"start":{"line":32,"column":2},"end":{"line":34,"column":null}}]},"4":{"loc":{"start":{"line":39,"column":45},"end":{"line":39,"column":71}},"type":"default-arg","locations":[{"start":{"line":39,"column":66},"end":{"line":39,"column":71}}]},"5":{"loc":{"start":{"line":42,"column":18},"end":{"line":42,"column":null}},"type":"binary-expr","locations":[{"start":{"line":42,"column":18},"end":{"line":42,"column":41}},{"start":{"line":42,"column":41},"end":{"line":42,"column":null}}]}},"s":{"0":0,"1":0,"2":0,"3":0,"4":0,"5":0,"6":0,"7":0,"8":0,"9":0,"10":0,"11":0,"12":0,"13":0,"14":0,"15":0,"16":0},"f":{"0":0,"1":0,"2":0},"b":{"0":[0],"1":[0],"2":[0],"3":[0],"4":[0],"5":[0,0]}}
,"/home/runner/work/my_publishing/my_publishing/lib/utils/date-ranges.ts": {"path":"/home/runner/work/my_publishing/my_publishing/lib/utils/date-ranges.ts","statementMap":{"0":{"start":{"line":8,"column":13},"end":{"line":8,"column":23}},"1":{"start":{"line":66,"column":16},"end":{"line":66,"column":31}},"2":{"start":{"line":1,"column":94},"end":{"line":1,"column":null}},"3":{"start":{"line":8,"column":26},"end":{"line":64,"column":null}},"4":{"start":{"line":9,"column":27},"end":{"line":12,"column":null}},"5":{"start":{"line":15,"column":22},"end":{"line":15,"column":null}},"6":{"start":{"line":16,"column":4},"end":{"line":19,"column":null}},"7":{"start":{"line":22,"column":31},"end":{"line":25,"column":null}},"8":{"start":{"line":27,"column":32},"end":{"line":30,"column":null}},"9":{"start":{"line":32,"column":30},"end":{"line":35,"column":null}},"10":{"start":{"line":37,"column":31},"end":{"line":40,"column":null}},"11":{"start":{"line":43,"column":22},"end":{"line":43,"column":null}},"12":{"start":{"line":44,"column":4},"end":{"line":47,"column":null}},"13":{"start":{"line":50,"column":32},"end":{"line":53,"column":null}},"14":{"start":{"line":55,"column":30},"end":{"line":58,"column":null}},"15":{"start":{"line":60,"column":48},"end":{"line":63,"column":null}},"16":{"start":{"line":67,"column":2},"end":{"line":67,"column":null}},"17":{"start":{"line":67,"column":32},"end":{"line":67,"column":null}},"18":{"start":{"line":69,"column":18},"end":{"line":69,"column":null}},"19":{"start":{"line":70,"column":16},"end":{"line":70,"column":null}},"20":{"start":{"line":72,"column":2},"end":{"line":72,"column":null}}},"fnMap":{"0":{"name":"(anonymous_3)","decl":{"start":{"line":9,"column":9},"end":{"line":9,"column":27}},"loc":{"start":{"line":9,"column":27},"end":{"line":12,"column":null}}},"1":{"name":"(anonymous_4)","decl":{"start":{"line":14,"column":13},"end":{"line":14,"column":null}},"loc":{"start":{"line":14,"column":13},"end":{"line":20,"column":null}}},"2":{"name":"(anonymous_5)","decl":{"start":{"line":22,"column":13},"end":{"line":22,"column":31}},"loc":{"start":{"line":22,"column":31},"end":{"line":25,"column":null}}},"3":{"name":"(anonymous_6)","decl":{"start":{"line":27,"column":14},"end":{"line":27,"column":32}},"loc":{"start":{"line":27,"column":32},"end":{"line":30,"column":null}}},"4":{"name":"(anonymous_7)","decl":{"start":{"line":32,"column":12},"end":{"line":32,"column":30}},"loc":{"start":{"line":32,"column":30},"end":{"line":35,"column":null}}},"5":{"name":"(anonymous_8)","decl":{"start":{"line":37,"column":13},"end":{"line":37,"column":31}},"loc":{"start":{"line":37,"column":31},"end":{"line":40,"column":null}}},"6":{"name":"(anonymous_9)","decl":{"start":{"line":42,"column":13},"end":{"line":42,"column":null}},"loc":{"start":{"line":42,"column":13},"end":{"line":48,"column":null}}},"7":{"name":"(anonymous_10)","decl":{"start":{"line":50,"column":14},"end":{"line":50,"column":32}},"loc":{"start":{"line":50,"column":32},"end":{"line":53,"column":null}}},"8":{"name":"(anonymous_11)","decl":{"start":{"line":55,"column":12},"end":{"line":55,"column":30}},"loc":{"start":{"line":55,"column":30},"end":{"line":58,"column":null}}},"9":{"name":"(anonymous_12)","decl":{"start":{"line":60,"column":10},"end":{"line":60,"column":11}},"loc":{"start":{"line":60,"column":48},"end":{"line":63,"column":null}}},"10":{"name":"formatDateRange","decl":{"start":{"line":66,"column":16},"end":{"line":66,"column":31}},"loc":{"start":{"line":66,"column":48},"end":{"line":73,"column":null}}}},"branchMap":{"0":{"loc":{"start":{"line":67,"column":2},"end":{"line":67,"column":null}},"type":"if","locations":[{"start":{"line":67,"column":2},"end":{"line":67,"column":null}}]},"1":{"loc":{"start":{"line":67,"column":6},"end":{"line":67,"column":30}},"type":"binary-expr","locations":[{"start":{"line":67,"column":6},"end":{"line":67,"column":17}},{"start":{"line":67,"column":21},"end":{"line":67,"column":30}}]}},"s":{"0":0,"1":0,"2":0,"3":0,"4":0,"5":0,"6":0,"7":0,"8":0,"9":0,"10":0,"11":0,"12":0,"13":0,"14":0,"15":0,"16":0,"17":0,"18":0,"19":0,"20":0},"f":{"0":0,"1":0,"2":0,"3":0,"4":0,"5":0,"6":0,"7":0,"8":0,"9":0,"10":0},"b":{"0":[0],"1":[0,0]}}
,"/home/runner/work/my_publishing/my_publishing/lib/utils/error-handler.ts": {"path":"/home/runner/work/my_publishing/my_publishing/lib/utils/error-handler.ts","statementMap":{"0":{"start":{"line":5,"column":13},"end":{"line":5,"column":21}},"1":{"start":{"line":16,"column":16},"end":{"line":16,"column":27}},"2":{"start":{"line":11,"column":4},"end":{"line":11,"column":null}},"3":{"start":{"line":8,"column":11},"end":{"line":8,"column":32}},"4":{"start":{"line":9,"column":11},"end":{"line":9,"column":24}},"5":{"start":{"line":12,"column":4},"end":{"line":12,"column":null}},"6":{"start":{"line":17,"column":2},"end":{"line":22,"column":null}},"7":{"start":{"line":18,"column":4},"end":{"line":21,"column":null}},"8":{"start":{"line":24,"column":2},"end":{"line":29,"column":null}},"9":{"start":{"line":25,"column":4},"end":{"line":28,"column":null}},"10":{"start":{"line":31,"column":2},"end":{"line":34,"column":null}}},"fnMap":{"0":{"name":"(anonymous_3)","decl":{"start":{"line":6,"column":2},"end":{"line":6,"column":null}},"loc":{"start":{"line":10,"column":4},"end":{"line":13,"column":null}}},"1":{"name":"handleError","decl":{"start":{"line":16,"column":16},"end":{"line":16,"column":27}},"loc":{"start":{"line":16,"column":42},"end":{"line":35,"column":null}}}},"branchMap":{"0":{"loc":{"start":{"line":8,"column":4},"end":{"line":8,"column":35}},"type":"default-arg","locations":[{"start":{"line":8,"column":32},"end":{"line":8,"column":35}}]},"1":{"loc":{"start":{"line":17,"column":2},"end":{"line":22,"column":null}},"type":"if","locations":[{"start":{"line":17,"column":2},"end":{"line":22,"column":null}}]},"2":{"loc":{"start":{"line":24,"column":2},"end":{"line":29,"column":null}},"type":"if","locations":[{"start":{"line":24,"column":2},"end":{"line":29,"column":null}}]}},"s":{"0":12,"1":11,"2":11,"3":11,"4":11,"5":11,"6":11,"7":6,"8":5,"9":1,"10":4},"f":{"0":11,"1":11},"b":{"0":[3],"1":[6],"2":[1]}}
,"/home/runner/work/my_publishing/my_publishing/lib/utils/format.ts": {"path":"/home/runner/work/my_publishing/my_publishing/lib/utils/format.ts","statementMap":{"0":{"start":{"line":14,"column":16},"end":{"line":14,"column":26}},"1":{"start":{"line":58,"column":16},"end":{"line":58,"column":30}},"2":{"start":{"line":41,"column":16},"end":{"line":41,"column":28}},"3":{"start":{"line":4,"column":16},"end":{"line":4,"column":27}},"4":{"start":{"line":25,"column":16},"end":{"line":25,"column":34}},"5":{"start":{"line":50,"column":16},"end":{"line":50,"column":28}},"6":{"start":{"line":5,"column":2},"end":{"line":8,"column":null}},"7":{"start":{"line":15,"column":2},"end":{"line":19,"column":null}},"8":{"start":{"line":26,"column":14},"end":{"line":26,"column":null}},"9":{"start":{"line":27,"column":15},"end":{"line":27,"column":null}},"10":{"start":{"line":28,"column":24},"end":{"line":28,"column":null}},"11":{"start":{"line":30,"column":2},"end":{"line":30,"column":null}},"12":{"start":{"line":30,"column":26},"end":{"line":30,"column":null}},"13":{"start":{"line":31,"column":2},"end":{"line":31,"column":null}},"14":{"start":{"line":31,"column":28},"end":{"line":31,"column":null}},"15":{"start":{"line":32,"column":2},"end":{"line":32,"column":null}},"16":{"start":{"line":32,"column":29},"end":{"line":32,"column":null}},"17":{"start":{"line":33,"column":2},"end":{"line":33,"column":null}},"18":{"start":{"line":33,"column":30},"end":{"line":33,"column":null}},"19":{"start":{"line":35,"column":2},"end":{"line":35,"column":null}},"20":{"start":{"line":42,"column":2},"end":{"line":42,"column":null}},"21":{"start":{"line":42,"column":22},"end":{"line":42,"column":null}},"22":{"start":{"line":43,"column":2},"end":{"line":43,"column":null}},"23":{"start":{"line":43,"column":19},"end":{"line":43,"column":null}},"24":{"start":{"line":44,"column":2},"end":{"line":44,"column":null}},"25":{"start":{"line":51,"column":2},"end":{"line":51,"column":null}},"26":{"start":{"line":51,"column":32},"end":{"line":51,"column":null}},"27":{"start":{"line":52,"column":2},"end":{"line":52,"column":null}},"28":{"start":{"line":59,"column":16},"end":{"line":59,"column":null}},"29":{"start":{"line":60,"column":18},"end":{"line":60,"column":null}},"30":{"start":{"line":61,"column":15},"end":{"line":61,"column":null}},"31":{"start":{"line":63,"column":2},"end":{"line":65,"column":null}},"32":{"start":{"line":64,"column":4},"end":{"line":64,"column":null}},"33":{"start":{"line":66,"column":2},"end":{"line":66,"column":null}}},"fnMap":{"0":{"name":"formatPrice","decl":{"start":{"line":4,"column":16},"end":{"line":4,"column":27}},"loc":{"start":{"line":4,"column":68},"end":{"line":9,"column":null}}},"1":{"name":"formatDate","decl":{"start":{"line":14,"column":16},"end":{"line":14,"column":26}},"loc":{"start":{"line":14,"column":46},"end":{"line":20,"column":null}}},"2":{"name":"formatRelativeTime","decl":{"start":{"line":25,"column":16},"end":{"line":25,"column":34}},"loc":{"start":{"line":25,"column":54},"end":{"line":36,"column":null}}},"3":{"name":"formatNumber","decl":{"start":{"line":41,"column":16},"end":{"line":41,"column":28}},"loc":{"start":{"line":41,"column":40},"end":{"line":45,"column":null}}},"4":{"name":"truncateText","decl":{"start":{"line":50,"column":16},"end":{"line":50,"column":28}},"loc":{"start":{"line":50,"column":60},"end":{"line":53,"column":null}}},"5":{"name":"formatDuration","decl":{"start":{"line":58,"column":16},"end":{"line":58,"column":30}},"loc":{"start":{"line":58,"column":46},"end":{"line":67,"column":null}}}},"branchMap":{"0":{"loc":{"start":{"line":4,"column":44},"end":{"line":4,"column":68}},"type":"default-arg","locations":[{"start":{"line":4,"column":63},"end":{"line":4,"column":68}}]},"1":{"loc":{"start":{"line":30,"column":2},"end":{"line":30,"column":null}},"type":"if","locations":[{"start":{"line":30,"column":2},"end":{"line":30,"column":null}}]},"2":{"loc":{"start":{"line":31,"column":2},"end":{"line":31,"column":null}},"type":"if","locations":[{"start":{"line":31,"column":2},"end":{"line":31,"column":null}}]},"3":{"loc":{"start":{"line":32,"column":2},"end":{"line":32,"column":null}},"type":"if","locations":[{"start":{"line":32,"column":2},"end":{"line":32,"column":null}}]},"4":{"loc":{"start":{"line":33,"column":2},"end":{"line":33,"column":null}},"type":"if","locations":[{"start":{"line":33,"column":2},"end":{"line":33,"column":null}}]},"5":{"loc":{"start":{"line":42,"column":2},"end":{"line":42,"column":null}},"type":"if","locations":[{"start":{"line":42,"column":2},"end":{"line":42,"column":null}}]},"6":{"loc":{"start":{"line":43,"column":2},"end":{"line":43,"column":null}},"type":"if","locations":[{"start":{"line":43,"column":2},"end":{"line":43,"column":null}}]},"7":{"loc":{"start":{"line":51,"column":2},"end":{"line":51,"column":null}},"type":"if","locations":[{"start":{"line":51,"column":2},"end":{"line":51,"column":null}}]},"8":{"loc":{"start":{"line":63,"column":2},"end":{"line":65,"column":null}},"type":"if","locations":[{"start":{"line":63,"column":2},"end":{"line":65,"column":null}}]}},"s":{"0":3,"1":7,"2":7,"3":6,"4":5,"5":3,"6":6,"7":4,"8":5,"9":5,"10":5,"11":5,"12":1,"13":4,"14":1,"15":3,"16":1,"17":2,"18":1,"19":1,"20":7,"21":2,"22":5,"23":3,"24":2,"25":3,"26":2,"27":1,"28":7,"29":7,"30":7,"31":7,"32":3,"33":4},"f":{"0":6,"1":4,"2":5,"3":7,"4":3,"5":7},"b":{"0":[6],"1":[1],"2":[1],"3":[1],"4":[1],"5":[2],"6":[3],"7":[2],"8":[3]}}
,"/home/runner/work/my_publishing/my_publishing/lib/utils/image-utils.ts": {"path":"/home/runner/work/my_publishing/my_publishing/lib/utils/image-utils.ts","statementMap":{"0":{"start":{"line":8,"column":16},"end":{"line":8,"column":36}},"1":{"start":{"line":19,"column":16},"end":{"line":19,"column":33}},"2":{"start":{"line":10,"column":2},"end":{"line":12,"column":null}},"3":{"start":{"line":11,"column":4},"end":{"line":11,"column":null}},"4":{"start":{"line":13,"column":2},"end":{"line":13,"column":null}},"5":{"start":{"line":20,"column":21},"end":{"line":20,"column":null}},"6":{"start":{"line":21,"column":18},"end":{"line":21,"column":35}},"7":{"start":{"line":23,"column":2},"end":{"line":25,"column":null}},"8":{"start":{"line":24,"column":4},"end":{"line":24,"column":null}},"9":{"start":{"line":27,"column":2},"end":{"line":29,"column":null}},"10":{"start":{"line":28,"column":4},"end":{"line":28,"column":null}},"11":{"start":{"line":31,"column":2},"end":{"line":31,"column":null}}},"fnMap":{"0":{"name":"getOptimizedImageUrl","decl":{"start":{"line":8,"column":16},"end":{"line":8,"column":36}},"loc":{"start":{"line":8,"column":81},"end":{"line":14,"column":null}}},"1":{"name":"validateImageFile","decl":{"start":{"line":19,"column":16},"end":{"line":19,"column":33}},"loc":{"start":{"line":19,"column":44},"end":{"line":32,"column":null}}}},"branchMap":{"0":{"loc":{"start":{"line":10,"column":2},"end":{"line":12,"column":null}},"type":"if","locations":[{"start":{"line":10,"column":2},"end":{"line":12,"column":null}}]},"1":{"loc":{"start":{"line":10,"column":6},"end":{"line":10,"column":23}},"type":"binary-expr","locations":[{"start":{"line":10,"column":6},"end":{"line":10,"column":15}},{"start":{"line":10,"column":15},"end":{"line":10,"column":23}}]},"2":{"loc":{"start":{"line":11,"column":23},"end":{"line":11,"column":39}},"type":"binary-expr","locations":[{"start":{"line":11,"column":23},"end":{"line":11,"column":32}},{"start":{"line":11,"column":32},"end":{"line":11,"column":39}}]},"3":{"loc":{"start":{"line":11,"column":44},"end":{"line":11,"column":61}},"type":"binary-expr","locations":[{"start":{"line":11,"column":44},"end":{"line":11,"column":54}},{"start":{"line":11,"column":54},"end":{"line":11,"column":61}}]},"4":{"loc":{"start":{"line":23,"column":2},"end":{"line":25,"column":null}},"type":"if","locations":[{"start":{"line":23,"column":2},"end":{"line":25,"column":null}}]},"5":{"loc":{"start":{"line":27,"column":2},"end":{"line":29,"column":null}},"type":"if","locations":[{"start":{"line":27,"column":2},"end":{"line":29,"column":null}}]}},"s":{"0":0,"1":0,"2":0,"3":0,"4":0,"5":0,"6":0,"7":0,"8":0,"9":0,"10":0,"11":0},"f":{"0":0,"1":0},"b":{"0":[0],"1":[0,0],"2":[0,0],"3":[0,0],"4":[0],"5":[0]}}
,"/home/runner/work/my_publishing/my_publishing/lib/utils/validation.ts": {"path":"/home/runner/work/my_publishing/my_publishing/lib/utils/validation.ts","statementMap":{"0":{"start":{"line":14,"column":13},"end":{"line":14,"column":23}},"1":{"start":{"line":7,"column":13},"end":{"line":7,"column":24}},"2":{"start":{"line":22,"column":13},"end":{"line":22,"column":29}},"3":{"start":{"line":9,"column":13},"end":{"line":9,"column":27}},"4":{"start":{"line":1,"column":18},"end":{"line":1,"column":null}},"5":{"start":{"line":7,"column":27},"end":{"line":7,"column":null}},"6":{"start":{"line":9,"column":30},"end":{"line":12,"column":null}},"7":{"start":{"line":14,"column":26},"end":{"line":20,"column":null}},"8":{"start":{"line":22,"column":32},"end":{"line":27,"column":null}}},"fnMap":{},"branchMap":{},"s":{"0":7,"1":7,"2":7,"3":6,"4":1,"5":1,"6":1,"7":1,"8":1},"f":{},"b":{}}
}
