TN:
SF:app/error.tsx
FN:7,Error
FN:14,(anonymous_3)
FNF:2
FNH:0
FNDA:0,Error
FNDA:0,(anonymous_3)
DA:3,0
DA:4,0
DA:5,0
DA:7,0
DA:14,0
DA:16,0
LF:6
LH:0
BRDA:24,0,0,0
BRDA:24,0,1,0
BRF:2
BRH:0
end_of_record
TN:
SF:app/layout.tsx
FN:21,RootLayout
FNF:1
FNH:0
FNDA:0,RootLayout
DA:2,0
DA:3,0
DA:4,0
DA:5,0
DA:6,0
DA:8,0
DA:15,0
DA:21,0
LF:8
LH:0
BRF:0
BRH:0
end_of_record
TN:
SF:app/loading.tsx
FN:3,Loading
FNF:1
FNH:0
FNDA:0,Loading
DA:1,0
DA:3,0
LF:2
LH:0
BRF:0
BRH:0
end_of_record
TN:
SF:app/not-found.tsx
FN:4,NotFound
FNF:1
FNH:0
FNDA:0,NotFound
DA:1,0
DA:2,0
DA:4,0
LF:3
LH:0
BRF:0
BRH:0
end_of_record
TN:
SF:app/page.tsx
FN:15,getFeaturedBooks
FN:28,getTrendingBooks
FN:40,BookGrid
FN:51,(anonymous_5)
FN:58,HomePage
FNF:5
FNH:0
FNDA:0,getFeaturedBooks
FNDA:0,getTrendingBooks
FNDA:0,BookGrid
FNDA:0,(anonymous_5)
FNDA:0,HomePage
DA:1,0
DA:2,0
DA:3,0
DA:4,0
DA:5,0
DA:6,0
DA:7,0
DA:8,0
DA:9,0
DA:10,0
DA:11,0
DA:12,0
DA:16,0
DA:17,0
DA:25,0
DA:29,0
DA:30,0
DA:37,0
DA:41,0
DA:52,0
DA:58,0
DA:59,0
DA:60,0
DA:61,0
LF:24
LH:0
BRDA:25,0,0,0
BRDA:25,0,1,0
BRDA:37,1,0,0
BRDA:37,1,1,0
BRDA:41,2,0,0
BRDA:61,3,0,0
BRDA:61,3,1,0
BRDA:70,4,0,0
BRDA:70,4,1,0
BRDA:71,5,0,0
BRDA:71,5,1,0
BRDA:77,6,0,0
BRDA:83,7,0,0
BRDA:83,7,1,0
BRF:14
BRH:0
end_of_record
TN:
SF:app/providers.tsx
FN:7,Providers
FNF:1
FNH:0
FNDA:0,Providers
DA:3,0
DA:4,0
DA:5,0
DA:7,0
LF:4
LH:0
BRF:0
BRH:0
end_of_record
TN:
SF:app/robots.ts
FN:3,robots
FNF:1
FNH:0
FNDA:0,robots
DA:3,0
DA:4,0
DA:6,0
LF:3
LH:0
BRDA:4,0,0,0
BRDA:4,0,1,0
BRF:2
BRH:0
end_of_record
TN:
SF:app/sitemap.ts
FN:4,sitemap
FN:16,(anonymous_2)
FNF:2
FNH:0
FNDA:0,sitemap
FNDA:0,(anonymous_2)
DA:2,0
DA:4,0
DA:5,0
DA:8,0
DA:14,0
DA:16,0
DA:23,0
LF:7
LH:0
BRDA:14,0,0,0
BRDA:14,0,1,0
BRDA:16,1,0,0
BRDA:16,1,1,0
BRDA:17,2,0,0
BRDA:17,2,1,0
BRF:6
BRH:0
end_of_record
TN:
SF:app/(auth)/layout.tsx
FN:1,AuthLayout
FNF:1
FNH:0
FNDA:0,AuthLayout
DA:1,0
LF:1
LH:0
BRF:0
BRH:0
end_of_record
TN:
SF:app/(auth)/callback/route.ts
FN:5,GET
FNF:1
FNH:0
FNDA:0,GET
DA:1,0
DA:2,0
DA:5,0
DA:6,0
DA:7,0
DA:9,0
DA:10,0
DA:11,0
DA:14,0
LF:9
LH:0
BRDA:9,0,0,0
BRF:1
BRH:0
end_of_record
TN:
SF:app/(auth)/login/LoginForm.tsx
FN:20,LoginForm
FN:33,(anonymous_2)
FNF:2
FNH:0
FNDA:0,LoginForm
FNDA:0,(anonymous_2)
DA:3,0
DA:4,0
DA:5,0
DA:6,0
DA:7,0
DA:8,0
DA:9,0
DA:10,0
DA:11,0
DA:13,0
DA:20,0
DA:21,0
DA:22,0
DA:23,0
DA:29,0
DA:33,0
DA:34,0
DA:35,0
DA:37,0
DA:38,0
DA:39,0
DA:40,0
DA:42,0
DA:44,0
DA:45,0
DA:47,0
DA:48,0
DA:51,0
DA:53,0
LF:29
LH:0
BRDA:44,0,0,0
BRDA:44,0,1,0
BRDA:59,1,0,0
BRDA:75,2,0,0
BRDA:90,3,0,0
BRDA:95,4,0,0
BRDA:95,4,1,0
BRF:7
BRH:0
end_of_record
TN:
SF:app/(auth)/login/actions.ts
FN:7,signIn
FNF:1
FNH:0
FNDA:0,signIn
DA:3,0
DA:4,0
DA:7,0
DA:8,0
DA:9,0
DA:11,0
DA:12,0
DA:15,0
DA:17,0
DA:22,0
DA:23,0
DA:26,0
DA:27,0
LF:13
LH:0
BRDA:11,0,0,0
BRDA:11,1,0,0
BRDA:11,1,1,0
BRDA:22,2,0,0
BRF:4
BRH:0
end_of_record
TN:
SF:app/(auth)/login/page.tsx
FN:11,LoginPage
FNF:1
FNH:0
FNDA:0,LoginPage
DA:2,0
DA:3,0
DA:4,0
DA:6,0
DA:11,0
LF:5
LH:0
BRF:0
BRH:0
end_of_record
TN:
SF:app/(auth)/register/RegisterForm.tsx
FN:20,(anonymous_1)
FN:27,RegisterForm
FN:40,(anonymous_3)
FNF:3
FNH:0
FNDA:0,(anonymous_1)
FNDA:0,RegisterForm
FNDA:0,(anonymous_3)
DA:3,0
DA:4,0
DA:5,0
DA:6,0
DA:7,0
DA:8,0
DA:9,0
DA:10,0
DA:11,0
DA:13,0
DA:20,0
DA:27,0
DA:28,0
DA:29,0
DA:30,0
DA:36,0
DA:40,0
DA:41,0
DA:42,0
DA:44,0
DA:45,0
DA:46,0
DA:47,0
DA:48,0
DA:50,0
DA:52,0
DA:53,0
DA:55,0
DA:56,0
DA:59,0
DA:61,0
LF:31
LH:0
BRDA:52,0,0,0
BRDA:52,0,1,0
BRDA:67,1,0,0
BRDA:83,2,0,0
BRDA:98,3,0,0
BRDA:113,4,0,0
BRDA:128,5,0,0
BRDA:133,6,0,0
BRDA:133,6,1,0
BRF:9
BRH:0
end_of_record
TN:
SF:app/(auth)/register/actions.ts
FN:6,registerUser
FNF:1
FNH:0
FNDA:0,registerUser
DA:3,0
DA:4,0
DA:6,0
DA:7,0
DA:8,0
DA:9,0
DA:11,0
DA:12,0
DA:15,0
DA:17,0
DA:22,0
DA:23,0
DA:26,0
DA:27,0
DA:31,0
DA:39,0
DA:40,0
DA:43,0
DA:44,0
LF:19
LH:0
BRDA:11,0,0,0
BRDA:11,1,0,0
BRDA:11,1,1,0
BRDA:11,1,2,0
BRDA:22,2,0,0
BRDA:26,3,0,0
BRDA:39,4,0,0
BRF:7
BRH:0
end_of_record
TN:
SF:app/(auth)/register/page.tsx
FN:11,RegisterPage
FNF:1
FNH:0
FNDA:0,RegisterPage
DA:2,0
DA:3,0
DA:4,0
DA:6,0
DA:11,0
LF:5
LH:0
BRF:0
BRH:0
end_of_record
TN:
SF:app/(auth)/reset-password/ResetPasswordForm.tsx
FN:18,ResetPasswordForm
FN:31,(anonymous_2)
FNF:2
FNH:0
FNDA:0,ResetPasswordForm
FNDA:0,(anonymous_2)
DA:3,0
DA:4,0
DA:5,0
DA:6,0
DA:7,0
DA:8,0
DA:9,0
DA:10,0
DA:12,0
DA:18,0
DA:19,0
DA:20,0
DA:21,0
DA:27,0
DA:31,0
DA:32,0
DA:33,0
DA:34,0
DA:36,0
DA:37,0
DA:38,0
DA:40,0
DA:42,0
DA:43,0
DA:45,0
DA:48,0
DA:50,0
DA:54,0
LF:28
LH:0
BRDA:42,0,0,0
BRDA:42,0,1,0
BRDA:54,1,0,0
BRDA:64,2,0,0
BRDA:80,3,0,0
BRDA:85,4,0,0
BRDA:85,4,1,0
BRF:7
BRH:0
end_of_record
TN:
SF:app/(auth)/reset-password/actions.ts
FN:5,resetPassword
FNF:1
FNH:0
FNDA:0,resetPassword
DA:3,0
DA:5,0
DA:6,0
DA:8,0
DA:9,0
DA:12,0
DA:14,0
DA:18,0
DA:19,0
DA:22,0
LF:10
LH:0
BRDA:8,0,0,0
BRDA:15,1,0,0
BRDA:15,1,1,0
BRDA:18,2,0,0
BRF:4
BRH:0
end_of_record
TN:
SF:app/(auth)/reset-password/page.tsx
FN:11,ResetPasswordPage
FNF:1
FNH:0
FNDA:0,ResetPasswordPage
DA:2,0
DA:3,0
DA:4,0
DA:6,0
DA:11,0
LF:5
LH:0
BRF:0
BRH:0
end_of_record
TN:
SF:app/(consumer)/layout.tsx
FN:4,ConsumerLayout
FNF:1
FNH:0
FNDA:0,ConsumerLayout
DA:1,0
DA:2,0
DA:4,0
LF:3
LH:0
BRF:0
BRH:0
end_of_record
TN:
SF:app/(consumer)/audio/page.tsx
FN:7,getAudiobooks
FN:18,AudioPage
FN:31,(anonymous_3)
FNF:3
FNH:0
FNDA:0,getAudiobooks
FNDA:0,AudioPage
FNDA:0,(anonymous_3)
DA:1,0
DA:2,0
DA:3,0
DA:4,0
DA:8,0
DA:9,0
DA:15,0
DA:18,0
DA:19,0
DA:32,0
LF:10
LH:0
BRDA:15,0,0,0
BRDA:15,0,1,0
BRDA:26,1,0,0
BRF:3
BRH:0
end_of_record
TN:
SF:app/(consumer)/audio/[id]/page.tsx
FN:9,getAudiobook
FN:25,AudiobookPage
FNF:2
FNH:0
FNDA:0,getAudiobook
FNDA:0,AudiobookPage
DA:1,0
DA:2,0
DA:3,0
DA:4,0
DA:5,0
DA:6,0
DA:10,0
DA:11,0
DA:18,0
DA:19,0
DA:22,0
DA:25,0
DA:26,0
DA:28,0
DA:29,0
LF:15
LH:0
BRDA:18,0,0,0
BRDA:18,1,0,0
BRDA:18,1,1,0
BRDA:28,2,0,0
BRDA:28,3,0,0
BRDA:28,3,1,0
BRDA:37,4,0,0
BRDA:50,5,0,0
BRDA:50,5,1,0
BRF:9
BRH:0
end_of_record
TN:
SF:app/(consumer)/books/BookFilters.tsx
FN:31,BookFilters
FN:35,(anonymous_2)
FN:51,(anonymous_3)
FN:66,(anonymous_4)
FN:73,(anonymous_5)
FN:82,(anonymous_6)
FN:88,(anonymous_7)
FNF:7
FNH:0
FNDA:0,BookFilters
FNDA:0,(anonymous_2)
FNDA:0,(anonymous_3)
FNDA:0,(anonymous_4)
FNDA:0,(anonymous_5)
FNDA:0,(anonymous_6)
FNDA:0,(anonymous_7)
DA:3,0
DA:4,0
DA:5,0
DA:8,0
DA:23,0
DA:31,0
DA:32,0
DA:33,0
DA:35,0
DA:36,0
DA:37,0
DA:38,0
DA:40,0
DA:42,0
DA:43,0
DA:52,0
DA:53,0
DA:54,0
DA:55,0
DA:57,0
DA:59,0
DA:60,0
DA:66,0
DA:74,0
DA:82,0
DA:89,0
LF:26
LH:0
BRDA:37,0,0,0
BRDA:37,0,1,0
BRDA:50,1,0,0
BRDA:50,1,1,0
BRDA:54,2,0,0
BRDA:54,2,1,0
BRDA:65,3,0,0
BRDA:65,3,1,0
BRDA:81,4,0,0
BRDA:81,4,1,0
BRF:10
BRH:0
end_of_record
TN:
SF:app/(consumer)/books/page.tsx
FN:20,getBooks
FN:53,BookGridSkeleton
FN:56,(anonymous_3)
FN:67,BooksPage
FN:82,(anonymous_5)
FNF:5
FNH:0
FNDA:0,getBooks
FNDA:0,BookGridSkeleton
FNDA:0,(anonymous_3)
FNDA:0,BooksPage
FNDA:0,(anonymous_5)
DA:1,0
DA:2,0
DA:3,0
DA:4,0
DA:5,0
DA:6,0
DA:8,0
DA:21,0
DA:22,0
DA:28,0
DA:29,0
DA:35,0
DA:36,0
DA:40,0
DA:41,0
DA:42,0
DA:45,0
DA:46,0
DA:47,0
DA:49,0
DA:50,0
DA:57,0
DA:67,0
DA:68,0
DA:83,0
LF:25
LH:0
BRDA:28,0,0,0
BRDA:35,1,0,0
BRDA:40,2,0,0
BRDA:40,2,1,0
BRDA:41,3,0,0
BRDA:41,3,1,0
BRDA:45,4,0,0
BRDA:45,4,1,0
BRDA:50,5,0,0
BRDA:50,5,1,0
BRDA:77,6,0,0
BRF:11
BRH:0
end_of_record
TN:
SF:app/(consumer)/books/[slug]/loading.tsx
FN:5,Loading
FNF:1
FNH:0
FNDA:0,Loading
DA:1,0
DA:2,0
DA:3,0
DA:5,0
LF:4
LH:0
BRF:0
BRH:0
end_of_record
TN:
SF:app/(consumer)/books/[slug]/page.tsx
FN:15,getBook
FN:27,getSimilarBooks
FN:40,generateMetadata
FN:55,BookDetailPage
FN:161,(anonymous_8)
FNF:5
FNH:0
FNDA:0,getBook
FNDA:0,getSimilarBooks
FNDA:0,generateMetadata
FNDA:0,BookDetailPage
FNDA:0,(anonymous_8)
DA:1,0
DA:2,0
DA:3,0
DA:4,0
DA:5,0
DA:6,0
DA:7,0
DA:8,0
DA:9,0
DA:10,0
DA:11,0
DA:16,0
DA:17,0
DA:24,0
DA:28,0
DA:29,0
DA:37,0
DA:40,0
DA:41,0
DA:43,0
DA:44,0
DA:49,0
DA:55,0
DA:56,0
DA:58,0
DA:59,0
DA:62,0
DA:162,0
LF:28
LH:0
BRDA:37,0,0,0
BRDA:37,0,1,0
BRDA:43,1,0,0
BRDA:51,2,0,0
BRDA:51,2,1,0
BRDA:51,3,0,0
BRDA:51,3,1,0
BRDA:58,4,0,0
BRDA:71,5,0,0
BRDA:86,6,0,0
BRDA:86,6,1,0
BRDA:108,7,0,0
BRDA:131,8,0,0
BRDA:143,9,0,0
BRDA:156,10,0,0
BRF:15
BRH:0
end_of_record
TN:
SF:app/(consumer)/discover/page.tsx
FN:7,DiscoverPage
FNF:1
FNH:0
FNDA:0,DiscoverPage
DA:1,0
DA:2,0
DA:3,0
DA:4,0
DA:5,0
DA:7,0
LF:6
LH:0
BRF:0
BRH:0
end_of_record
TN:
SF:app/(consumer)/discover/book-clubs/page.tsx
FN:5,BookClubsPage
FNF:1
FNH:0
FNDA:0,BookClubsPage
DA:1,0
DA:2,0
DA:5,0
LF:3
LH:0
BRF:0
BRH:0
end_of_record
TN:
SF:app/(consumer)/discover/recommendations/page.tsx
FN:9,getRecommendations
FN:23,RecommendationsPage
FN:37,(anonymous_3)
FNF:3
FNH:0
FNDA:0,getRecommendations
FNDA:0,RecommendationsPage
FNDA:0,(anonymous_3)
DA:1,0
DA:2,0
DA:3,0
DA:4,0
DA:5,0
DA:6,0
DA:12,0
DA:13,0
DA:20,0
DA:23,0
DA:24,0
DA:38,0
LF:12
LH:0
BRDA:20,0,0,0
BRDA:20,0,1,0
BRDA:32,1,0,0
BRF:3
BRH:0
end_of_record
TN:
SF:app/(consumer)/genres/page.tsx
FN:7,getGenres
FN:15,(anonymous_2)
FN:20,(anonymous_3)
FN:21,(anonymous_4)
FN:24,GenresPage
FN:32,(anonymous_6)
FNF:6
FNH:0
FNDA:0,getGenres
FNDA:0,(anonymous_2)
FNDA:0,(anonymous_3)
FNDA:0,(anonymous_4)
FNDA:0,GenresPage
FNDA:0,(anonymous_6)
DA:1,0
DA:2,0
DA:3,0
DA:4,0
DA:5,0
DA:8,0
DA:9,0
DA:14,0
DA:15,0
DA:16,0
DA:19,0
DA:20,0
DA:21,0
DA:24,0
DA:25,0
DA:33,0
LF:16
LH:0
BRDA:16,0,0,0
BRDA:16,0,1,0
BRF:2
BRH:0
end_of_record
TN:
SF:app/(consumer)/genres/[genre]/page.tsx
FN:7,getBooksByGenre
FN:19,GenrePage
FN:33,(anonymous_3)
FNF:3
FNH:0
FNDA:0,getBooksByGenre
FNDA:0,GenrePage
FNDA:0,(anonymous_3)
DA:1,0
DA:2,0
DA:3,0
DA:4,0
DA:8,0
DA:9,0
DA:16,0
DA:19,0
DA:20,0
DA:21,0
DA:34,0
LF:11
LH:0
BRDA:16,0,0,0
BRDA:16,0,1,0
BRDA:28,1,0,0
BRF:3
BRH:0
end_of_record
TN:
SF:app/(consumer)/readers-hub/page.tsx
FN:5,ReadersHubPage
FNF:1
FNH:0
FNDA:0,ReadersHubPage
DA:1,0
DA:2,0
DA:3,0
DA:5,0
LF:4
LH:0
BRF:0
BRH:0
end_of_record
TN:
SF:app/(consumer)/reading/[bookId]/page.tsx
FN:12,ReadingPage
FN:20,(anonymous_2)
FN:21,loadBook
FN:56,(anonymous_4)
FN:58,(anonymous_5)
FN:77,(anonymous_6)
FN:93,(anonymous_7)
FN:108,(anonymous_8)
FN:144,(anonymous_9)
FN:150,(anonymous_10)
FNF:10
FNH:0
FNDA:0,ReadingPage
FNDA:0,(anonymous_2)
FNDA:0,loadBook
FNDA:0,(anonymous_4)
FNDA:0,(anonymous_5)
FNDA:0,(anonymous_6)
FNDA:0,(anonymous_7)
FNDA:0,(anonymous_8)
FNDA:0,(anonymous_9)
FNDA:0,(anonymous_10)
DA:3,0
DA:4,0
DA:5,0
DA:6,0
DA:7,0
DA:8,0
DA:9,0
DA:12,0
DA:13,0
DA:14,0
DA:15,0
DA:16,0
DA:17,0
DA:18,0
DA:20,0
DA:22,0
DA:28,0
DA:29,0
DA:34,0
DA:36,0
DA:37,0
DA:44,0
DA:45,0
DA:46,0
DA:50,0
DA:53,0
DA:56,0
DA:58,0
DA:59,0
DA:63,0
DA:64,0
DA:66,0
DA:77,0
DA:80,0
DA:88,0
DA:93,0
DA:99,0
DA:108,0
DA:144,0
DA:150,0
LF:40
LH:0
BRDA:28,0,0,0
BRDA:36,1,0,0
BRDA:44,2,0,0
BRDA:59,3,0,0
BRDA:64,4,0,0
BRDA:80,5,0,0
BRDA:88,6,0,0
BRDA:99,7,0,0
BRDA:99,7,1,0
BRF:9
BRH:0
end_of_record
TN:
SF:app/(portals)/layout.tsx
FN:4,PortalsLayout
FNF:1
FNH:0
FNDA:0,PortalsLayout
DA:1,0
DA:2,0
DA:4,0
LF:3
LH:0
BRF:0
BRH:0
end_of_record
TN:
SF:app/(portals)/author/analytics/page.tsx
FN:5,AnalyticsPage
FNF:1
FNH:0
FNDA:0,AnalyticsPage
DA:1,0
DA:2,0
DA:5,0
LF:3
LH:0
BRF:0
BRH:0
end_of_record
TN:
SF:app/(portals)/author/dashboard/page.tsx
FN:10,getAuthorData
FN:62,AuthorDashboardPage
FN:127,(anonymous_4)
FN:150,(anonymous_5)
FNF:4
FNH:0
FNDA:0,getAuthorData
FNDA:0,AuthorDashboardPage
FNDA:0,(anonymous_4)
FNDA:0,(anonymous_5)
DA:1,0
DA:2,0
DA:3,0
DA:4,0
DA:5,0
DA:6,0
DA:7,0
DA:11,0
DA:14,0
DA:16,0
DA:17,0
DA:20,0
DA:26,0
DA:27,0
DA:30,0
DA:36,0
DA:37,0
DA:40,0
DA:45,0
DA:52,0
DA:54,0
DA:62,0
DA:63,0
DA:65,0
DA:128,0
DA:151,0
LF:26
LH:0
BRDA:16,0,0,0
BRDA:26,1,0,0
BRDA:26,2,0,0
BRDA:26,2,1,0
BRDA:36,3,0,0
BRDA:56,4,0,0
BRDA:56,4,1,0
BRDA:57,5,0,0
BRDA:57,5,1,0
BRDA:65,6,0,0
BRDA:124,7,0,0
BRDA:147,8,0,0
BRF:12
BRH:0
end_of_record
TN:
SF:app/(portals)/author/projects/page.tsx
FN:8,getManuscripts
FN:37,ProjectsPage
FN:50,(anonymous_3)
FNF:3
FNH:0
FNDA:0,getManuscripts
FNDA:0,ProjectsPage
FNDA:0,(anonymous_3)
DA:1,0
DA:2,0
DA:3,0
DA:4,0
DA:5,0
DA:9,0
DA:12,0
DA:14,0
DA:15,0
DA:18,0
DA:24,0
DA:25,0
DA:28,0
DA:34,0
DA:37,0
DA:38,0
DA:51,0
LF:17
LH:0
BRDA:14,0,0,0
BRDA:24,1,0,0
BRDA:34,2,0,0
BRDA:34,2,1,0
BRDA:45,3,0,0
BRF:5
BRH:0
end_of_record
TN:
SF:app/(portals)/author/projects/[id]/page.tsx
FN:9,getManuscript
FN:39,ManuscriptDetailPage
FNF:2
FNH:0
FNDA:0,getManuscript
FNDA:0,ManuscriptDetailPage
DA:1,0
DA:2,0
DA:3,0
DA:4,0
DA:5,0
DA:6,0
DA:10,0
DA:13,0
DA:15,0
DA:16,0
DA:19,0
DA:25,0
DA:26,0
DA:29,0
DA:36,0
DA:39,0
DA:40,0
DA:42,0
DA:43,0
DA:46,0
LF:20
LH:0
BRDA:15,0,0,0
BRDA:25,1,0,0
BRDA:42,2,0,0
BRDA:64,3,0,0
BRDA:64,3,1,0
BRDA:81,4,0,0
BRDA:87,5,0,0
BRDA:101,6,0,0
BRDA:101,6,1,0
BRDA:102,7,0,0
BRDA:112,8,0,0
BRF:11
BRH:0
end_of_record
TN:
SF:app/(portals)/author/submit/SubmitManuscriptForm.tsx
FN:40,SubmitManuscriptForm
FN:57,(anonymous_2)
FN:112,(anonymous_3)
FN:117,(anonymous_4)
FNF:4
FNH:0
FNDA:0,SubmitManuscriptForm
FNDA:0,(anonymous_2)
FNDA:0,(anonymous_3)
FNDA:0,(anonymous_4)
DA:3,0
DA:4,0
DA:5,0
DA:6,0
DA:7,0
DA:8,0
DA:9,0
DA:10,0
DA:11,0
DA:12,0
DA:14,0
DA:25,0
DA:40,0
DA:41,0
DA:42,0
DA:43,0
DA:51,0
DA:55,0
DA:57,0
DA:58,0
DA:59,0
DA:61,0
DA:62,0
DA:63,0
DA:64,0
DA:65,0
DA:66,0
DA:67,0
DA:68,0
DA:70,0
DA:72,0
DA:73,0
DA:75,0
DA:76,0
DA:79,0
DA:81,0
DA:112,0
DA:118,0
LF:38
LH:0
BRDA:64,0,0,0
BRDA:66,1,0,0
BRDA:67,2,0,0
BRDA:68,3,0,0
BRDA:72,4,0,0
BRDA:72,4,1,0
BRDA:87,5,0,0
BRDA:98,6,0,0
BRDA:124,7,0,0
BRDA:137,8,0,0
BRDA:152,9,0,0
BRDA:165,10,0,0
BRDA:165,10,1,0
BRF:13
BRH:0
end_of_record
TN:
SF:app/(portals)/author/submit/actions.ts
FN:6,submitManuscript
FNF:1
FNH:0
FNDA:0,submitManuscript
DA:3,0
DA:4,0
DA:6,0
DA:7,0
DA:10,0
DA:12,0
DA:13,0
DA:16,0
DA:22,0
DA:23,0
DA:26,0
DA:27,0
DA:28,0
DA:29,0
DA:30,0
DA:33,0
DA:35,0
DA:36,0
DA:39,0
DA:50,0
DA:51,0
DA:54,0
LF:22
LH:0
BRDA:12,0,0,0
BRDA:22,1,0,0
BRDA:30,2,0,0
BRDA:30,2,1,0
BRDA:35,3,0,0
BRDA:35,4,0,0
BRDA:35,4,1,0
BRDA:50,5,0,0
BRF:8
BRH:0
end_of_record
TN:
SF:app/(portals)/author/submit/page.tsx
FN:7,checkAuthorAccess
FN:28,SubmitManuscriptPage
FNF:2
FNH:0
FNDA:0,checkAuthorAccess
FNDA:0,SubmitManuscriptPage
DA:1,0
DA:2,0
DA:3,0
DA:4,0
DA:5,0
DA:8,0
DA:11,0
DA:13,0
DA:14,0
DA:17,0
DA:23,0
DA:24,0
DA:28,0
DA:29,0
LF:14
LH:0
BRDA:13,0,0,0
BRDA:23,1,0,0
BRDA:23,2,0,0
BRDA:23,2,1,0
BRF:4
BRH:0
end_of_record
TN:
SF:app/(portals)/partner/arc-requests/page.tsx
FN:4,ArcRequestsPage
FNF:1
FNH:0
FNDA:0,ArcRequestsPage
DA:1,0
DA:2,0
DA:4,0
LF:3
LH:0
BRF:0
BRH:0
end_of_record
TN:
SF:app/(portals)/partner/catalogs/page.tsx
FN:4,CatalogsPage
FNF:1
FNH:0
FNDA:0,CatalogsPage
DA:1,0
DA:2,0
DA:4,0
LF:3
LH:0
BRF:0
BRH:0
end_of_record
TN:
SF:app/(portals)/partner/dashboard/page.tsx
FN:5,PartnerDashboardPage
FNF:1
FNH:0
FNDA:0,PartnerDashboardPage
DA:1,0
DA:2,0
DA:5,0
LF:3
LH:0
BRF:0
BRH:0
end_of_record
TN:
SF:app/(portals)/partner/orders/page.tsx
FN:4,OrdersPage
FNF:1
FNH:0
FNDA:0,OrdersPage
DA:1,0
DA:2,0
DA:4,0
LF:3
LH:0
BRF:0
BRH:0
end_of_record
TN:
SF:app/(portals)/partner/orders/[id]/page.tsx
FN:3,OrderDetailPage
FNF:1
FNH:0
FNDA:0,OrderDetailPage
DA:1,0
DA:3,0
DA:4,0
LF:3
LH:0
BRF:0
BRH:0
end_of_record
TN:
SF:app/admin/layout.tsx
FN:5,AdminLayout
FNF:1
FNH:0
FNDA:0,AdminLayout
DA:1,0
DA:2,0
DA:3,0
DA:5,0
DA:10,0
DA:13,0
DA:15,0
DA:17,0
DA:23,0
LF:9
LH:0
BRDA:15,0,0,0
BRDA:23,1,0,0
BRF:2
BRH:0
end_of_record
TN:
SF:app/admin/books/page.tsx
FN:7,AdminBooksPage
FN:40,(anonymous_3)
FNF:2
FNH:0
FNDA:0,AdminBooksPage
FNDA:0,(anonymous_3)
DA:1,0
DA:2,0
DA:3,0
DA:4,0
DA:5,0
DA:7,0
DA:8,0
DA:10,0
DA:41,0
LF:9
LH:0
BRDA:28,0,0,0
BRDA:27,1,0,0
BRDA:27,1,1,0
BRDA:43,2,0,0
BRDA:43,2,1,0
BRDA:47,3,0,0
BRDA:47,3,1,0
BRF:7
BRH:0
end_of_record
TN:
SF:app/admin/dashboard/page.tsx
FN:4,AdminDashboard
FN:65,(anonymous_2)
FNF:2
FNH:0
FNDA:0,AdminDashboard
FNDA:0,(anonymous_2)
DA:1,0
DA:2,0
DA:4,0
DA:5,0
DA:12,0
DA:66,0
LF:6
LH:0
BRDA:35,0,0,0
BRDA:35,0,1,0
BRDA:44,1,0,0
BRDA:44,1,1,0
BRDA:53,2,0,0
BRDA:53,2,1,0
BRDA:64,3,0,0
BRDA:63,4,0,0
BRDA:63,4,1,0
BRDA:73,5,0,0
BRDA:73,5,1,0
BRF:11
BRH:0
end_of_record
TN:
SF:app/admin/manuscripts/page.tsx
FN:6,AdminManuscriptsPage
FN:34,(anonymous_2)
FNF:2
FNH:0
FNDA:0,AdminManuscriptsPage
FNDA:0,(anonymous_2)
DA:1,0
DA:2,0
DA:3,0
DA:4,0
DA:6,0
DA:7,0
DA:9,0
DA:35,0
LF:8
LH:0
BRDA:22,0,0,0
BRDA:21,1,0,0
BRDA:21,1,1,0
BRDA:38,2,0,0
BRDA:38,2,1,0
BRDA:43,3,0,0
BRDA:43,3,1,0
BRDA:45,4,0,0
BRDA:45,4,1,0
BRF:9
BRH:0
end_of_record
TN:
SF:app/admin/orders/page.tsx
FN:5,AdminOrdersPage
FN:33,(anonymous_2)
FNF:2
FNH:0
FNDA:0,AdminOrdersPage
FNDA:0,(anonymous_2)
DA:1,0
DA:2,0
DA:3,0
DA:5,0
DA:6,0
DA:8,0
DA:34,0
LF:7
LH:0
BRDA:21,0,0,0
BRDA:20,1,0,0
BRDA:20,1,1,0
BRDA:36,2,0,0
BRDA:36,2,1,0
BRDA:41,3,0,0
BRDA:41,3,1,0
BRF:7
BRH:0
end_of_record
TN:
SF:app/admin/users/page.tsx
FN:5,AdminUsersPage
FN:33,(anonymous_2)
FNF:2
FNH:0
FNDA:0,AdminUsersPage
FNDA:0,(anonymous_2)
DA:1,0
DA:2,0
DA:3,0
DA:5,0
DA:6,0
DA:8,0
DA:34,0
LF:7
LH:0
BRDA:21,0,0,0
BRDA:20,1,0,0
BRDA:20,1,1,0
BRDA:36,2,0,0
BRDA:36,2,1,0
BRF:5
BRH:0
end_of_record
TN:
SF:app/api/analytics/stream/route.ts
FN:4,GET
FN:14,(anonymous_2)
FN:24,(anonymous_3)
FN:32,(anonymous_4)
FN:37,(anonymous_5)
FNF:5
FNH:0
FNDA:0,GET
FNDA:0,(anonymous_2)
FNDA:0,(anonymous_3)
FNDA:0,(anonymous_4)
FNDA:0,(anonymous_5)
DA:2,0
DA:4,0
DA:5,0
DA:6,0
DA:8,0
DA:9,0
DA:12,0
DA:13,0
DA:15,0
DA:18,0
DA:25,0
DA:32,0
DA:33,0
DA:37,0
DA:38,0
DA:39,0
DA:40,0
DA:45,0
LF:18
LH:0
BRDA:8,0,0,0
BRF:1
BRH:0
end_of_record
TN:
SF:app/api/analytics/track/route.ts
FN:5,POST
FN:27,(anonymous_2)
FNF:2
FNH:0
FNDA:0,POST
FNDA:0,(anonymous_2)
DA:1,0
DA:2,0
DA:3,0
DA:5,0
DA:6,0
DA:7,0
DA:9,0
DA:10,0
DA:17,0
DA:18,0
DA:19,0
DA:21,0
DA:24,0
DA:27,0
DA:36,0
DA:40,0
DA:41,0
DA:42,0
DA:48,0
DA:50,0
DA:51,0
LF:21
LH:0
BRDA:9,0,0,0
BRDA:9,1,0,0
BRDA:9,1,1,0
BRDA:18,2,0,0
BRDA:18,2,1,0
BRDA:40,3,0,0
BRF:6
BRH:0
end_of_record
TN:
SF:app/api/checkout/route.ts
FN:6,POST
FNF:1
FNH:0
FNDA:0,POST
DA:1,0
DA:2,0
DA:3,0
DA:6,0
DA:7,0
DA:8,0
DA:9,0
DA:11,0
DA:12,0
DA:15,0
DA:20,0
DA:21,0
DA:22,0
DA:26,0
DA:32,0
DA:33,0
DA:37,0
DA:44,0
DA:49,0
DA:51,0
DA:52,0
LF:21
LH:0
BRDA:11,0,0,0
BRDA:11,1,0,0
BRDA:11,1,1,0
BRDA:21,2,0,0
BRDA:21,3,0,0
BRDA:21,3,1,0
BRDA:32,4,0,0
BRDA:32,5,0,0
BRDA:32,5,1,0
BRDA:41,6,0,0
BRDA:41,6,1,0
BRDA:46,7,0,0
BRDA:46,7,1,0
BRF:13
BRH:0
end_of_record
TN:
SF:app/api/health/route.ts
FN:3,GET
FNF:1
FNH:0
FNDA:0,GET
DA:1,0
DA:3,0
DA:4,0
LF:3
LH:0
BRF:0
BRH:0
end_of_record
TN:
SF:app/api/resonance/embed/route.ts
FN:5,POST
FNF:1
FNH:0
FNDA:0,POST
DA:1,0
DA:2,0
DA:3,0
DA:5,0
DA:6,0
DA:7,0
DA:8,0
DA:10,0
DA:11,0
DA:14,0
DA:16,0
DA:22,0
DA:23,0
DA:26,0
DA:28,0
DA:40,0
DA:41,0
DA:44,0
DA:46,0
LF:19
LH:0
BRDA:10,0,0,0
BRDA:22,1,0,0
BRDA:22,2,0,0
BRDA:22,2,1,0
BRDA:40,3,0,0
BRF:5
BRH:0
end_of_record
TN:
SF:app/api/resonance/recommend/route.ts
FN:5,POST
FN:35,(anonymous_2)
FNF:2
FNH:0
FNDA:0,POST
FNDA:0,(anonymous_2)
DA:1,0
DA:2,0
DA:5,0
DA:6,0
DA:7,0
DA:8,0
DA:10,0
DA:12,0
DA:17,0
DA:18,0
DA:21,0
DA:22,0
DA:27,0
DA:29,0
DA:31,0
DA:32,0
DA:35,0
DA:42,0
DA:51,0
DA:53,0
LF:20
LH:0
BRDA:8,0,0,0
BRDA:8,1,0,0
BRDA:17,2,0,0
BRDA:21,3,0,0
BRDA:31,4,0,0
BRDA:35,5,0,0
BRDA:35,5,1,0
BRDA:38,6,0,0
BRDA:38,6,1,0
BRDA:45,7,0,0
BRDA:45,7,1,0
BRF:11
BRH:0
end_of_record
TN:
SF:app/api/resonance/similar/route.ts
FN:4,GET
FNF:1
FNH:0
FNDA:0,GET
DA:1,0
DA:2,0
DA:4,0
DA:5,0
DA:6,0
DA:7,0
DA:8,0
DA:10,0
DA:11,0
DA:14,0
DA:17,0
DA:23,0
DA:24,0
DA:28,0
DA:37,0
DA:38,0
DA:41,0
DA:43,0
LF:18
LH:0
BRDA:8,0,0,0
BRDA:8,0,1,0
BRDA:10,1,0,0
BRDA:23,2,0,0
BRDA:37,3,0,0
BRDA:41,4,0,0
BRDA:41,4,1,0
BRF:7
BRH:0
end_of_record
TN:
SF:app/api/resonance/track/route.ts
FN:5,POST
FNF:1
FNH:0
FNDA:0,POST
DA:1,0
DA:2,0
DA:5,0
DA:6,0
DA:7,0
DA:8,0
DA:10,0
DA:11,0
DA:14,0
DA:16,0
DA:23,0
DA:24,0
DA:27,0
DA:29,0
LF:14
LH:0
BRDA:10,0,0,0
BRDA:10,1,0,0
BRDA:10,1,1,0
BRDA:17,2,0,0
BRDA:17,2,1,0
BRDA:20,3,0,0
BRDA:20,3,1,0
BRDA:23,4,0,0
BRF:8
BRH:0
end_of_record
TN:
SF:app/api/session/route.ts
FN:4,GET
FNF:1
FNH:0
FNDA:0,GET
DA:1,0
DA:2,0
DA:4,0
DA:5,0
DA:6,0
DA:9,0
DA:11,0
DA:12,0
DA:15,0
DA:21,0
DA:29,0
LF:11
LH:0
BRDA:11,0,0,0
BRF:1
BRH:0
end_of_record
TN:
SF:app/api/upload/route.ts
FN:4,POST
FNF:1
FNH:0
FNDA:0,POST
DA:1,0
DA:2,0
DA:4,0
DA:5,0
DA:6,0
DA:9,0
DA:11,0
DA:12,0
DA:15,0
DA:16,0
DA:18,0
DA:19,0
DA:23,0
DA:24,0
DA:25,0
DA:28,0
DA:29,0
DA:31,0
DA:38,0
DA:39,0
DA:44,0
DA:46,0
DA:48,0
LF:23
LH:0
BRDA:11,0,0,0
BRDA:18,1,0,0
BRDA:24,2,0,0
BRDA:38,3,0,0
BRF:4
BRH:0
end_of_record
TN:
SF:app/api/webhook/route.ts
FN:5,POST
FNF:1
FNH:0
FNDA:0,POST
DA:1,0
DA:2,0
DA:3,0
DA:5,0
DA:6,0
DA:7,0
DA:8,0
DA:10,0
DA:11,0
DA:14,0
DA:16,0
DA:19,0
DA:20,0
DA:21,0
DA:23,0
DA:25,0
DA:26,0
DA:38,0
DA:40,0
DA:50,0
DA:52,0
DA:53,0
LF:22
LH:0
BRDA:10,0,0,0
BRDA:19,1,0,0
BRDA:23,2,0,0
BRDA:23,3,0,0
BRDA:23,3,1,0
BRDA:38,4,0,0
BRDA:38,5,0,0
BRDA:38,5,1,0
BRF:8
BRH:0
end_of_record
TN:
SF:app/dashboard/books/[id]/analytics/page.tsx
FN:11,AnalyticsPage
FNF:1
FNH:0
FNDA:0,AnalyticsPage
DA:1,0
DA:2,0
DA:3,0
DA:11,0
DA:12,0
DA:13,0
DA:15,0
DA:16,0
DA:20,0
DA:26,0
DA:27,0
LF:11
LH:0
BRDA:15,0,0,0
BRDA:26,1,0,0
BRDA:26,2,0,0
BRDA:26,2,1,0
BRF:4
BRH:0
end_of_record
TN:
SF:app/dashboard/my-reviews/page.tsx
FN:18,MyReviewsPage
FN:45,(anonymous_2)
FN:46,(anonymous_3)
FN:51,(anonymous_4)
FN:53,(anonymous_5)
FN:126,(anonymous_6)
FN:164,(anonymous_7)
FNF:7
FNH:0
FNDA:0,MyReviewsPage
FNDA:0,(anonymous_2)
FNDA:0,(anonymous_3)
FNDA:0,(anonymous_4)
FNDA:0,(anonymous_5)
FNDA:0,(anonymous_6)
FNDA:0,(anonymous_7)
DA:1,0
DA:2,0
DA:3,0
DA:4,0
DA:5,0
DA:14,0
DA:16,0
DA:18,0
DA:19,0
DA:22,0
DA:23,0
DA:24,0
DA:28,0
DA:45,0
DA:46,0
DA:49,0
DA:50,0
DA:51,0
DA:53,0
DA:127,0
DA:165,0
LF:21
LH:0
BRDA:23,0,0,0
BRDA:45,1,0,0
BRDA:45,1,1,0
BRDA:46,2,0,0
BRDA:46,2,1,0
BRDA:49,3,0,0
BRDA:49,3,1,0
BRDA:50,4,0,0
BRDA:50,4,1,0
BRDA:53,5,0,0
BRDA:53,5,1,0
BRDA:125,6,0,0
BRDA:132,7,0,0
BRDA:132,7,1,0
BRDA:132,7,2,0
BRDA:163,8,0,0
BRF:16
BRH:0
end_of_record
TN:
SF:app/users/[userId]/reviews/page.tsx
FN:24,UserReviewsPage
FN:96,(anonymous_2)
FN:98,(anonymous_3)
FN:193,(anonymous_4)
FNF:4
FNH:0
FNDA:0,UserReviewsPage
FNDA:0,(anonymous_2)
FNDA:0,(anonymous_3)
FNDA:0,(anonymous_4)
DA:1,0
DA:2,0
DA:3,0
DA:4,0
DA:6,0
DA:12,0
DA:24,0
DA:28,0
DA:29,0
DA:30,0
DA:31,0
DA:32,0
DA:35,0
DA:41,0
DA:42,0
DA:46,0
DA:64,0
DA:66,0
DA:67,0
DA:69,0
DA:70,0
DA:72,0
DA:73,0
DA:77,0
DA:78,0
DA:79,0
DA:81,0
DA:83,0
DA:84,0
DA:85,0
DA:89,0
DA:95,0
DA:96,0
DA:98,0
DA:194,0
LF:35
LH:0
BRDA:30,0,0,0
BRDA:30,0,1,0
BRDA:31,1,0,0
BRDA:31,1,1,0
BRDA:41,2,0,0
BRDA:64,3,0,0
BRDA:64,3,1,0
BRDA:64,3,2,0
BRDA:83,4,0,0
BRDA:95,5,0,0
BRDA:95,5,1,0
BRDA:98,6,0,0
BRDA:98,6,1,0
BRDA:107,7,0,0
BRDA:107,7,1,0
BRDA:110,8,0,0
BRDA:110,8,1,0
BRDA:152,9,0,0
BRDA:152,9,1,0
BRDA:192,10,0,0
BRDA:191,11,0,0
BRDA:191,11,1,0
BRDA:204,12,0,0
BRDA:204,12,1,0
BRF:24
BRH:0
end_of_record
TN:
SF:components/admin/Sidebar.tsx
FN:15,AdminSidebar
FN:26,(anonymous_3)
FNF:2
FNH:0
FNDA:0,AdminSidebar
FNDA:0,(anonymous_3)
DA:3,0
DA:4,0
DA:5,0
DA:7,0
DA:15,0
DA:16,0
DA:27,0
DA:28,0
LF:8
LH:0
BRDA:34,0,0,0
BRDA:34,0,1,0
BRF:2
BRH:0
end_of_record
TN:
SF:components/analytics/AIInsightsPanel.tsx
FN:39,AIInsightsPanel
FN:44,(anonymous_2)
FN:48,(anonymous_3)
FN:96,(anonymous_4)
FN:129,(anonymous_5)
FN:138,(anonymous_6)
FN:172,(anonymous_7)
FN:196,(anonymous_8)
FN:210,(anonymous_9)
FNF:9
FNH:0
FNDA:0,AIInsightsPanel
FNDA:0,(anonymous_2)
FNDA:0,(anonymous_3)
FNDA:0,(anonymous_4)
FNDA:0,(anonymous_5)
FNDA:0,(anonymous_6)
FNDA:0,(anonymous_7)
FNDA:0,(anonymous_8)
FNDA:0,(anonymous_9)
DA:3,0
DA:4,0
DA:5,0
DA:6,0
DA:7,0
DA:15,0
DA:16,0
DA:39,0
DA:40,0
DA:41,0
DA:42,0
DA:44,0
DA:45,0
DA:48,0
DA:49,0
DA:50,0
DA:51,0
DA:53,0
DA:56,0
DA:57,0
DA:66,0
DA:67,0
DA:81,0
DA:82,0
DA:96,0
DA:97,0
DA:111,0
DA:112,0
DA:121,0
DA:123,0
DA:125,0
DA:129,0
DA:130,0
DA:131,0
DA:132,0
DA:133,0
DA:134,0
DA:138,0
DA:139,0
DA:140,0
DA:141,0
DA:142,0
DA:143,0
DA:144,0
DA:148,0
DA:152,0
DA:173,0
DA:196,0
DA:210,0
LF:49
LH:0
BRDA:56,0,0,0
BRDA:66,1,0,0
BRDA:81,2,0,0
BRDA:102,3,0,0
BRDA:102,3,1,0
BRDA:111,4,0,0
BRDA:130,5,0,0
BRDA:130,5,1,0
BRDA:130,5,2,0
BRDA:130,5,3,0
BRDA:139,6,0,0
BRDA:139,6,1,0
BRDA:139,6,2,0
BRDA:139,6,3,0
BRDA:139,6,4,0
BRDA:148,7,0,0
BRDA:152,8,0,0
BRDA:152,8,1,0
BRDA:192,9,0,0
BRDA:206,10,0,0
BRDA:212,11,0,0
BRDA:212,11,1,0
BRDA:216,12,0,0
BRF:23
BRH:0
end_of_record
TN:
SF:components/analytics/AnalyticsDashboard.tsx
FN:22,AnalyticsDashboard
FN:29,(anonymous_3)
FN:33,(anonymous_4)
FNF:3
FNH:0
FNDA:0,AnalyticsDashboard
FNDA:0,(anonymous_3)
FNDA:0,(anonymous_4)
DA:3,0
DA:5,0
DA:6,0
DA:7,0
DA:8,0
DA:9,0
DA:10,0
DA:11,0
DA:12,0
DA:13,0
DA:14,0
DA:16,0
DA:22,0
DA:23,0
DA:24,0
DA:25,0
DA:26,0
DA:27,0
DA:29,0
DA:30,0
DA:33,0
DA:34,0
DA:35,0
DA:36,0
DA:42,0
DA:43,0
DA:44,0
DA:46,0
DA:48,0
DA:52,0
LF:30
LH:0
BRDA:52,0,0,0
BRF:1
BRH:0
end_of_record
TN:
SF:components/analytics/AnalyticsOverview.tsx
FN:20,AnalyticsOverview
FN:37,(anonymous_2)
FN:41,(anonymous_3)
FN:50,(anonymous_4)
FN:51,(anonymous_5)
FN:52,(anonymous_6)
FN:54,(anonymous_7)
FN:57,(anonymous_8)
FN:80,(anonymous_9)
FN:98,(anonymous_10)
FN:105,(anonymous_11)
FN:112,(anonymous_12)
FNF:12
FNH:0
FNDA:0,AnalyticsOverview
FNDA:0,(anonymous_2)
FNDA:0,(anonymous_3)
FNDA:0,(anonymous_4)
FNDA:0,(anonymous_5)
FNDA:0,(anonymous_6)
FNDA:0,(anonymous_7)
FNDA:0,(anonymous_8)
FNDA:0,(anonymous_9)
FNDA:0,(anonymous_10)
FNDA:0,(anonymous_11)
FNDA:0,(anonymous_12)
DA:3,0
DA:4,0
DA:5,0
DA:6,0
DA:7,0
DA:8,0
DA:9,0
DA:10,0
DA:11,0
DA:12,0
DA:20,0
DA:25,0
DA:35,0
DA:37,0
DA:38,0
DA:41,0
DA:42,0
DA:43,0
DA:44,0
DA:50,0
DA:51,0
DA:52,0
DA:53,0
DA:54,0
DA:56,0
DA:57,0
DA:60,0
DA:71,0
DA:73,0
DA:77,0
DA:81,0
DA:98,0
DA:105,0
DA:112,0
LF:34
LH:0
BRDA:53,0,0,0
BRDA:53,0,1,0
BRDA:56,1,0,0
BRDA:56,1,1,0
BRDA:77,2,0,0
BRDA:128,3,0,0
BRDA:128,3,1,0
BRF:7
BRH:0
end_of_record
TN:
SF:components/analytics/EngagementHeatmap.tsx
FN:11,EngagementHeatmap
FN:12,(anonymous_2)
FNF:2
FNH:0
FNDA:0,EngagementHeatmap
FNDA:0,(anonymous_2)
DA:3,0
DA:4,0
DA:11,0
DA:12,0
LF:4
LH:0
BRDA:27,0,0,0
BRF:1
BRH:0
end_of_record
TN:
SF:components/analytics/GeographyMap.tsx
FN:11,GeographyMap
FN:24,(anonymous_2)
FN:51,getCountryFlag
FNF:3
FNH:0
FNDA:0,GeographyMap
FNDA:0,(anonymous_2)
FNDA:0,getCountryFlag
DA:3,0
DA:4,0
DA:11,0
DA:25,0
DA:53,0
DA:65,0
LF:6
LH:0
BRDA:23,0,0,0
BRDA:65,1,0,0
BRDA:65,1,1,0
BRF:3
BRH:0
end_of_record
TN:
SF:components/analytics/LiveReaders.tsx
FN:16,LiveReaders
FN:21,(anonymous_2)
FN:29,(anonymous_3)
FN:32,(anonymous_4)
FN:34,(anonymous_5)
FN:67,(anonymous_6)
FN:70,(anonymous_7)
FN:77,(anonymous_8)
FN:84,(anonymous_9)
FN:104,(anonymous_10)
FN:138,(anonymous_11)
FNF:11
FNH:0
FNDA:0,LiveReaders
FNDA:0,(anonymous_2)
FNDA:0,(anonymous_3)
FNDA:0,(anonymous_4)
FNDA:0,(anonymous_5)
FNDA:0,(anonymous_6)
FNDA:0,(anonymous_7)
FNDA:0,(anonymous_8)
FNDA:0,(anonymous_9)
FNDA:0,(anonymous_10)
FNDA:0,(anonymous_11)
DA:3,0
DA:4,0
DA:5,0
DA:6,0
DA:7,0
DA:8,0
DA:9,0
DA:16,0
DA:17,0
DA:18,0
DA:19,0
DA:21,0
DA:23,0
DA:26,0
DA:29,0
DA:30,0
DA:32,0
DA:33,0
DA:34,0
DA:36,0
DA:38,0
DA:50,0
DA:66,0
DA:67,0
DA:70,0
DA:75,0
DA:77,0
DA:78,0
DA:79,0
DA:80,0
DA:84,0
DA:85,0
DA:86,0
DA:87,0
DA:88,0
DA:89,0
DA:91,0
DA:95,0
DA:105,0
DA:139,0
LF:40
LH:0
BRDA:30,0,0,0
BRDA:36,1,0,0
BRDA:36,1,1,0
BRDA:95,2,0,0
BRDA:137,3,0,0
BRDA:143,4,0,0
BRDA:143,4,1,0
BRDA:149,5,0,0
BRDA:149,5,1,0
BRDA:153,6,0,0
BRDA:153,6,1,0
BRDA:154,7,0,0
BRDA:154,7,1,0
BRDA:156,8,0,0
BRDA:171,9,0,0
BRF:15
BRH:0
end_of_record
TN:
SF:components/analytics/RevenueStats.tsx
FN:17,RevenueStats
FN:21,(anonymous_2)
FN:25,(anonymous_3)
FNF:3
FNH:0
FNDA:0,RevenueStats
FNDA:0,(anonymous_2)
FNDA:0,(anonymous_3)
DA:3,0
DA:4,0
DA:5,0
DA:6,0
DA:7,0
DA:10,0
DA:17,0
DA:18,0
DA:19,0
DA:21,0
DA:22,0
DA:25,0
DA:26,0
DA:27,0
DA:28,0
DA:29,0
DA:31,0
DA:33,0
DA:37,0
LF:19
LH:0
BRDA:37,0,0,0
BRF:1
BRH:0
end_of_record
TN:
SF:components/analytics/ViewsChart.tsx
FN:12,ViewsChart
FN:28,(anonymous_2)
FN:32,(anonymous_3)
FNF:3
FNH:0
FNDA:0,ViewsChart
FNDA:0,(anonymous_2)
FNDA:0,(anonymous_3)
DA:3,0
DA:4,0
DA:6,0
DA:12,0
DA:13,0
DA:28,0
DA:32,0
LF:7
LH:0
BRDA:23,0,0,0
BRF:1
BRH:0
end_of_record
TN:
SF:components/books/BookUploadForm.tsx
FN:21,BookUploadForm
FN:34,(anonymous_2)
FN:40,(anonymous_3)
FN:46,(anonymous_4)
FNF:4
FNH:0
FNDA:0,BookUploadForm
FNDA:0,(anonymous_2)
FNDA:0,(anonymous_3)
FNDA:0,(anonymous_4)
DA:3,0
DA:4,0
DA:5,0
DA:6,0
DA:7,0
DA:8,0
DA:9,0
DA:10,0
DA:11,0
DA:12,0
DA:13,0
DA:21,0
DA:22,0
DA:23,0
DA:24,0
DA:30,0
DA:34,0
DA:35,0
DA:36,0
DA:37,0
DA:40,0
DA:41,0
DA:42,0
DA:43,0
DA:46,0
DA:47,0
DA:48,0
DA:49,0
DA:55,0
DA:56,0
DA:58,0
DA:61,0
DA:63,0
LF:33
LH:0
BRDA:55,0,0,0
BRDA:55,0,1,0
BRDA:58,1,0,0
BRDA:58,1,1,0
BRDA:78,2,0,0
BRDA:91,3,0,0
BRDA:105,4,0,0
BRDA:132,5,0,0
BRDA:138,6,0,0
BRDA:138,6,1,0
BRF:10
BRH:0
end_of_record
TN:
SF:components/books/ReviewActions.tsx
FN:18,ReviewActions
FN:21,(anonymous_2)
FN:37,(anonymous_3)
FNF:3
FNH:0
FNDA:0,ReviewActions
FNDA:0,(anonymous_2)
FNDA:0,(anonymous_3)
DA:3,0
DA:4,0
DA:5,0
DA:6,0
DA:7,0
DA:8,0
DA:18,0
DA:19,0
DA:21,0
DA:22,0
DA:23,0
DA:26,0
DA:27,0
DA:29,0
DA:31,0
DA:33,0
DA:37,0
DA:38,0
DA:39,0
DA:40,0
DA:42,0
LF:21
LH:0
BRDA:18,0,0,0
BRDA:22,1,0,0
BRDA:55,2,0,0
BRDA:66,3,0,0
BRDA:66,3,1,0
BRF:5
BRH:0
end_of_record
TN:
SF:components/books/ReviewCard.tsx
FN:54,ReviewCard
FN:68,(anonymous_3)
FN:80,(anonymous_4)
FN:95,(anonymous_5)
FN:231,(anonymous_8)
FN:256,(anonymous_9)
FN:271,(anonymous_10)
FNF:7
FNH:0
FNDA:0,ReviewCard
FNDA:0,(anonymous_3)
FNDA:0,(anonymous_4)
FNDA:0,(anonymous_5)
FNDA:0,(anonymous_8)
FNDA:0,(anonymous_9)
FNDA:0,(anonymous_10)
DA:3,0
DA:4,0
DA:5,0
DA:16,0
DA:17,0
DA:18,0
DA:19,0
DA:20,0
DA:21,0
DA:22,0
DA:23,0
DA:24,0
DA:54,0
DA:62,0
DA:63,0
DA:64,0
DA:65,0
DA:66,0
DA:68,0
DA:69,0
DA:71,0
DA:72,0
DA:73,0
DA:76,0
DA:80,0
DA:81,0
DA:83,0
DA:84,0
DA:86,0
DA:88,0
DA:89,0
DA:91,0
DA:95,0
DA:96,0
DA:97,0
DA:98,0
DA:99,0
DA:101,0
DA:231,0
DA:256,0
DA:271,0
LF:41
LH:0
BRDA:58,0,0,0
BRDA:59,1,0,0
BRDA:63,2,0,0
BRDA:63,2,1,0
BRDA:69,3,0,0
BRDA:73,4,0,0
BRDA:73,4,1,0
BRDA:76,5,0,0
BRDA:76,5,1,0
BRDA:77,6,0,0
BRDA:77,6,1,0
BRDA:78,7,0,0
BRDA:78,7,1,0
BRDA:78,8,0,0
BRDA:78,8,1,0
BRDA:78,9,0,0
BRDA:78,9,1,0
BRDA:89,10,0,0
BRDA:89,10,1,0
BRDA:112,11,0,0
BRDA:115,12,0,0
BRDA:115,12,1,0
BRDA:116,13,0,0
BRDA:116,13,1,0
BRDA:122,14,0,0
BRDA:122,14,1,0
BRDA:126,15,0,0
BRDA:126,15,1,0
BRDA:140,16,0,0
BRDA:164,17,0,0
BRDA:164,17,1,0
BRDA:177,18,0,0
BRDA:177,18,1,0
BRDA:182,19,0,0
BRDA:198,20,0,0
BRDA:198,20,1,0
BRDA:204,21,0,0
BRDA:204,21,1,0
BRDA:209,22,0,0
BRDA:209,22,1,0
BRDA:209,22,2,0
BRDA:212,23,0,0
BRDA:219,24,0,0
BRDA:219,24,1,0
BRDA:242,25,0,0
BRDA:242,25,1,0
BRDA:242,25,2,0
BRDA:260,26,0,0
BRDA:260,26,1,0
BRDA:267,27,0,0
BRDA:275,28,0,0
BRDA:275,28,1,0
BRDA:283,29,0,0
BRDA:293,30,0,0
BRDA:298,31,0,0
BRF:55
BRH:0
end_of_record
TN:
SF:components/books/ReviewFilters.tsx
FN:16,ReviewFilters
FN:45,(anonymous_2)
FN:61,(anonymous_3)
FNF:3
FNH:0
FNDA:0,ReviewFilters
FNDA:0,(anonymous_2)
FNDA:0,(anonymous_3)
DA:3,0
DA:4,0
DA:5,0
DA:6,0
DA:16,0
DA:23,0
DA:45,0
DA:61,0
LF:8
LH:0
BRDA:19,0,0,0
BRDA:41,1,0,0
BRDA:49,2,0,0
BRDA:55,3,0,0
BRDA:55,3,1,0
BRF:5
BRH:0
end_of_record
TN:
SF:components/books/ReviewForm.tsx
FN:35,ReviewForm
FN:57,(anonymous_2)
FN:95,(anonymous_3)
FN:146,(anonymous_4)
FNF:4
FNH:0
FNDA:0,ReviewForm
FNDA:0,(anonymous_2)
FNDA:0,(anonymous_3)
FNDA:0,(anonymous_4)
DA:3,0
DA:4,0
DA:5,0
DA:6,0
DA:7,0
DA:8,0
DA:9,0
DA:10,0
DA:11,0
DA:12,0
DA:13,0
DA:15,0
DA:35,0
DA:36,0
DA:44,0
DA:54,0
DA:55,0
DA:57,0
DA:58,0
DA:59,0
DA:60,0
DA:66,0
DA:67,0
DA:68,0
DA:70,0
DA:72,0
DA:95,0
DA:146,0
LF:28
LH:0
BRDA:47,0,0,0
BRDA:47,0,1,0
BRDA:48,1,0,0
BRDA:48,1,1,0
BRDA:49,2,0,0
BRDA:49,2,1,0
BRDA:50,3,0,0
BRDA:50,3,1,0
BRDA:66,4,0,0
BRDA:66,4,1,0
BRDA:80,5,0,0
BRDA:80,5,1,0
BRDA:98,6,0,0
BRDA:114,7,0,0
BRDA:132,8,0,0
BRDA:136,9,0,0
BRDA:136,9,1,0
BRDA:167,10,0,0
BRDA:167,10,1,0
BRDA:167,11,0,0
BRDA:167,11,1,0
BRF:21
BRH:0
end_of_record
TN:
SF:components/books/ReviewSection.tsx
FN:27,ReviewSection
FN:43,(anonymous_2)
FN:59,(anonymous_4)
FN:75,(anonymous_6)
FN:84,(anonymous_7)
FN:133,(anonymous_8)
FN:142,(anonymous_9)
FNF:7
FNH:0
FNDA:0,ReviewSection
FNDA:0,(anonymous_2)
FNDA:0,(anonymous_4)
FNDA:0,(anonymous_6)
FNDA:0,(anonymous_7)
FNDA:0,(anonymous_8)
FNDA:0,(anonymous_9)
DA:3,0
DA:4,0
DA:5,0
DA:6,0
DA:7,0
DA:8,0
DA:9,0
DA:16,0
DA:27,0
DA:36,0
DA:37,0
DA:38,0
DA:39,0
DA:41,0
DA:43,0
DA:44,0
DA:46,0
DA:59,0
DA:75,0
DA:84,0
DA:133,0
DA:143,0
LF:22
LH:0
BRDA:34,0,0,0
BRDA:58,1,0,0
BRDA:58,1,1,0
BRDA:78,2,0,0
BRDA:78,2,1,0
BRDA:80,3,0,0
BRDA:82,4,0,0
BRDA:82,4,1,0
BRDA:86,5,0,0
BRDA:86,5,1,0
BRDA:128,6,0,0
BRDA:139,7,0,0
BRDA:151,8,0,0
BRF:13
BRH:0
end_of_record
TN:
SF:components/books/ReviewStats.tsx
FN:11,ReviewStats
FN:16,(anonymous_2)
FN:20,(anonymous_3)
FN:21,(anonymous_4)
FN:48,(anonymous_5)
FNF:5
FNH:0
FNDA:0,ReviewStats
FNDA:0,(anonymous_2)
FNDA:0,(anonymous_3)
FNDA:0,(anonymous_4)
FNDA:0,(anonymous_5)
DA:3,0
DA:11,0
DA:16,0
DA:17,0
DA:20,0
DA:21,0
DA:22,0
DA:49,0
DA:50,0
DA:52,0
LF:10
LH:0
BRDA:17,0,0,0
BRDA:17,0,1,0
BRDA:25,1,0,0
BRDA:25,1,1,0
BRDA:42,2,0,0
BRDA:42,2,1,0
BRDA:49,3,0,0
BRDA:49,3,1,0
BRF:8
BRH:0
end_of_record
TN:
SF:components/books/StarRating.tsx
FN:15,StarRating
FN:30,(anonymous_2)
FN:36,(anonymous_3)
FN:42,(anonymous_4)
FN:52,(anonymous_5)
FN:60,(anonymous_6)
FN:61,(anonymous_7)
FNF:7
FNH:0
FNDA:0,StarRating
FNDA:0,(anonymous_2)
FNDA:0,(anonymous_3)
FNDA:0,(anonymous_4)
FNDA:0,(anonymous_5)
FNDA:0,(anonymous_6)
FNDA:0,(anonymous_7)
DA:3,0
DA:4,0
DA:5,0
DA:15,0
DA:22,0
DA:24,0
DA:30,0
DA:31,0
DA:32,0
DA:36,0
DA:37,0
DA:38,0
DA:42,0
DA:43,0
DA:44,0
DA:48,0
DA:53,0
DA:60,0
DA:61,0
LF:19
LH:0
BRDA:17,0,0,0
BRDA:18,1,0,0
BRDA:31,2,0,0
BRDA:31,3,0,0
BRDA:31,3,1,0
BRDA:37,4,0,0
BRDA:43,5,0,0
BRDA:48,6,0,0
BRDA:48,6,1,0
BRDA:58,7,0,0
BRDA:58,7,1,0
BRDA:69,8,0,0
BRDA:69,8,1,0
BRF:13
BRH:0
end_of_record
TN:
SF:components/cards/AuthorCard.tsx
FN:11,AuthorCard
FNF:1
FNH:0
FNDA:0,AuthorCard
DA:1,0
DA:4,0
DA:5,0
DA:11,0
LF:4
LH:0
BRDA:18,0,0,0
BRDA:18,0,1,0
BRDA:22,1,0,0
BRF:3
BRH:0
end_of_record
TN:
SF:components/cards/BookCard.tsx
FN:13,BookCard
FNF:1
FNH:1
FNDA:5,BookCard
DA:1,1
DA:2,1
DA:4,1
DA:5,1
DA:13,5
DA:14,5
LF:6
LH:6
BRDA:13,0,0,5
BRDA:14,1,0,0
BRDA:18,2,0,0
BRDA:33,3,0,0
BRDA:33,3,1,0
BRDA:44,4,0,5
BRDA:53,5,0,5
BRDA:62,6,0,5
BRDA:62,6,1,0
BRDA:71,7,0,1
BRF:10
BRH:5
end_of_record
TN:
SF:components/cards/GenreCard.tsx
FN:11,GenreCard
FNF:1
FNH:1
FNDA:8,GenreCard
DA:1,1
DA:2,1
DA:3,1
DA:11,8
LF:4
LH:4
BRDA:17,0,0,8
BRF:1
BRH:1
end_of_record
TN:
SF:components/cards/ManuscriptCard.tsx
FN:21,ManuscriptCard
FNF:1
FNH:0
FNDA:0,ManuscriptCard
DA:1,0
DA:3,0
DA:4,0
DA:5,0
DA:11,0
DA:21,0
LF:6
LH:0
BRDA:28,0,0,0
BRDA:28,0,1,0
BRDA:37,1,0,0
BRF:3
BRH:0
end_of_record
TN:
SF:components/forms/CreateBookForm.tsx
FN:19,CreateBookForm
FN:33,(anonymous_2)
FNF:2
FNH:0
FNDA:0,CreateBookForm
FNDA:0,(anonymous_2)
DA:3,0
DA:4,0
DA:5,0
DA:6,0
DA:7,0
DA:8,0
DA:9,0
DA:10,0
DA:11,0
DA:19,0
DA:20,0
DA:26,0
DA:33,0
DA:34,0
DA:35,0
DA:36,0
DA:37,0
DA:38,0
DA:40,0
DA:43,0
DA:45,0
LF:21
LH:0
BRDA:37,0,0,0
BRDA:37,0,1,0
BRDA:40,1,0,0
BRDA:40,1,1,0
BRDA:60,2,0,0
BRDA:73,3,0,0
BRDA:87,4,0,0
BRDA:100,5,0,0
BRDA:107,6,0,0
BRDA:113,7,0,0
BRDA:113,7,1,0
BRF:11
BRH:0
end_of_record
TN:
SF:components/landing/CTA.tsx
FN:7,CTA
FNF:1
FNH:0
FNDA:0,CTA
DA:3,0
DA:4,0
DA:5,0
DA:7,0
LF:4
LH:0
BRF:0
BRH:0
end_of_record
TN:
SF:components/landing/Features.tsx
FN:38,Features
FN:50,(anonymous_2)
FNF:2
FNH:0
FNDA:0,Features
FNDA:0,(anonymous_2)
DA:3,0
DA:5,0
DA:38,0
DA:51,0
DA:52,0
LF:5
LH:0
BRF:0
BRH:0
end_of_record
TN:
SF:components/layout/AuthGuard.tsx
FN:14,AuthGuard
FN:18,(anonymous_2)
FNF:2
FNH:0
FNDA:0,AuthGuard
FNDA:0,(anonymous_2)
DA:3,0
DA:4,0
DA:5,0
DA:6,0
DA:14,0
DA:15,0
DA:16,0
DA:18,0
DA:19,0
DA:20,0
DA:24,0
DA:32,0
DA:33,0
LF:13
LH:0
BRDA:14,0,0,0
BRDA:19,1,0,0
BRDA:19,2,0,0
BRDA:19,2,1,0
BRDA:19,2,2,0
BRDA:24,3,0,0
BRDA:32,4,0,0
BRDA:32,5,0,0
BRDA:32,5,1,0
BRF:9
BRH:0
end_of_record
TN:
SF:components/layout/Container.tsx
FN:8,Container
FNF:1
FNH:0
FNDA:0,Container
DA:1,0
DA:8,0
LF:2
LH:0
BRF:0
BRH:0
end_of_record
TN:
SF:components/layout/Grid.tsx
FN:9,Grid
FNF:1
FNH:0
FNDA:0,Grid
DA:1,0
DA:9,0
DA:10,0
LF:3
LH:0
BRDA:9,0,0,0
BRF:1
BRH:0
end_of_record
TN:
SF:components/layout/Hero.tsx
FN:9,Hero
FNF:1
FNH:0
FNDA:0,Hero
DA:1,0
DA:9,0
DA:10,0
LF:3
LH:0
BRDA:9,0,0,0
BRF:1
BRH:0
end_of_record
TN:
SF:components/layout/Section.tsx
FN:8,Section
FNF:1
FNH:0
FNDA:0,Section
DA:1,0
DA:8,0
LF:2
LH:0
BRF:0
BRH:0
end_of_record
TN:
SF:components/players/AudioPlayer.tsx
FN:13,AudioPlayer
FN:19,(anonymous_2)
FN:23,(anonymous_3)
FN:24,(anonymous_4)
FN:29,(anonymous_5)
FN:35,(anonymous_6)
FN:47,(anonymous_7)
FN:55,(anonymous_8)
FNF:8
FNH:0
FNDA:0,AudioPlayer
FNDA:0,(anonymous_2)
FNDA:0,(anonymous_3)
FNDA:0,(anonymous_4)
FNDA:0,(anonymous_5)
FNDA:0,(anonymous_6)
FNDA:0,(anonymous_7)
FNDA:0,(anonymous_8)
DA:3,0
DA:4,0
DA:5,0
DA:13,0
DA:14,0
DA:15,0
DA:16,0
DA:17,0
DA:19,0
DA:20,0
DA:21,0
DA:23,0
DA:24,0
DA:26,0
DA:27,0
DA:29,0
DA:30,0
DA:31,0
DA:35,0
DA:36,0
DA:37,0
DA:39,0
DA:40,0
DA:42,0
DA:44,0
DA:47,0
DA:48,0
DA:49,0
DA:51,0
DA:52,0
DA:55,0
DA:56,0
DA:57,0
DA:58,0
DA:61,0
LF:35
LH:0
BRDA:21,0,0,0
BRDA:37,1,0,0
BRDA:39,2,0,0
BRDA:39,2,1,0
BRDA:49,3,0,0
BRDA:61,4,0,0
BRDA:61,4,1,0
BRDA:66,5,0,0
BRDA:72,6,0,0
BRDA:72,6,1,0
BRF:10
BRH:0
end_of_record
TN:
SF:components/players/VideoHero.tsx
FN:11,VideoHero
FNF:1
FNH:0
FNDA:0,VideoHero
DA:3,0
DA:11,0
DA:12,0
LF:3
LH:0
BRDA:12,0,0,0
BRDA:22,1,0,0
BRDA:28,2,0,0
BRF:3
BRH:0
end_of_record
TN:
SF:components/players/VimeoPlayer.tsx
FN:13,VimeoPlayer
FN:22,(anonymous_2)
FN:31,(anonymous_3)
FN:45,(anonymous_4)
FNF:4
FNH:0
FNDA:0,VimeoPlayer
FNDA:0,(anonymous_2)
FNDA:0,(anonymous_3)
FNDA:0,(anonymous_4)
DA:3,0
DA:13,0
DA:20,0
DA:22,0
DA:23,0
DA:26,0
DA:27,0
DA:28,0
DA:29,0
DA:31,0
DA:33,0
DA:34,0
DA:35,0
DA:45,0
DA:46,0
DA:47,0
LF:16
LH:0
BRDA:15,0,0,0
BRDA:16,1,0,0
BRDA:17,2,0,0
BRDA:23,3,0,0
BRDA:34,4,0,0
BRDA:34,5,0,0
BRDA:34,5,1,0
BRDA:46,6,0,0
BRF:8
BRH:0
end_of_record
TN:
SF:components/providers/auth-provider.tsx
FN:20,(anonymous_3)
FN:21,(anonymous_4)
FN:24,AuthProvider
FN:31,(anonymous_6)
FN:33,(anonymous_7)
FN:42,(anonymous_8)
FN:55,(anonymous_9)
FN:58,(anonymous_10)
FN:63,(anonymous_11)
FN:84,(anonymous_12)
FNF:10
FNH:0
FNDA:0,(anonymous_3)
FNDA:0,(anonymous_4)
FNDA:0,AuthProvider
FNDA:0,(anonymous_6)
FNDA:0,(anonymous_7)
FNDA:0,(anonymous_8)
FNDA:0,(anonymous_9)
FNDA:0,(anonymous_10)
FNDA:0,(anonymous_11)
FNDA:0,(anonymous_12)
DA:3,0
DA:4,0
DA:5,0
DA:16,0
DA:24,0
DA:25,0
DA:26,0
DA:27,0
DA:28,0
DA:29,0
DA:31,0
DA:33,0
DA:34,0
DA:35,0
DA:36,0
DA:42,0
DA:43,0
DA:44,0
DA:45,0
DA:48,0
DA:49,0
DA:50,0
DA:51,0
DA:55,0
DA:58,0
DA:59,0
DA:60,0
DA:63,0
DA:64,0
DA:65,0
DA:66,0
DA:84,0
DA:85,0
DA:86,0
DA:87,0
DA:89,0
LF:36
LH:0
BRDA:35,0,0,0
BRDA:35,0,1,0
BRDA:44,1,0,0
BRDA:44,1,1,0
BRDA:48,2,0,0
BRDA:48,2,1,0
BRDA:50,3,0,0
BRDA:66,4,0,0
BRDA:66,4,1,0
BRDA:86,5,0,0
BRF:10
BRH:0
end_of_record
TN:
SF:components/providers/theme-provider.tsx
FN:7,ThemeProvider
FNF:1
FNH:0
FNDA:0,ThemeProvider
DA:3,0
DA:4,0
DA:7,0
LF:3
LH:0
BRF:0
BRH:0
end_of_record
TN:
SF:components/providers/toast-provider.tsx
FN:5,ToastProvider
FNF:1
FNH:0
FNDA:0,ToastProvider
DA:3,0
DA:5,0
DA:6,0
LF:3
LH:0
BRF:0
BRH:0
end_of_record
TN:
SF:components/shared/ErrorBoundary.tsx
FN:17,(anonymous_2)
FN:30,(anonymous_3)
FN:22,(anonymous_4)
FN:26,(anonymous_5)
FN:34,(anonymous_6)
FNF:5
FNH:0
FNDA:0,(anonymous_2)
FNDA:0,(anonymous_3)
FNDA:0,(anonymous_4)
FNDA:0,(anonymous_5)
FNDA:0,(anonymous_6)
DA:3,0
DA:4,0
DA:16,0
DA:18,0
DA:19,0
DA:23,0
DA:27,0
DA:30,0
DA:31,0
DA:35,0
DA:36,0
DA:37,0
DA:52,0
LF:13
LH:0
BRDA:35,0,0,0
BRDA:35,1,0,0
BRDA:35,1,1,0
BRDA:36,2,0,0
BRF:4
BRH:0
end_of_record
TN:
SF:components/shared/Footer.tsx
FN:4,Footer
FNF:1
FNH:0
FNDA:0,Footer
DA:1,0
DA:2,0
DA:4,0
LF:3
LH:0
BRF:0
BRH:0
end_of_record
TN:
SF:components/shared/Header.tsx
FN:8,Header
FNF:1
FNH:0
FNDA:0,Header
DA:1,0
DA:2,0
DA:3,0
DA:4,0
DA:6,0
DA:8,0
LF:6
LH:0
BRF:0
BRH:0
end_of_record
TN:
SF:components/shared/LoadingSpinner.tsx
FN:8,LoadingSpinner
FNF:1
FNH:0
FNDA:0,LoadingSpinner
DA:1,0
DA:8,0
DA:9,0
LF:3
LH:0
BRDA:8,0,0,0
BRF:1
BRH:0
end_of_record
TN:
SF:components/shared/Navigation.tsx
FN:14,Navigation
FN:19,(anonymous_3)
FNF:2
FNH:0
FNDA:0,Navigation
FNDA:0,(anonymous_3)
DA:3,0
DA:4,0
DA:5,0
DA:7,0
DA:14,0
DA:15,0
DA:20,0
DA:21,0
LF:8
LH:0
BRDA:27,0,0,0
BRDA:27,0,1,0
BRF:2
BRH:0
end_of_record
TN:
SF:components/shared/ProgressBar.tsx
FN:9,ProgressBar
FNF:1
FNH:0
FNDA:0,ProgressBar
DA:1,0
DA:9,0
DA:10,0
LF:3
LH:0
BRDA:9,0,0,0
BRDA:14,1,0,0
BRF:2
BRH:0
end_of_record
TN:
SF:components/shared/SearchBar.tsx
FN:7,SearchBar
FN:11,(anonymous_2)
FN:24,(anonymous_3)
FNF:3
FNH:3
FNDA:53,SearchBar
FNDA:5,(anonymous_2)
FNDA:45,(anonymous_3)
DA:3,1
DA:4,1
DA:5,1
DA:7,8
DA:8,53
DA:9,53
DA:11,53
DA:12,5
DA:13,5
DA:14,3
DA:24,45
LF:11
LH:11
BRDA:13,0,0,3
BRF:1
BRH:1
end_of_record
TN:
SF:components/shared/UserMenu.tsx
FN:7,UserMenu
FNF:1
FNH:0
FNDA:0,UserMenu
DA:3,0
DA:4,0
DA:5,0
DA:7,0
DA:8,0
DA:10,0
DA:14,0
LF:7
LH:0
BRDA:10,0,0,0
BRDA:14,1,0,0
BRF:2
BRH:0
end_of_record
TN:
SF:components/social/ActivityFeed.tsx
FN:50,ActivityFeed
FN:59,(anonymous_3)
FN:66,(anonymous_4)
FN:79,(anonymous_5)
FN:91,(anonymous_6)
FN:144,(anonymous_7)
FN:238,(anonymous_8)
FN:238,(anonymous_9)
FNF:8
FNH:0
FNDA:0,ActivityFeed
FNDA:0,(anonymous_3)
FNDA:0,(anonymous_4)
FNDA:0,(anonymous_5)
FNDA:0,(anonymous_6)
FNDA:0,(anonymous_7)
FNDA:0,(anonymous_8)
FNDA:0,(anonymous_9)
DA:3,0
DA:4,0
DA:5,0
DA:14,0
DA:15,0
DA:16,0
DA:17,0
DA:18,0
DA:19,0
DA:50,0
DA:56,0
DA:57,0
DA:59,0
DA:60,0
DA:61,0
DA:64,0
DA:66,0
DA:67,0
DA:75,0
DA:79,0
DA:80,0
DA:88,0
DA:91,0
DA:101,0
DA:110,0
DA:112,0
DA:144,0
DA:145,0
DA:238,0
LF:29
LH:0
BRDA:52,0,0,0
BRDA:53,1,0,0
BRDA:54,2,0,0
BRDA:60,3,0,0
BRDA:75,4,0,0
BRDA:75,4,1,0
BRDA:88,5,0,0
BRDA:88,5,1,0
BRDA:101,6,0,0
BRDA:101,6,1,0
BRDA:106,7,0,0
BRDA:106,7,1,0
BRDA:117,8,0,0
BRDA:133,9,0,0
BRDA:133,9,1,0
BRDA:134,10,0,0
BRDA:149,11,0,0
BRDA:149,11,1,0
BRDA:156,12,0,0
BRDA:156,12,1,0
BRDA:159,13,0,0
BRDA:205,14,0,0
BRDA:205,14,1,0
BRDA:207,15,0,0
BRDA:217,16,0,0
BRDA:230,17,0,0
BRDA:233,18,0,0
BRF:27
BRH:0
end_of_record
TN:
SF:components/social/ReadingList.tsx
FN:40,ReadingList
FN:44,(anonymous_3)
FN:45,(anonymous_4)
FN:48,(anonymous_5)
FN:52,(anonymous_6)
FN:53,(anonymous_7)
FN:73,(anonymous_8)
FN:90,(anonymous_9)
FN:149,(anonymous_10)
FN:224,(anonymous_11)
FN:239,(anonymous_12)
FN:251,(anonymous_13)
FNF:12
FNH:0
FNDA:0,ReadingList
FNDA:0,(anonymous_3)
FNDA:0,(anonymous_4)
FNDA:0,(anonymous_5)
FNDA:0,(anonymous_6)
FNDA:0,(anonymous_7)
FNDA:0,(anonymous_8)
FNDA:0,(anonymous_9)
FNDA:0,(anonymous_10)
FNDA:0,(anonymous_11)
FNDA:0,(anonymous_12)
FNDA:0,(anonymous_13)
DA:3,0
DA:4,0
DA:5,0
DA:14,0
DA:15,0
DA:16,0
DA:17,0
DA:18,0
DA:19,0
DA:40,0
DA:41,0
DA:42,0
DA:44,0
DA:45,0
DA:48,0
DA:49,0
DA:50,0
DA:52,0
DA:53,0
DA:54,0
DA:60,0
DA:62,0
DA:66,0
DA:73,0
DA:74,0
DA:81,0
DA:90,0
DA:91,0
DA:149,0
DA:164,0
DA:165,0
DA:225,0
DA:240,0
LF:33
LH:0
BRDA:40,0,0,0
BRDA:40,1,0,0
BRDA:54,2,0,0
BRDA:54,2,1,0
BRDA:81,3,0,0
BRDA:81,3,1,0
BRDA:96,4,0,0
BRDA:124,5,0,0
BRDA:124,5,1,0
BRDA:142,6,0,0
BRDA:142,6,1,0
BRDA:144,7,0,0
BRDA:150,8,0,0
BRDA:150,8,1,0
BRDA:154,9,0,0
BRDA:164,10,0,0
BRDA:184,11,0,0
BRDA:194,12,0,0
BRDA:212,13,0,0
BRDA:242,14,0,0
BRDA:247,15,0,0
BRDA:247,15,1,0
BRF:22
BRH:0
end_of_record
TN:
SF:components/ui/avatar.tsx
FNF:0
FNH:0
DA:1,0
DA:2,0
DA:3,0
DA:18,0
DA:30,0
DA:45,0
DA:47,0
LF:7
LH:0
BRF:0
BRH:0
end_of_record
TN:
SF:components/ui/badge.tsx
FN:25,Badge
FNF:1
FNH:1
FNDA:9,Badge
DA:1,2
DA:2,2
DA:3,2
DA:5,2
DA:29,9
LF:5
LH:5
BRF:0
BRH:0
end_of_record
TN:
SF:components/ui/button.tsx
FN:39,(anonymous_6)
FNF:1
FNH:1
FNDA:13,(anonymous_6)
DA:1,1
DA:2,1
DA:3,1
DA:4,1
DA:6,1
DA:38,1
DA:40,13
DA:46,1
DA:48,13
LF:9
LH:9
BRDA:39,0,0,13
BRDA:40,1,0,0
BRDA:40,1,1,13
BRF:3
BRH:2
end_of_record
TN:
SF:components/ui/card.tsx
FNF:0
FNH:0
DA:1,2
DA:2,2
DA:13,2
DA:20,2
DA:31,2
DA:39,2
DA:46,2
DA:53,2
DA:55,13
LF:9
LH:9
BRF:0
BRH:0
end_of_record
TN:
SF:components/ui/checkbox.tsx
FNF:0
FNH:0
DA:3,0
DA:4,0
DA:5,0
DA:6,0
DA:27,0
DA:29,0
LF:6
LH:0
BRF:0
BRH:0
end_of_record
TN:
SF:components/ui/dialog.tsx
FNF:0
FNH:0
DA:1,0
DA:2,0
DA:3,0
DA:5,0
DA:6,0
DA:7,0
DA:8,0
DA:23,0
DA:47,0
DA:52,0
DA:60,0
DA:72,0
DA:84,0
DA:87,0
DA:88,0
DA:89,0
DA:90,0
DA:91,0
DA:92,0
DA:93,0
DA:94,0
DA:95,0
DA:96,0
LF:23
LH:0
BRF:0
BRH:0
end_of_record
TN:
SF:components/ui/dropdown-menu.tsx
FN:109,(anonymous_25)
FNF:1
FNH:0
FNDA:0,(anonymous_25)
DA:1,0
DA:2,0
DA:3,0
DA:5,0
DA:6,0
DA:7,0
DA:8,0
DA:9,0
DA:10,0
DA:30,0
DA:45,0
DA:63,0
DA:81,0
DA:95,0
DA:107,0
DA:109,0
DA:112,0
DA:115,0
DA:116,0
DA:117,0
DA:118,0
DA:119,0
DA:120,0
DA:121,0
DA:122,0
DA:123,0
DA:124,0
DA:125,0
DA:126,0
DA:127,0
DA:128,0
DA:129,0
DA:155,0
DA:177,0
LF:34
LH:0
BRDA:22,0,0,0
BRDA:22,0,1,0
BRDA:50,1,0,0
BRDA:75,2,0,0
BRDA:75,2,1,0
BRDA:91,3,0,0
BRDA:91,3,1,0
BRF:7
BRH:0
end_of_record
TN:
SF:components/ui/file-upload.tsx
FN:17,FileUpload
FN:23,(anonymous_2)
FN:38,(anonymous_3)
FN:39,(anonymous_4)
FN:61,(anonymous_5)
FNF:5
FNH:0
FNDA:0,FileUpload
FNDA:0,(anonymous_2)
FNDA:0,(anonymous_3)
FNDA:0,(anonymous_4)
FNDA:0,(anonymous_5)
DA:3,0
DA:7,0
DA:8,0
DA:17,0
DA:18,0
DA:19,0
DA:20,0
DA:22,0
DA:24,0
DA:25,0
DA:27,0
DA:28,0
DA:29,0
DA:32,0
DA:33,0
DA:34,0
DA:36,0
DA:38,0
DA:39,0
DA:40,0
DA:41,0
DA:42,0
DA:44,0
DA:48,0
DA:49,0
DA:50,0
DA:52,0
DA:53,0
DA:55,0
DA:61,0
DA:62,0
DA:63,0
DA:64,0
LF:33
LH:0
BRDA:17,0,0,0
BRDA:25,1,0,0
BRDA:27,2,0,0
BRDA:40,3,0,0
BRDA:52,4,0,0
BRDA:52,4,1,0
BRDA:63,5,0,0
BRDA:74,6,0,0
BRDA:74,6,1,0
BRDA:80,7,0,0
BRDA:80,7,1,0
BRDA:97,8,0,0
BRDA:104,9,0,0
BRF:13
BRH:0
end_of_record
TN:
SF:components/ui/input.tsx
FN:7,(anonymous_4)
FNF:1
FNH:1
FNDA:65,(anonymous_4)
DA:1,2
DA:2,2
DA:6,2
DA:21,2
DA:23,65
LF:5
LH:5
BRF:0
BRH:0
end_of_record
TN:
SF:components/ui/label.tsx
FNF:0
FNH:0
DA:1,0
DA:2,0
DA:3,0
DA:4,0
DA:6,0
DA:21,0
DA:23,0
LF:7
LH:0
BRF:0
BRH:0
end_of_record
TN:
SF:components/ui/pagination.tsx
FN:15,Pagination
FN:22,(anonymous_2)
FN:93,(anonymous_3)
FNF:3
FNH:0
FNDA:0,Pagination
FNDA:0,(anonymous_2)
FNDA:0,(anonymous_3)
DA:3,0
DA:4,0
DA:5,0
DA:15,0
DA:22,0
DA:23,0
DA:27,0
DA:30,0
DA:32,0
DA:33,0
DA:35,0
DA:37,0
DA:39,0
DA:40,0
DA:44,0
DA:45,0
DA:47,0
DA:48,0
DA:51,0
DA:52,0
DA:56,0
DA:57,0
DA:61,0
DA:62,0
DA:94,0
DA:95,0
DA:105,0
DA:106,0
DA:108,0
LF:29
LH:0
BRDA:18,0,0,0
BRDA:19,1,0,0
BRDA:30,2,0,0
BRDA:35,3,0,0
BRDA:35,3,1,0
BRDA:39,4,0,0
BRDA:51,5,0,0
BRDA:56,6,0,0
BRDA:79,7,0,0
BRDA:94,8,0,0
BRDA:111,9,0,0
BRDA:111,9,1,0
BRDA:118,10,0,0
BRDA:123,11,0,0
BRDA:123,11,1,0
BRDA:141,12,0,0
BRF:16
BRH:0
end_of_record
TN:
SF:components/ui/progress.tsx
FNF:0
FNH:0
DA:1,0
DA:2,0
DA:3,0
DA:20,0
DA:22,0
LF:5
LH:0
BRDA:16,0,0,0
BRDA:16,0,1,0
BRF:2
BRH:0
end_of_record
TN:
SF:components/ui/select.tsx
FNF:0
FNH:0
DA:1,0
DA:2,0
DA:3,0
DA:5,0
DA:6,0
DA:7,0
DA:27,0
DA:57,0
DA:79,0
DA:81,0
LF:10
LH:0
BRDA:32,0,0,0
BRDA:38,1,0,0
BRDA:38,1,1,0
BRDA:48,2,0,0
BRDA:48,2,1,0
BRF:5
BRH:0
end_of_record
TN:
SF:components/ui/separator.tsx
FNF:0
FNH:0
DA:1,0
DA:2,0
DA:3,0
DA:26,0
DA:28,0
LF:5
LH:0
BRDA:10,0,0,0
BRDA:10,1,0,0
BRDA:19,2,0,0
BRDA:19,2,1,0
BRF:4
BRH:0
end_of_record
TN:
SF:components/ui/skeleton.tsx
FN:3,Skeleton
FNF:1
FNH:0
FNDA:0,Skeleton
DA:1,0
DA:7,0
LF:2
LH:0
BRF:0
BRH:0
end_of_record
TN:
SF:components/ui/tabs.tsx
FNF:0
FNH:0
DA:1,0
DA:2,0
DA:3,0
DA:5,0
DA:20,0
DA:35,0
DA:50,0
DA:52,0
LF:8
LH:0
BRF:0
BRH:0
end_of_record
TN:
SF:components/ui/textarea.tsx
FN:7,(anonymous_4)
FNF:1
FNH:1
FNDA:11,(anonymous_4)
DA:1,1
DA:2,1
DA:6,1
DA:20,1
DA:22,11
LF:5
LH:5
BRF:0
BRH:0
end_of_record
TN:
SF:components/ui/toast.tsx
FN:41,(anonymous_12)
FNF:1
FNH:0
FNDA:0,(anonymous_12)
DA:1,0
DA:2,0
DA:3,0
DA:4,0
DA:6,0
DA:21,0
DA:23,0
DA:38,0
DA:50,0
DA:65,0
DA:84,0
DA:92,0
DA:104,0
DA:112,0
DA:113,0
DA:114,0
DA:115,0
DA:116,0
DA:117,0
DA:118,0
LF:20
LH:0
BRF:0
BRH:0
end_of_record
TN:
SF:components/ui/toaster.tsx
FN:13,Toaster
FN:18,(anonymous_5)
FNF:2
FNH:0
FNDA:0,Toaster
FNDA:0,(anonymous_5)
DA:9,0
DA:10,0
DA:11,0
DA:13,0
DA:14,0
DA:19,0
LF:6
LH:0
BRDA:22,0,0,0
BRDA:23,1,0,0
BRF:2
BRH:0
end_of_record
TN:
SF:components/ui/tooltip.tsx
FNF:0
FNH:0
DA:1,0
DA:2,0
DA:3,0
DA:5,0
DA:6,0
DA:7,0
DA:23,0
DA:25,0
LF:8
LH:0
BRDA:12,0,0,0
BRF:1
BRH:0
end_of_record
TN:
SF:lib/constants.ts
FNF:0
FNH:0
DA:1,0
DA:16,0
DA:23,0
DA:29,0
DA:35,0
LF:5
LH:0
BRF:0
BRH:0
end_of_record
TN:
SF:lib/utils.ts
FN:4,cn
FN:8,formatDate
FN:16,formatCurrency
FN:23,truncate
FN:28,generateSlug
FN:36,debounce
FN:41,(anonymous_13)
FN:43,(anonymous_14)
FNF:8
FNH:7
FNDA:0,cn
FNDA:2,formatDate
FNDA:7,formatCurrency
FNDA:4,truncate
FNDA:6,generateSlug
FNDA:3,debounce
FNDA:5,(anonymous_13)
FNDA:3,(anonymous_14)
DA:1,1
DA:2,1
DA:4,0
DA:5,0
DA:8,2
DA:9,2
DA:16,7
DA:17,7
DA:23,4
DA:24,4
DA:25,1
DA:28,6
DA:29,6
DA:36,3
DA:41,3
DA:42,5
DA:43,5
LF:17
LH:15
BRDA:16,0,0,5
BRDA:24,1,0,3
BRF:2
BRH:2
end_of_record
TN:
SF:lib/actions/ai-insights.ts
FN:6,getAIInsights
FNF:1
FNH:0
FNDA:0,getAIInsights
DA:3,0
DA:6,0
DA:11,0
DA:12,0
DA:14,0
DA:15,0
LF:6
LH:0
BRF:0
BRH:0
end_of_record
TN:
SF:lib/actions/analytics.ts
FN:8,getBookAnalytics
FN:55,getEngagementHeatmap
FN:75,getGeographyData
FN:100,getLiveReaders
FNF:4
FNH:0
FNDA:0,getBookAnalytics
FNDA:0,getEngagementHeatmap
FNDA:0,getGeographyData
FNDA:0,getLiveReaders
DA:3,0
DA:6,0
DA:8,0
DA:12,0
DA:13,0
DA:14,0
DA:16,0
DA:19,0
DA:25,0
DA:26,0
DA:30,0
DA:31,0
DA:32,0
DA:35,0
DA:43,0
DA:46,0
DA:48,0
DA:50,0
DA:51,0
DA:55,0
DA:56,0
DA:57,0
DA:58,0
DA:60,0
DA:62,0
DA:66,0
DA:68,0
DA:70,0
DA:71,0
DA:75,0
DA:79,0
DA:80,0
DA:81,0
DA:83,0
DA:85,0
DA:91,0
DA:93,0
DA:95,0
DA:96,0
DA:100,0
DA:104,0
DA:105,0
DA:108,0
DA:110,0
DA:121,0
DA:123,0
DA:128,0
DA:129,0
LF:48
LH:0
BRDA:16,0,0,0
BRDA:25,1,0,0
BRDA:25,2,0,0
BRDA:25,2,1,0
BRDA:32,3,0,0
BRDA:39,4,0,0
BRDA:39,4,1,0
BRDA:40,5,0,0
BRDA:40,5,1,0
BRDA:43,6,0,0
BRDA:46,7,0,0
BRDA:46,7,1,0
BRDA:48,8,0,0
BRDA:48,8,1,0
BRDA:60,9,0,0
BRDA:66,10,0,0
BRDA:68,11,0,0
BRDA:68,11,1,0
BRDA:83,12,0,0
BRDA:91,13,0,0
BRDA:93,14,0,0
BRDA:93,14,1,0
BRDA:121,15,0,0
BRDA:124,16,0,0
BRDA:124,16,1,0
BRDA:125,17,0,0
BRDA:125,17,1,0
BRF:27
BRH:0
end_of_record
TN:
SF:lib/actions/books.ts
FN:17,(anonymous_9)
FN:36,(anonymous_10)
FN:42,(anonymous_11)
FN:62,createBook
FN:145,updateBook
FN:237,deleteBook
FN:297,restoreBook
FN:347,getMyBooks
FN:401,searchBooks
FN:474,getBookStats
FN:524,incrementViewCount
FNF:11
FNH:0
FNDA:0,(anonymous_9)
FNDA:0,(anonymous_10)
FNDA:0,(anonymous_11)
FNDA:0,createBook
FNDA:0,updateBook
FNDA:0,deleteBook
FNDA:0,restoreBook
FNDA:0,getMyBooks
FNDA:0,searchBooks
FNDA:0,getBookStats
FNDA:0,incrementViewCount
DA:3,0
DA:4,0
DA:5,0
DA:12,0
DA:15,0
DA:17,0
DA:18,0
DA:19,0
DA:20,0
DA:22,0
DA:23,0
DA:24,0
DA:25,0
DA:27,0
DA:29,0
DA:32,0
DA:36,0
DA:37,0
DA:42,0
DA:49,0
DA:51,0
DA:62,0
DA:63,0
DA:64,0
DA:66,0
DA:67,0
DA:68,0
DA:71,0
DA:74,0
DA:77,0
DA:83,0
DA:91,0
DA:92,0
DA:99,0
DA:113,0
DA:116,0
DA:121,0
DA:122,0
DA:124,0
DA:126,0
DA:128,0
DA:129,0
DA:137,0
DA:145,0
DA:146,0
DA:147,0
DA:149,0
DA:150,0
DA:151,0
DA:154,0
DA:157,0
DA:160,0
DA:166,0
DA:167,0
DA:170,0
DA:171,0
DA:175,0
DA:176,0
DA:185,0
DA:186,0
DA:194,0
DA:204,0
DA:207,0
DA:212,0
DA:213,0
DA:214,0
DA:216,0
DA:218,0
DA:220,0
DA:221,0
DA:229,0
DA:237,0
DA:238,0
DA:239,0
DA:241,0
DA:242,0
DA:243,0
DA:246,0
DA:248,0
DA:254,0
DA:255,0
DA:258,0
DA:259,0
DA:262,0
DA:264,0
DA:269,0
DA:272,0
DA:277,0
DA:281,0
DA:283,0
DA:284,0
DA:286,0
DA:288,0
DA:289,0
DA:297,0
DA:298,0
DA:299,0
DA:301,0
DA:302,0
DA:303,0
DA:306,0
DA:312,0
DA:313,0
DA:316,0
DA:317,0
DA:320,0
DA:328,0
DA:331,0
DA:333,0
DA:334,0
DA:336,0
DA:338,0
DA:339,0
DA:347,0
DA:353,0
DA:354,0
DA:356,0
DA:357,0
DA:359,0
DA:365,0
DA:366,0
DA:369,0
DA:370,0
DA:373,0
DA:374,0
DA:377,0
DA:378,0
DA:381,0
DA:383,0
DA:385,0
DA:392,0
DA:393,0
DA:401,0
DA:408,0
DA:409,0
DA:411,0
DA:422,0
DA:423,0
DA:425,0
DA:426,0
DA:427,0
DA:428,0
DA:431,0
DA:432,0
DA:433,0
DA:434,0
DA:437,0
DA:438,0
DA:439,0
DA:440,0
DA:443,0
DA:444,0
DA:445,0
DA:446,0
DA:449,0
DA:451,0
DA:452,0
DA:453,0
DA:456,0
DA:461,0
DA:463,0
DA:465,0
DA:466,0
DA:474,0
DA:475,0
DA:476,0
DA:478,0
DA:479,0
DA:481,0
DA:487,0
DA:488,0
DA:492,0
DA:500,0
DA:506,0
DA:515,0
DA:516,0
DA:524,0
DA:525,0
DA:526,0
DA:528,0
DA:529,0
DA:532,0
DA:533,0
DA:539,0
DA:540,0
DA:542,0
DA:544,0
DA:547,0
DA:555,0
DA:564,0
DA:566,0
DA:568,0
LF:192
LH:0
BRDA:22,0,0,0
BRDA:22,0,1,0
BRDA:23,1,0,0
BRDA:23,1,1,0
BRDA:24,2,0,0
BRDA:67,3,0,0
BRDA:67,4,0,0
BRDA:67,4,1,0
BRDA:91,5,0,0
BRDA:105,6,0,0
BRDA:105,6,1,0
BRDA:105,6,2,0
BRDA:106,7,0,0
BRDA:106,7,1,0
BRDA:107,8,0,0
BRDA:107,8,1,0
BRDA:108,9,0,0
BRDA:108,9,1,0
BRDA:113,10,0,0
BRDA:128,11,0,0
BRDA:139,12,0,0
BRDA:139,12,1,0
BRDA:150,13,0,0
BRDA:150,14,0,0
BRDA:150,14,1,0
BRDA:166,15,0,0
BRDA:166,16,0,0
BRDA:166,16,1,0
BRDA:170,17,0,0
BRDA:175,18,0,0
BRDA:185,19,0,0
BRDA:204,20,0,0
BRDA:220,21,0,0
BRDA:231,22,0,0
BRDA:231,22,1,0
BRDA:237,23,0,0
BRDA:242,24,0,0
BRDA:242,25,0,0
BRDA:242,25,1,0
BRDA:254,26,0,0
BRDA:254,27,0,0
BRDA:254,27,1,0
BRDA:258,28,0,0
BRDA:258,29,0,0
BRDA:258,29,1,0
BRDA:262,30,0,0
BRDA:262,30,1,0
BRDA:269,31,0,0
BRDA:277,32,0,0
BRDA:281,33,0,0
BRDA:281,33,1,0
BRDA:286,34,0,0
BRDA:286,34,1,0
BRDA:291,35,0,0
BRDA:291,35,1,0
BRDA:302,36,0,0
BRDA:302,37,0,0
BRDA:302,37,1,0
BRDA:312,38,0,0
BRDA:312,39,0,0
BRDA:312,39,1,0
BRDA:316,40,0,0
BRDA:328,41,0,0
BRDA:341,42,0,0
BRDA:341,42,1,0
BRDA:357,43,0,0
BRDA:365,44,0,0
BRDA:369,45,0,0
BRDA:373,46,0,0
BRDA:377,47,0,0
BRDA:378,48,0,0
BRDA:378,48,1,0
BRDA:383,49,0,0
BRDA:388,50,0,0
BRDA:388,50,1,0
BRDA:395,51,0,0
BRDA:395,51,1,0
BRDA:425,52,0,0
BRDA:431,53,0,0
BRDA:437,54,0,0
BRDA:443,55,0,0
BRDA:451,56,0,0
BRDA:461,57,0,0
BRDA:468,58,0,0
BRDA:468,58,1,0
BRDA:479,59,0,0
BRDA:487,60,0,0
BRDA:487,61,0,0
BRDA:487,61,1,0
BRDA:510,62,0,0
BRDA:510,62,1,0
BRDA:518,63,0,0
BRDA:518,63,1,0
BRDA:529,64,0,0
BRDA:529,64,1,0
BRDA:542,65,0,0
BRDA:542,66,0,0
BRDA:542,66,1,0
BRF:98
BRH:0
end_of_record
TN:
SF:lib/actions/export-data.ts
FN:3,exportAnalyticsData
FN:22,exportRevenueData
FN:39,exportReaderData
FNF:3
FNH:0
FNDA:0,exportAnalyticsData
FNDA:0,exportRevenueData
FNDA:0,exportReaderData
DA:3,0
DA:8,0
DA:10,0
DA:15,0
DA:22,0
DA:26,0
DA:27,0
DA:32,0
DA:39,0
DA:43,0
DA:44,0
DA:49,0
LF:12
LH:0
BRDA:17,0,0,0
BRDA:17,0,1,0
BRDA:34,1,0,0
BRDA:34,1,1,0
BRDA:51,2,0,0
BRDA:51,2,1,0
BRF:6
BRH:0
end_of_record
TN:
SF:lib/actions/follows.ts
FN:6,followUser
FN:49,unfollowUser
FN:73,checkIfFollowing
FN:96,getUserFollowers
FN:122,(anonymous_10)
FN:129,getUserFollowing
FN:155,(anonymous_12)
FNF:7
FNH:0
FNDA:0,followUser
FNDA:0,unfollowUser
FNDA:0,checkIfFollowing
FNDA:0,getUserFollowers
FNDA:0,(anonymous_10)
FNDA:0,getUserFollowing
FNDA:0,(anonymous_12)
DA:3,0
DA:4,0
DA:6,0
DA:7,0
DA:8,0
DA:10,0
DA:11,0
DA:14,0
DA:15,0
DA:18,0
DA:25,0
DA:26,0
DA:27,0
DA:29,0
DA:33,0
DA:43,0
DA:44,0
DA:46,0
DA:49,0
DA:50,0
DA:51,0
DA:53,0
DA:54,0
DA:57,0
DA:63,0
DA:64,0
DA:67,0
DA:68,0
DA:70,0
DA:73,0
DA:74,0
DA:75,0
DA:77,0
DA:78,0
DA:81,0
DA:88,0
DA:89,0
DA:90,0
DA:93,0
DA:96,0
DA:97,0
DA:99,0
DA:100,0
DA:102,0
DA:119,0
DA:121,0
DA:122,0
DA:129,0
DA:130,0
DA:132,0
DA:133,0
DA:135,0
DA:152,0
DA:154,0
DA:155,0
LF:55
LH:0
BRDA:10,0,0,0
BRDA:14,1,0,0
BRDA:25,2,0,0
BRDA:26,3,0,0
BRDA:53,4,0,0
BRDA:63,5,0,0
BRDA:77,6,0,0
BRDA:88,7,0,0
BRDA:88,8,0,0
BRDA:88,8,1,0
BRDA:96,9,0,0
BRDA:96,10,0,0
BRDA:119,11,0,0
BRDA:122,12,0,0
BRDA:122,12,1,0
BRDA:123,13,0,0
BRDA:123,13,1,0
BRDA:125,14,0,0
BRDA:125,14,1,0
BRDA:129,15,0,0
BRDA:129,16,0,0
BRDA:152,17,0,0
BRDA:155,18,0,0
BRDA:155,18,1,0
BRDA:156,19,0,0
BRDA:156,19,1,0
BRDA:158,20,0,0
BRDA:158,20,1,0
BRF:28
BRH:0
end_of_record
TN:
SF:lib/actions/payouts.ts
FN:7,getStripeInstance
FN:18,getPayoutStatus
FN:41,requestPayout
FN:102,(anonymous_7)
FN:103,(anonymous_8)
FNF:5
FNH:0
FNDA:0,getStripeInstance
FNDA:0,getPayoutStatus
FNDA:0,requestPayout
FNDA:0,(anonymous_7)
FNDA:0,(anonymous_8)
DA:3,0
DA:4,0
DA:8,0
DA:9,0
DA:11,0
DA:16,0
DA:18,0
DA:19,0
DA:20,0
DA:21,0
DA:23,0
DA:25,0
DA:32,0
DA:34,0
DA:36,0
DA:37,0
DA:41,0
DA:48,0
DA:49,0
DA:50,0
DA:52,0
DA:53,0
DA:57,0
DA:58,0
DA:59,0
DA:61,0
DA:63,0
DA:64,0
DA:70,0
DA:76,0
DA:82,0
DA:83,0
DA:90,0
DA:91,0
DA:93,0
DA:100,0
DA:102,0
DA:103,0
DA:104,0
DA:106,0
DA:108,0
DA:109,0
DA:116,0
DA:131,0
DA:134,0
DA:135,0
DA:136,0
DA:146,0
DA:155,0
DA:161,0
DA:169,0
DA:172,0
DA:173,0
LF:53
LH:0
BRDA:8,0,0,0
BRDA:23,1,0,0
BRDA:32,2,0,0
BRDA:34,3,0,0
BRDA:34,3,1,0
BRDA:52,4,0,0
BRDA:61,5,0,0
BRDA:61,5,1,0
BRDA:63,6,0,0
BRDA:63,7,0,0
BRDA:63,7,1,0
BRDA:71,8,0,0
BRDA:71,8,1,0
BRDA:82,9,0,0
BRDA:100,10,0,0
BRDA:102,11,0,0
BRDA:102,11,1,0
BRDA:103,12,0,0
BRDA:103,12,1,0
BRDA:108,13,0,0
BRDA:131,14,0,0
BRDA:165,15,0,0
BRDA:165,15,1,0
BRDA:175,16,0,0
BRDA:175,16,1,0
BRF:25
BRH:0
end_of_record
TN:
SF:lib/actions/reading-list.ts
FN:8,addToReadingList
FN:72,updateReadingStatus
FN:125,removeFromReadingList
FN:147,getReadingList
FN:186,(anonymous_10)
FN:199,getReadingStats
FN:217,(anonymous_12)
FN:224,logReadingActivity
FNF:8
FNH:0
FNDA:0,addToReadingList
FNDA:0,updateReadingStatus
FNDA:0,removeFromReadingList
FNDA:0,getReadingList
FNDA:0,(anonymous_10)
FNDA:0,getReadingStats
FNDA:0,(anonymous_12)
FNDA:0,logReadingActivity
DA:3,0
DA:4,0
DA:8,0
DA:9,0
DA:10,0
DA:12,0
DA:13,0
DA:16,0
DA:17,0
DA:25,0
DA:26,0
DA:27,0
DA:28,0
DA:29,0
DA:32,0
DA:41,0
DA:43,0
DA:51,0
DA:58,0
DA:59,0
DA:63,0
DA:65,0
DA:66,0
DA:67,0
DA:69,0
DA:72,0
DA:73,0
DA:74,0
DA:76,0
DA:77,0
DA:80,0
DA:81,0
DA:87,0
DA:88,0
DA:89,0
DA:90,0
DA:91,0
DA:92,0
DA:96,0
DA:103,0
DA:104,0
DA:107,0
DA:114,0
DA:117,0
DA:119,0
DA:120,0
DA:122,0
DA:125,0
DA:126,0
DA:127,0
DA:129,0
DA:130,0
DA:133,0
DA:139,0
DA:141,0
DA:142,0
DA:144,0
DA:147,0
DA:153,0
DA:155,0
DA:173,0
DA:174,0
DA:177,0
DA:178,0
DA:179,0
DA:181,0
DA:183,0
DA:185,0
DA:186,0
DA:199,0
DA:200,0
DA:202,0
DA:207,0
DA:209,0
DA:217,0
DA:218,0
DA:221,0
DA:230,0
DA:233,0
DA:235,0
DA:236,0
DA:239,0
DA:245,0
DA:246,0
DA:249,0
LF:85
LH:0
BRDA:8,0,0,0
BRDA:12,1,0,0
BRDA:25,2,0,0
BRDA:25,2,1,0
BRDA:27,3,0,0
BRDA:41,4,0,0
BRDA:41,4,1,0
BRDA:58,5,0,0
BRDA:76,6,0,0
BRDA:87,7,0,0
BRDA:87,7,1,0
BRDA:89,8,0,0
BRDA:91,9,0,0
BRDA:103,10,0,0
BRDA:114,11,0,0
BRDA:129,12,0,0
BRDA:139,13,0,0
BRDA:150,14,0,0
BRDA:151,15,0,0
BRDA:173,16,0,0
BRDA:183,17,0,0
BRDA:186,18,0,0
BRDA:186,18,1,0
BRDA:190,19,0,0
BRDA:190,19,1,0
BRDA:190,19,2,0
BRDA:193,20,0,0
BRDA:193,20,1,0
BRDA:195,21,0,0
BRDA:195,21,1,0
BRDA:207,22,0,0
BRDA:214,23,0,0
BRDA:214,23,1,0
BRDA:233,24,0,0
BRDA:245,25,0,0
BRF:35
BRH:0
end_of_record
TN:
SF:lib/actions/revenue.ts
FN:7,getBookRevenue
FN:45,(anonymous_5)
FN:57,getBookPricing
FN:79,updateBookPricing
FNF:4
FNH:0
FNDA:0,getBookRevenue
FNDA:0,(anonymous_5)
FNDA:0,getBookPricing
FNDA:0,updateBookPricing
DA:3,0
DA:7,0
DA:11,0
DA:12,0
DA:13,0
DA:15,0
DA:18,0
DA:24,0
DA:25,0
DA:28,0
DA:34,0
DA:35,0
DA:37,0
DA:38,0
DA:41,0
DA:43,0
DA:45,0
DA:47,0
DA:52,0
DA:53,0
DA:57,0
DA:58,0
DA:59,0
DA:60,0
DA:62,0
DA:64,0
DA:70,0
DA:72,0
DA:74,0
DA:75,0
DA:79,0
DA:83,0
DA:84,0
DA:85,0
DA:87,0
DA:90,0
DA:96,0
DA:97,0
DA:100,0
DA:108,0
DA:110,0
DA:112,0
LF:42
LH:0
BRDA:15,0,0,0
BRDA:24,1,0,0
BRDA:24,2,0,0
BRDA:24,2,1,0
BRDA:34,3,0,0
BRDA:37,4,0,0
BRDA:43,5,0,0
BRDA:45,6,0,0
BRDA:45,6,1,0
BRDA:49,7,0,0
BRDA:49,7,1,0
BRDA:62,8,0,0
BRDA:70,9,0,0
BRDA:70,10,0,0
BRDA:70,10,1,0
BRDA:72,11,0,0
BRDA:72,11,1,0
BRDA:87,12,0,0
BRDA:96,13,0,0
BRDA:96,14,0,0
BRDA:96,14,1,0
BRDA:108,15,0,0
BRDA:114,16,0,0
BRDA:114,16,1,0
BRF:24
BRH:0
end_of_record
TN:
SF:lib/actions/reviews.ts
FN:6,voteOnReview
FN:30,reportReview
FN:44,createReview
FN:103,deleteReview
FNF:4
FNH:0
FNDA:0,voteOnReview
FNDA:0,reportReview
FNDA:0,createReview
FNDA:0,deleteReview
DA:3,0
DA:4,0
DA:6,0
DA:7,0
DA:9,0
DA:10,0
DA:11,0
DA:14,0
DA:22,0
DA:23,0
DA:26,0
DA:27,0
DA:30,0
DA:31,0
DA:33,0
DA:34,0
DA:35,0
DA:39,0
DA:41,0
DA:44,0
DA:52,0
DA:54,0
DA:55,0
DA:56,0
DA:60,0
DA:67,0
DA:69,0
DA:81,0
DA:84,0
DA:96,0
DA:99,0
DA:100,0
DA:103,0
DA:104,0
DA:106,0
DA:107,0
DA:108,0
DA:112,0
DA:118,0
DA:119,0
DA:122,0
DA:127,0
DA:128,0
DA:131,0
DA:132,0
LF:45
LH:0
BRDA:10,0,0,0
BRDA:22,1,0,0
BRDA:34,2,0,0
BRDA:55,3,0,0
BRDA:67,4,0,0
BRDA:67,4,1,0
BRDA:81,5,0,0
BRDA:96,6,0,0
BRDA:107,7,0,0
BRDA:118,8,0,0
BRDA:118,9,0,0
BRDA:118,9,1,0
BRDA:127,10,0,0
BRF:13
BRH:0
end_of_record
TN:
SF:lib/actions/upload.ts
FN:6,uploadFile
FN:62,deleteFile
FNF:2
FNH:0
FNDA:0,uploadFile
FNDA:0,deleteFile
DA:3,0
DA:4,0
DA:6,0
DA:11,0
DA:12,0
DA:14,0
DA:15,0
DA:16,0
DA:19,0
DA:22,0
DA:23,0
DA:26,0
DA:27,0
DA:30,0
DA:31,0
DA:32,0
DA:34,0
DA:41,0
DA:43,0
DA:47,0
DA:57,0
DA:58,0
DA:62,0
DA:63,0
DA:64,0
DA:66,0
DA:67,0
DA:68,0
DA:71,0
DA:75,0
DA:77,0
DA:79,0
DA:80,0
LF:33
LH:0
BRDA:15,0,0,0
BRDA:15,1,0,0
BRDA:15,1,1,0
BRDA:19,2,0,0
BRDA:19,2,1,0
BRDA:20,3,0,0
BRDA:20,3,1,0
BRDA:22,4,0,0
BRDA:26,5,0,0
BRDA:41,6,0,0
BRDA:67,7,0,0
BRDA:67,8,0,0
BRDA:67,8,1,0
BRDA:75,9,0,0
BRF:14
BRH:0
end_of_record
TN:
SF:lib/actions/users.ts
FN:6,updateProfile
FNF:1
FNH:0
FNDA:0,updateProfile
DA:3,0
DA:4,0
DA:6,0
DA:12,0
DA:16,0
DA:18,0
DA:19,0
DA:22,0
DA:29,0
DA:30,0
DA:33,0
DA:34,0
LF:12
LH:0
BRDA:18,0,0,0
BRDA:29,1,0,0
BRF:2
BRH:0
end_of_record
TN:
SF:lib/email/send.ts
FN:17,sendEmail
FN:42,sendWelcomeEmail
FN:50,sendPurchaseConfirmation
FN:67,sendManuscriptSubmitted
FN:82,sendManuscriptStatusUpdate
FN:99,sendWeeklyDigest
FN:116,sendPasswordReset
FNF:7
FNH:0
FNDA:0,sendEmail
FNDA:0,sendWelcomeEmail
FNDA:0,sendPurchaseConfirmation
FNDA:0,sendManuscriptSubmitted
FNDA:0,sendManuscriptStatusUpdate
FNDA:0,sendWeeklyDigest
FNDA:0,sendPasswordReset
DA:1,0
DA:9,0
DA:11,0
DA:12,0
DA:15,0
DA:17,0
DA:22,0
DA:23,0
DA:30,0
DA:31,0
DA:32,0
DA:35,0
DA:37,0
DA:38,0
DA:42,0
DA:43,0
DA:50,0
DA:56,0
DA:67,0
DA:72,0
DA:82,0
DA:88,0
DA:99,0
DA:105,0
DA:116,0
DA:117,0
LF:26
LH:0
BRDA:11,0,0,0
BRDA:30,1,0,0
BRF:2
BRH:0
end_of_record
TN:
SF:lib/email/templates.tsx
FN:13,WelcomeEmail
FN:59,PurchaseConfirmationEmail
FN:115,ManuscriptSubmittedEmail
FN:169,ManuscriptStatusEmail
FN:248,WeeklyDigestEmail
FN:284,(anonymous_12)
FN:293,(anonymous_13)
FN:320,PasswordResetEmail
FNF:8
FNH:0
FNDA:0,WelcomeEmail
FNDA:0,PurchaseConfirmationEmail
FNDA:0,ManuscriptSubmittedEmail
FNDA:0,ManuscriptStatusEmail
FNDA:0,WeeklyDigestEmail
FNDA:0,(anonymous_12)
FNDA:0,(anonymous_13)
FNDA:0,PasswordResetEmail
DA:11,0
DA:13,0
DA:59,0
DA:115,0
DA:169,0
DA:178,0
DA:248,0
DA:285,0
DA:294,0
DA:320,0
LF:10
LH:0
BRDA:39,0,0,0
BRDA:39,0,1,0
BRDA:95,1,0,0
BRDA:95,1,1,0
BRDA:149,2,0,0
BRDA:149,2,1,0
BRDA:211,3,0,0
BRDA:211,3,1,0
BRDA:213,4,0,0
BRDA:228,5,0,0
BRDA:228,5,1,0
BRDA:300,6,0,0
BRDA:300,6,1,0
BRF:13
BRH:0
end_of_record
TN:
SF:lib/hooks/use-books.ts
FN:6,(anonymous_6)
FN:6,(anonymous_7)
FN:8,useBooks
FN:28,useBook
FN:42,useFeaturedBooks
FN:52,useTrendingBooks
FNF:6
FNH:0
FNDA:0,(anonymous_6)
FNDA:0,(anonymous_7)
FNDA:0,useBooks
FNDA:0,useBook
FNDA:0,useFeaturedBooks
FNDA:0,useTrendingBooks
DA:3,0
DA:6,0
DA:8,0
DA:9,0
DA:10,0
DA:11,0
DA:12,0
DA:13,0
DA:15,0
DA:20,0
DA:28,0
DA:29,0
DA:34,0
DA:42,0
DA:43,0
DA:45,0
DA:52,0
DA:53,0
DA:58,0
LF:19
LH:0
BRDA:10,0,0,0
BRDA:11,1,0,0
BRDA:12,2,0,0
BRDA:13,3,0,0
BRDA:21,4,0,0
BRDA:21,4,1,0
BRDA:46,5,0,0
BRDA:46,5,1,0
BRDA:59,6,0,0
BRDA:59,6,1,0
BRF:10
BRH:0
end_of_record
TN:
SF:lib/hooks/use-media-query.ts
FN:5,useMediaQuery
FN:8,(anonymous_2)
FN:14,(anonymous_3)
FN:16,(anonymous_4)
FNF:4
FNH:0
FNDA:0,useMediaQuery
FNDA:0,(anonymous_2)
FNDA:0,(anonymous_3)
FNDA:0,(anonymous_4)
DA:3,0
DA:5,0
DA:6,0
DA:8,0
DA:9,0
DA:10,0
DA:11,0
DA:14,0
DA:15,0
DA:16,0
DA:19,0
LF:11
LH:0
BRDA:10,0,0,0
BRF:1
BRH:0
end_of_record
TN:
SF:lib/hooks/use-recommendations.ts
FN:6,(anonymous_2)
FN:6,(anonymous_3)
FN:8,useRecommendations
FNF:3
FNH:0
FNDA:0,(anonymous_2)
FNDA:0,(anonymous_3)
FNDA:0,useRecommendations
DA:3,0
DA:6,0
DA:8,0
DA:9,0
DA:14,0
LF:5
LH:0
BRDA:8,0,0,0
BRDA:10,1,0,0
BRDA:10,1,1,0
BRDA:15,2,0,0
BRDA:15,2,1,0
BRF:5
BRH:0
end_of_record
TN:
SF:lib/hooks/use-toast.ts
FN:25,genId
FN:56,(anonymous_8)
FN:61,(anonymous_9)
FN:72,(anonymous_10)
FN:83,(anonymous_11)
FN:94,(anonymous_12)
FN:101,(anonymous_13)
FN:120,(anonymous_14)
FN:129,dispatch
FN:131,(anonymous_16)
FN:138,toast
FN:141,(anonymous_18)
FN:146,(anonymous_19)
FN:154,(anonymous_20)
FN:167,useToast
FN:170,(anonymous_22)
FN:172,(anonymous_23)
FN:183,(anonymous_24)
FNF:18
FNH:0
FNDA:0,genId
FNDA:0,(anonymous_8)
FNDA:0,(anonymous_9)
FNDA:0,(anonymous_10)
FNDA:0,(anonymous_11)
FNDA:0,(anonymous_12)
FNDA:0,(anonymous_13)
FNDA:0,(anonymous_14)
FNDA:0,dispatch
FNDA:0,(anonymous_16)
FNDA:0,toast
FNDA:0,(anonymous_18)
FNDA:0,(anonymous_19)
FNDA:0,(anonymous_20)
FNDA:0,useToast
FNDA:0,(anonymous_22)
FNDA:0,(anonymous_23)
FNDA:0,(anonymous_24)
DA:3,0
DA:6,0
DA:7,0
DA:16,0
DA:23,0
DA:26,0
DA:27,0
DA:54,0
DA:56,0
DA:57,0
DA:58,0
DA:61,0
DA:62,0
DA:63,0
DA:69,0
DA:72,0
DA:73,0
DA:75,0
DA:81,0
DA:84,0
DA:89,0
DA:91,0
DA:92,0
DA:94,0
DA:95,0
DA:99,0
DA:102,0
DA:112,0
DA:113,0
DA:118,0
DA:120,0
DA:125,0
DA:127,0
DA:130,0
DA:131,0
DA:132,0
DA:139,0
DA:141,0
DA:142,0
DA:146,0
DA:148,0
DA:155,0
DA:160,0
DA:168,0
DA:170,0
DA:171,0
DA:172,0
DA:173,0
DA:174,0
DA:175,0
DA:180,0
DA:183,0
DA:187,0
LF:53
LH:0
BRDA:57,0,0,0
BRDA:73,1,0,0
BRDA:73,1,1,0
BRDA:73,1,2,0
BRDA:73,1,3,0
BRDA:84,2,0,0
BRDA:84,2,1,0
BRDA:91,3,0,0
BRDA:91,3,1,0
BRDA:102,4,0,0
BRDA:102,4,1,0
BRDA:102,5,0,0
BRDA:102,5,1,0
BRDA:112,6,0,0
BRDA:155,7,0,0
BRDA:174,8,0,0
BRF:16
BRH:0
end_of_record
TN:
SF:lib/middleware/auth.ts
FN:7,requireAuth
FN:23,getCurrentUser
FNF:2
FNH:0
FNDA:0,requireAuth
FNDA:0,getCurrentUser
DA:1,0
DA:2,0
DA:7,0
DA:8,0
DA:11,0
DA:13,0
DA:14,0
DA:17,0
DA:23,0
DA:24,0
DA:27,0
DA:29,0
LF:12
LH:0
BRDA:13,0,0,0
BRF:1
BRH:0
end_of_record
TN:
SF:lib/middleware/rate-limit.ts
FN:10,rateLimit
FN:31,rateLimitMiddleware
FNF:2
FNH:0
FNDA:0,rateLimit
FNDA:0,rateLimitMiddleware
DA:1,0
DA:8,0
DA:10,0
DA:15,0
DA:16,0
DA:18,0
DA:19,0
DA:20,0
DA:23,0
DA:24,0
DA:27,0
DA:28,0
DA:31,0
DA:36,0
DA:38,0
DA:39,0
DA:42,0
LF:17
LH:0
BRDA:12,0,0,0
BRDA:13,1,0,0
BRDA:18,2,0,0
BRDA:18,3,0,0
BRDA:18,3,1,0
BRDA:23,4,0,0
BRDA:33,5,0,0
BRDA:34,6,0,0
BRDA:36,7,0,0
BRDA:36,7,1,0
BRDA:36,7,2,0
BRDA:38,8,0,0
BRF:12
BRH:0
end_of_record
TN:
SF:lib/resonance/embeddings.ts
FN:6,getOpenAI
FN:21,generateEmbedding
FN:35,generateBookEmbedding
FNF:3
FNH:0
FNDA:0,getOpenAI
FNDA:0,generateEmbedding
FNDA:0,generateBookEmbedding
DA:1,0
DA:4,0
DA:7,0
DA:8,0
DA:9,0
DA:11,0
DA:15,0
DA:21,0
DA:22,0
DA:23,0
DA:29,0
DA:35,0
DA:36,0
DA:37,0
LF:14
LH:0
BRDA:7,0,0,0
BRDA:8,1,0,0
BRDA:36,2,0,0
BRDA:36,2,1,0
BRF:4
BRH:0
end_of_record
TN:
SF:lib/resonance/server.ts
FN:7,getRecommendations
FN:22,(anonymous_2)
FNF:2
FNH:0
FNDA:0,getRecommendations
FNDA:0,(anonymous_2)
DA:1,0
DA:7,0
DA:11,0
DA:13,0
DA:20,0
DA:22,0
LF:6
LH:0
BRDA:9,0,0,0
BRDA:22,1,0,0
BRDA:22,1,1,0
BRDA:25,2,0,0
BRDA:25,2,1,0
BRF:5
BRH:0
end_of_record
TN:
SF:lib/resonance/viral-logic.ts
FN:6,calculateViralCoefficient
FNF:1
FNH:1
FNDA:12,calculateViralCoefficient
DA:6,12
DA:14,12
DA:15,12
DA:16,12
DA:17,12
DA:20,12
DA:25,12
LF:7
LH:7
BRF:0
BRH:0
end_of_record
TN:
SF:lib/services/ai-insights.ts
FN:5,(anonymous_3)
FN:7,(anonymous_4)
FN:19,(anonymous_5)
FN:31,(anonymous_6)
FN:44,(anonymous_7)
FN:49,(anonymous_8)
FN:85,(anonymous_9)
FN:89,(anonymous_10)
FN:90,(anonymous_11)
FN:101,(anonymous_12)
FN:104,(anonymous_13)
FN:105,(anonymous_14)
FN:106,(anonymous_15)
FN:110,(anonymous_16)
FN:114,(anonymous_17)
FN:115,(anonymous_18)
FN:119,(anonymous_19)
FN:122,(anonymous_20)
FN:127,(anonymous_21)
FN:128,(anonymous_22)
FN:128,(anonymous_23)
FN:131,(anonymous_24)
FN:132,(anonymous_25)
FN:132,(anonymous_26)
FN:141,(anonymous_27)
FN:143,(anonymous_28)
FN:149,(anonymous_29)
FN:151,(anonymous_30)
FN:157,(anonymous_31)
FN:162,(anonymous_32)
FN:163,(anonymous_33)
FN:167,(anonymous_34)
FN:173,(anonymous_35)
FN:183,(anonymous_36)
FN:196,(anonymous_37)
FN:203,(anonymous_38)
FN:207,(anonymous_39)
FN:208,(anonymous_40)
FN:213,(anonymous_41)
FN:214,(anonymous_42)
FN:221,(anonymous_43)
FN:222,(anonymous_44)
FN:223,(anonymous_45)
FN:227,(anonymous_46)
FN:230,(anonymous_47)
FN:237,(anonymous_48)
FNF:46
FNH:0
FNDA:0,(anonymous_3)
FNDA:0,(anonymous_4)
FNDA:0,(anonymous_5)
FNDA:0,(anonymous_6)
FNDA:0,(anonymous_7)
FNDA:0,(anonymous_8)
FNDA:0,(anonymous_9)
FNDA:0,(anonymous_10)
FNDA:0,(anonymous_11)
FNDA:0,(anonymous_12)
FNDA:0,(anonymous_13)
FNDA:0,(anonymous_14)
FNDA:0,(anonymous_15)
FNDA:0,(anonymous_16)
FNDA:0,(anonymous_17)
FNDA:0,(anonymous_18)
FNDA:0,(anonymous_19)
FNDA:0,(anonymous_20)
FNDA:0,(anonymous_21)
FNDA:0,(anonymous_22)
FNDA:0,(anonymous_23)
FNDA:0,(anonymous_24)
FNDA:0,(anonymous_25)
FNDA:0,(anonymous_26)
FNDA:0,(anonymous_27)
FNDA:0,(anonymous_28)
FNDA:0,(anonymous_29)
FNDA:0,(anonymous_30)
FNDA:0,(anonymous_31)
FNDA:0,(anonymous_32)
FNDA:0,(anonymous_33)
FNDA:0,(anonymous_34)
FNDA:0,(anonymous_35)
FNDA:0,(anonymous_36)
FNDA:0,(anonymous_37)
FNDA:0,(anonymous_38)
FNDA:0,(anonymous_39)
FNDA:0,(anonymous_40)
FNDA:0,(anonymous_41)
FNDA:0,(anonymous_42)
FNDA:0,(anonymous_43)
FNDA:0,(anonymous_44)
FNDA:0,(anonymous_45)
FNDA:0,(anonymous_46)
FNDA:0,(anonymous_47)
FNDA:0,(anonymous_48)
DA:4,0
DA:9,0
DA:16,0
DA:20,0
DA:21,0
DA:23,0
DA:32,0
DA:33,0
DA:34,0
DA:36,0
DA:45,0
DA:48,0
DA:49,0
DA:50,0
DA:51,0
DA:61,0
DA:62,0
DA:63,0
DA:72,0
DA:73,0
DA:74,0
DA:82,0
DA:86,0
DA:88,0
DA:89,0
DA:90,0
DA:92,0
DA:103,0
DA:104,0
DA:105,0
DA:106,0
DA:111,0
DA:112,0
DA:113,0
DA:114,0
DA:115,0
DA:116,0
DA:121,0
DA:122,0
DA:125,0
DA:126,0
DA:127,0
DA:128,0
DA:130,0
DA:131,0
DA:132,0
DA:134,0
DA:135,0
DA:138,0
DA:142,0
DA:143,0
DA:144,0
DA:146,0
DA:150,0
DA:151,0
DA:152,0
DA:154,0
DA:158,0
DA:160,0
DA:161,0
DA:162,0
DA:163,0
DA:165,0
DA:166,0
DA:167,0
DA:171,0
DA:172,0
DA:173,0
DA:180,0
DA:184,0
DA:185,0
DA:186,0
DA:187,0
DA:188,0
DA:189,0
DA:190,0
DA:193,0
DA:197,0
DA:198,0
DA:199,0
DA:200,0
DA:204,0
DA:207,0
DA:208,0
DA:209,0
DA:213,0
DA:214,0
DA:215,0
DA:218,0
DA:222,0
DA:223,0
DA:224,0
DA:228,0
DA:230,0
DA:231,0
DA:234,0
DA:238,0
DA:241,0
DA:243,0
DA:250,0
LF:100
LH:0
BRDA:48,0,0,0
BRDA:50,1,0,0
BRDA:62,2,0,0
BRDA:73,3,0,0
BRDA:86,4,0,0
BRDA:111,5,0,0
BRDA:134,6,0,0
BRDA:142,7,0,0
BRDA:144,8,0,0
BRDA:144,8,1,0
BRDA:150,9,0,0
BRDA:152,10,0,0
BRDA:152,10,1,0
BRDA:165,11,0,0
BRDA:165,11,1,0
BRDA:171,12,0,0
BRDA:189,13,0,0
BRDA:197,14,0,0
BRDA:200,15,0,0
BRDA:200,15,1,0
BRDA:224,16,0,0
BRDA:224,16,1,0
BRDA:228,17,0,0
BRDA:238,18,0,0
BRDA:244,19,0,0
BRDA:244,19,1,0
BRF:26
BRH:0
end_of_record
TN:
SF:lib/services/analytics-tracker.ts
FN:22,(anonymous_7)
FN:28,(anonymous_8)
FN:39,(anonymous_9)
FN:50,(anonymous_10)
FN:53,(anonymous_11)
FN:58,(anonymous_12)
FN:69,(anonymous_13)
FN:87,(anonymous_14)
FN:98,(anonymous_15)
FN:109,(anonymous_16)
FN:120,(anonymous_17)
FN:141,(anonymous_18)
FN:152,(anonymous_19)
FN:156,(anonymous_20)
FN:166,(anonymous_21)
FN:170,(anonymous_22)
FN:174,(anonymous_23)
FNF:17
FNH:0
FNDA:0,(anonymous_7)
FNDA:0,(anonymous_8)
FNDA:0,(anonymous_9)
FNDA:0,(anonymous_10)
FNDA:0,(anonymous_11)
FNDA:0,(anonymous_12)
FNDA:0,(anonymous_13)
FNDA:0,(anonymous_14)
FNDA:0,(anonymous_15)
FNDA:0,(anonymous_16)
FNDA:0,(anonymous_17)
FNDA:0,(anonymous_18)
FNDA:0,(anonymous_19)
FNDA:0,(anonymous_20)
FNDA:0,(anonymous_21)
FNDA:0,(anonymous_22)
FNDA:0,(anonymous_23)
DA:19,0
DA:20,0
DA:23,0
DA:24,0
DA:25,0
DA:29,0
DA:31,0
DA:32,0
DA:33,0
DA:34,0
DA:36,0
DA:40,0
DA:42,0
DA:43,0
DA:44,0
DA:45,0
DA:47,0
DA:51,0
DA:53,0
DA:54,0
DA:59,0
DA:66,0
DA:76,0
DA:88,0
DA:95,0
DA:99,0
DA:106,0
DA:110,0
DA:117,0
DA:121,0
DA:123,0
DA:124,0
DA:126,0
DA:127,0
DA:135,0
DA:137,0
DA:142,0
DA:143,0
DA:145,0
DA:149,0
DA:152,0
DA:153,0
DA:156,0
DA:163,0
DA:166,0
DA:167,0
DA:170,0
DA:171,0
DA:174,0
DA:175,0
LF:50
LH:0
BRDA:29,0,0,0
BRDA:32,1,0,0
BRDA:40,2,0,0
BRDA:43,3,0,0
BRDA:51,4,0,0
BRDA:121,5,0,0
BRDA:142,6,0,0
BRF:7
BRH:0
end_of_record
TN:
SF:lib/services/cache-service.ts
FN:7,getCache
FN:25,setCache
FN:43,invalidateCache
FNF:3
FNH:0
FNDA:0,getCache
FNDA:0,setCache
FNDA:0,invalidateCache
DA:3,0
DA:5,0
DA:7,0
DA:8,0
DA:9,0
DA:10,0
DA:17,0
DA:19,0
DA:21,0
DA:25,0
DA:26,0
DA:28,0
DA:29,0
DA:30,0
DA:39,0
DA:43,0
DA:44,0
DA:45,0
DA:46,0
DA:51,0
LF:20
LH:0
BRDA:17,0,0,0
BRDA:17,1,0,0
BRDA:17,1,1,0
BRDA:26,2,0,0
BRDA:26,2,1,0
BRF:5
BRH:0
end_of_record
TN:
SF:lib/services/export-queue.ts
FN:24,(anonymous_6)
FN:26,(anonymous_7)
FN:33,(anonymous_8)
FN:64,(anonymous_9)
FN:76,(anonymous_10)
FN:88,(anonymous_11)
FN:89,(anonymous_12)
FN:92,(anonymous_13)
FN:114,(anonymous_14)
FN:123,(anonymous_15)
FN:192,(anonymous_16)
FN:194,(anonymous_17)
FN:208,(anonymous_18)
FN:209,(anonymous_19)
FN:219,(anonymous_20)
FN:220,(anonymous_21)
FN:230,(anonymous_22)
FN:251,(anonymous_23)
FN:260,(anonymous_24)
FN:274,(anonymous_25)
FNF:20
FNH:0
FNDA:0,(anonymous_6)
FNDA:0,(anonymous_7)
FNDA:0,(anonymous_8)
FNDA:0,(anonymous_9)
FNDA:0,(anonymous_10)
FNDA:0,(anonymous_11)
FNDA:0,(anonymous_12)
FNDA:0,(anonymous_13)
FNDA:0,(anonymous_14)
FNDA:0,(anonymous_15)
FNDA:0,(anonymous_16)
FNDA:0,(anonymous_17)
FNDA:0,(anonymous_18)
FNDA:0,(anonymous_19)
FNDA:0,(anonymous_20)
FNDA:0,(anonymous_21)
FNDA:0,(anonymous_22)
FNDA:0,(anonymous_23)
FNDA:0,(anonymous_24)
FNDA:0,(anonymous_25)
DA:1,0
DA:18,0
DA:20,0
DA:21,0
DA:22,0
DA:27,0
DA:28,0
DA:29,0
DA:30,0
DA:40,0
DA:56,0
DA:59,0
DA:61,0
DA:65,0
DA:66,0
DA:72,0
DA:73,0
DA:77,0
DA:84,0
DA:85,0
DA:89,0
DA:93,0
DA:94,0
DA:97,0
DA:99,0
DA:101,0
DA:108,0
DA:110,0
DA:111,0
DA:113,0
DA:114,0
DA:115,0
DA:119,0
DA:124,0
DA:126,0
DA:138,0
DA:140,0
DA:141,0
DA:143,0
DA:144,0
DA:146,0
DA:147,0
DA:149,0
DA:153,0
DA:162,0
DA:165,0
DA:176,0
DA:179,0
DA:181,0
DA:194,0
DA:195,0
DA:201,0
DA:202,0
DA:205,0
DA:209,0
DA:210,0
DA:212,0
DA:213,0
DA:216,0
DA:220,0
DA:221,0
DA:223,0
DA:224,0
DA:227,0
DA:231,0
DA:232,0
DA:234,0
DA:241,0
DA:244,0
DA:248,0
DA:252,0
DA:253,0
DA:254,0
DA:255,0
DA:256,0
DA:261,0
DA:267,0
DA:271,0
DA:275,0
DA:276,0
DA:279,0
DA:290,0
LF:82
LH:0
BRDA:56,0,0,0
BRDA:72,1,0,0
BRDA:84,2,0,0
BRDA:93,3,0,0
BRDA:93,4,0,0
BRDA:93,4,1,0
BRDA:108,5,0,0
BRDA:108,6,0,0
BRDA:108,6,1,0
BRDA:111,7,0,0
BRDA:138,8,0,0
BRDA:138,8,1,0
BRDA:138,8,2,0
BRDA:138,8,3,0
BRDA:185,9,0,0
BRDA:185,9,1,0
BRDA:201,10,0,0
BRDA:201,11,0,0
BRDA:201,11,1,0
BRDA:202,12,0,0
BRDA:202,12,1,0
BRDA:212,13,0,0
BRDA:212,14,0,0
BRDA:212,14,1,0
BRDA:213,15,0,0
BRDA:213,15,1,0
BRDA:223,16,0,0
BRDA:223,17,0,0
BRDA:223,17,1,0
BRDA:224,18,0,0
BRDA:224,18,1,0
BRDA:241,19,0,0
BRDA:248,20,0,0
BRDA:248,20,1,0
BRDA:252,21,0,0
BRDA:252,21,1,0
BRDA:252,21,2,0
BRDA:252,21,3,0
BRDA:267,22,0,0
BRF:39
BRH:0
end_of_record
TN:
SF:lib/services/performance-monitor.ts
FN:15,(anonymous_1)
FN:18,(anonymous_2)
FN:40,(anonymous_3)
FN:41,(anonymous_4)
FN:47,(anonymous_5)
FN:48,(anonymous_6)
FN:50,(anonymous_7)
FN:51,(anonymous_8)
FN:52,(anonymous_9)
FN:58,(anonymous_10)
FNF:10
FNH:0
FNDA:0,(anonymous_1)
FNDA:0,(anonymous_2)
FNDA:0,(anonymous_3)
FNDA:0,(anonymous_4)
FNDA:0,(anonymous_5)
FNDA:0,(anonymous_6)
FNDA:0,(anonymous_7)
FNDA:0,(anonymous_8)
FNDA:0,(anonymous_9)
FNDA:0,(anonymous_10)
DA:11,0
DA:12,0
DA:13,0
DA:16,0
DA:18,0
DA:19,0
DA:21,0
DA:28,0
DA:30,0
DA:31,0
DA:34,0
DA:35,0
DA:41,0
DA:42,0
DA:43,0
DA:48,0
DA:50,0
DA:51,0
DA:52,0
DA:54,0
DA:58,0
DA:64,0
LF:22
LH:0
BRDA:30,0,0,0
BRDA:34,1,0,0
BRDA:42,2,0,0
BRF:3
BRH:0
end_of_record
TN:
SF:lib/services/realtime-analytics.ts
FN:17,(anonymous_3)
FN:21,(anonymous_4)
FN:23,(anonymous_5)
FN:31,(anonymous_6)
FN:37,(anonymous_7)
FN:40,(anonymous_8)
FN:48,(anonymous_9)
FN:51,(anonymous_10)
FN:55,(anonymous_11)
FN:65,(anonymous_12)
FNF:10
FNH:0
FNDA:0,(anonymous_3)
FNDA:0,(anonymous_4)
FNDA:0,(anonymous_5)
FNDA:0,(anonymous_6)
FNDA:0,(anonymous_7)
FNDA:0,(anonymous_8)
FNDA:0,(anonymous_9)
FNDA:0,(anonymous_10)
FNDA:0,(anonymous_11)
FNDA:0,(anonymous_12)
DA:1,0
DA:12,0
DA:15,0
DA:18,0
DA:22,0
DA:24,0
DA:28,0
DA:32,0
DA:33,0
DA:35,0
DA:37,0
DA:41,0
DA:42,0
DA:43,0
DA:44,0
DA:49,0
DA:50,0
DA:51,0
DA:56,0
DA:57,0
DA:66,0
DA:67,0
DA:73,0
LF:23
LH:0
BRDA:32,0,0,0
BRDA:42,1,0,0
BRDA:44,2,0,0
BRDA:50,3,0,0
BRDA:56,4,0,0
BRDA:66,5,0,0
BRF:6
BRH:0
end_of_record
TN:
SF:lib/stripe/client.ts
FN:6,getStripe
FNF:1
FNH:0
FNDA:0,getStripe
DA:1,0
DA:6,0
DA:7,0
DA:8,0
DA:9,0
DA:11,0
LF:6
LH:0
BRDA:8,0,0,0
BRF:1
BRH:0
end_of_record
TN:
SF:lib/stripe/server.ts
FN:5,getStripe
FN:26,createCheckoutSession
FNF:2
FNH:0
FNDA:0,getStripe
FNDA:0,createCheckoutSession
DA:1,0
DA:3,0
DA:5,0
DA:6,0
DA:7,0
DA:8,0
DA:10,0
DA:14,0
DA:26,0
DA:32,0
DA:33,0
DA:35,0
DA:58,0
LF:13
LH:0
BRDA:6,0,0,0
BRDA:7,1,0,0
BRDA:32,2,0,0
BRDA:32,2,1,0
BRF:4
BRH:0
end_of_record
TN:
SF:lib/stripe/webhooks.ts
FN:4,handleStripeWebhook
FNF:1
FNH:0
FNDA:0,handleStripeWebhook
DA:2,0
DA:4,0
DA:5,0
DA:6,0
DA:7,0
DA:10,0
DA:11,0
DA:17,0
LF:8
LH:0
BRDA:6,0,0,0
BRF:1
BRH:0
end_of_record
TN:
SF:lib/supabase/admin.ts
FN:7,createClient
FNF:1
FNH:0
FNDA:0,createClient
DA:1,0
DA:7,0
DA:8,0
LF:3
LH:0
BRF:0
BRH:0
end_of_record
TN:
SF:lib/supabase/client.ts
FN:6,createClient
FNF:1
FNH:0
FNDA:0,createClient
DA:1,0
DA:6,0
DA:7,0
LF:3
LH:0
BRF:0
BRH:0
end_of_record
TN:
SF:lib/supabase/queries.ts
FN:10,getPublishedBooks
FN:61,getBookBySlug
FN:72,getBookById
FN:82,getFeaturedBooks
FN:95,getTrendingBooks
FN:107,searchBooks
FN:121,getBooksByGenre
FN:138,getAuthorById
FN:148,getAuthorBySlug
FN:158,getAuthorBooks
FN:174,getUserReadingProgress
FN:184,getReadingProgress
FN:195,updateReadingProgress
FN:209,markBookAsFinished
FN:228,getPersonalizedRecommendations
FN:240,getSimilarBooks
FN:253,getAuthorManuscripts
FN:263,getManuscriptById
FN:269,submitManuscript
FN:294,updateManuscriptStatus
FN:317,getUserOrders
FN:327,getOrderById
FN:337,createOrder
FN:365,(anonymous_50)
FN:387,trackEngagement
FN:407,getProfile
FN:417,updateProfile
FNF:27
FNH:0
FNDA:0,getPublishedBooks
FNDA:0,getBookBySlug
FNDA:0,getBookById
FNDA:0,getFeaturedBooks
FNDA:0,getTrendingBooks
FNDA:0,searchBooks
FNDA:0,getBooksByGenre
FNDA:0,getAuthorById
FNDA:0,getAuthorBySlug
FNDA:0,getAuthorBooks
FNDA:0,getUserReadingProgress
FNDA:0,getReadingProgress
FNDA:0,updateReadingProgress
FNDA:0,markBookAsFinished
FNDA:0,getPersonalizedRecommendations
FNDA:0,getSimilarBooks
FNDA:0,getAuthorManuscripts
FNDA:0,getManuscriptById
FNDA:0,submitManuscript
FNDA:0,updateManuscriptStatus
FNDA:0,getUserOrders
FNDA:0,getOrderById
FNDA:0,createOrder
FNDA:0,(anonymous_50)
FNDA:0,trackEngagement
FNDA:0,getProfile
FNDA:0,updateProfile
DA:1,0
DA:10,0
DA:17,0
DA:18,0
DA:19,0
DA:21,0
DA:28,0
DA:29,0
DA:32,0
DA:33,0
DA:38,0
DA:40,0
DA:41,0
DA:43,0
DA:44,0
DA:46,0
DA:47,0
DA:49,0
DA:50,0
DA:52,0
DA:53,0
DA:55,0
DA:58,0
DA:61,0
DA:62,0
DA:64,0
DA:72,0
DA:73,0
DA:75,0
DA:82,0
DA:83,0
DA:85,0
DA:95,0
DA:96,0
DA:98,0
DA:107,0
DA:108,0
DA:110,0
DA:121,0
DA:122,0
DA:124,0
DA:138,0
DA:139,0
DA:141,0
DA:148,0
DA:149,0
DA:151,0
DA:158,0
DA:159,0
DA:161,0
DA:174,0
DA:175,0
DA:177,0
DA:184,0
DA:185,0
DA:187,0
DA:195,0
DA:200,0
DA:202,0
DA:209,0
DA:210,0
DA:212,0
DA:228,0
DA:232,0
DA:234,0
DA:240,0
DA:241,0
DA:243,0
DA:253,0
DA:254,0
DA:256,0
DA:263,0
DA:264,0
DA:266,0
DA:269,0
DA:281,0
DA:283,0
DA:294,0
DA:299,0
DA:301,0
DA:317,0
DA:318,0
DA:320,0
DA:327,0
DA:328,0
DA:330,0
DA:337,0
DA:347,0
DA:349,0
DA:361,0
DA:362,0
DA:365,0
DA:372,0
DA:376,0
DA:377,0
DA:380,0
DA:387,0
DA:393,0
DA:395,0
DA:407,0
DA:408,0
DA:410,0
DA:417,0
DA:421,0
DA:423,0
LF:105
LH:0
BRDA:18,0,0,0
BRDA:18,0,1,0
BRDA:19,1,0,0
BRDA:19,1,1,0
BRDA:28,2,0,0
BRDA:32,3,0,0
BRDA:38,4,0,0
BRDA:38,4,1,0
BRDA:38,4,2,0
BRDA:38,4,3,0
BRDA:38,4,4,0
BRDA:38,4,5,0
BRDA:82,5,0,0
BRDA:95,6,0,0
BRDA:107,7,0,0
BRDA:121,8,0,0
BRDA:220,9,0,0
BRDA:220,9,1,0
BRDA:230,10,0,0
BRDA:240,11,0,0
BRDA:361,12,0,0
BRDA:361,13,0,0
BRDA:361,13,1,0
BRDA:376,14,0,0
BRDA:396,15,0,0
BRDA:396,15,1,0
BRDA:399,16,0,0
BRDA:399,16,1,0
BRF:28
BRH:0
end_of_record
TN:
SF:lib/supabase/server.ts
FN:7,createClient
FN:15,(anonymous_2)
FN:18,(anonymous_3)
FN:20,(anonymous_4)
FNF:4
FNH:0
FNDA:0,createClient
FNDA:0,(anonymous_2)
FNDA:0,(anonymous_3)
FNDA:0,(anonymous_4)
DA:1,0
DA:2,0
DA:7,0
DA:8,0
DA:10,0
DA:16,0
DA:19,0
DA:20,0
DA:21,0
LF:9
LH:0
BRF:0
BRH:0
end_of_record
TN:
SF:lib/utils/analytics-helpers.ts
FN:1,formatLargeNumber
FN:11,calculatePercentageChange
FN:16,calculateGrowthRate
FN:22,(anonymous_12)
FN:23,(anonymous_13)
FN:30,formatDuration
FN:43,formatPercentage
FN:47,getTrendDirection
FN:53,calculateAverage
FN:55,(anonymous_18)
FN:58,calculateMedian
FN:60,(anonymous_20)
FNF:12
FNH:0
FNDA:0,formatLargeNumber
FNDA:0,calculatePercentageChange
FNDA:0,calculateGrowthRate
FNDA:0,(anonymous_12)
FNDA:0,(anonymous_13)
FNDA:0,formatDuration
FNDA:0,formatPercentage
FNDA:0,getTrendDirection
FNDA:0,calculateAverage
FNDA:0,(anonymous_18)
FNDA:0,calculateMedian
FNDA:0,(anonymous_20)
DA:1,0
DA:2,0
DA:3,0
DA:5,0
DA:6,0
DA:8,0
DA:11,0
DA:12,0
DA:13,0
DA:16,0
DA:17,0
DA:19,0
DA:20,0
DA:22,0
DA:23,0
DA:25,0
DA:27,0
DA:30,0
DA:31,0
DA:32,0
DA:34,0
DA:35,0
DA:36,0
DA:38,0
DA:39,0
DA:40,0
DA:43,0
DA:44,0
DA:47,0
DA:48,0
DA:49,0
DA:50,0
DA:53,0
DA:54,0
DA:55,0
DA:58,0
DA:59,0
DA:60,0
DA:61,0
DA:62,0
LF:40
LH:0
BRDA:2,0,0,0
BRDA:5,1,0,0
BRDA:12,2,0,0
BRDA:12,3,0,0
BRDA:12,3,1,0
BRDA:17,4,0,0
BRDA:25,5,0,0
BRDA:25,6,0,0
BRDA:25,6,1,0
BRDA:31,7,0,0
BRDA:34,8,0,0
BRDA:43,9,0,0
BRDA:48,10,0,0
BRDA:49,11,0,0
BRDA:54,12,0,0
BRDA:59,13,0,0
BRDA:62,14,0,0
BRDA:62,14,1,0
BRF:18
BRH:0
end_of_record
TN:
SF:lib/utils/analytics-optimizer.ts
FN:7,(anonymous_1)
FN:28,(anonymous_2)
FN:42,(anonymous_3)
FN:72,(anonymous_4)
FN:78,(anonymous_5)
FN:82,(anonymous_6)
FN:82,(anonymous_7)
FN:93,(anonymous_8)
FN:96,(anonymous_9)
FN:97,(anonymous_10)
FN:98,(anonymous_11)
FN:101,(anonymous_12)
FN:106,(anonymous_13)
FN:111,(anonymous_14)
FN:116,(anonymous_15)
FNF:15
FNH:0
FNDA:0,(anonymous_1)
FNDA:0,(anonymous_2)
FNDA:0,(anonymous_3)
FNDA:0,(anonymous_4)
FNDA:0,(anonymous_5)
FNDA:0,(anonymous_6)
FNDA:0,(anonymous_7)
FNDA:0,(anonymous_8)
FNDA:0,(anonymous_9)
FNDA:0,(anonymous_10)
FNDA:0,(anonymous_11)
FNDA:0,(anonymous_12)
FNDA:0,(anonymous_13)
FNDA:0,(anonymous_14)
FNDA:0,(anonymous_15)
DA:3,0
DA:5,0
DA:16,0
DA:19,0
DA:20,0
DA:21,0
DA:22,0
DA:27,0
DA:28,0
DA:32,0
DA:35,0
DA:36,0
DA:39,0
DA:51,0
DA:52,0
DA:55,0
DA:57,0
DA:76,0
DA:78,0
DA:79,0
DA:80,0
DA:81,0
DA:82,0
DA:83,0
DA:84,0
DA:87,0
DA:89,0
DA:95,0
DA:96,0
DA:97,0
DA:98,0
DA:101,0
DA:102,0
DA:108,0
DA:113,0
DA:118,0
LF:36
LH:0
BRDA:16,0,0,0
BRDA:16,1,0,0
BRDA:16,2,0,0
BRDA:16,3,0,0
BRDA:16,3,1,0
BRDA:19,4,0,0
BRDA:21,5,0,0
BRDA:21,6,0,0
BRDA:21,6,1,0
BRDA:27,7,0,0
BRDA:35,8,0,0
BRDA:51,9,0,0
BRDA:51,9,1,0
BRDA:52,10,0,0
BRDA:52,10,1,0
BRDA:74,11,0,0
BRF:16
BRH:0
end_of_record
TN:
SF:lib/utils/chart-data.ts
FN:9,formatChartData
FN:13,(anonymous_5)
FN:20,aggregateByPeriod
FN:26,(anonymous_7)
FN:46,(anonymous_8)
FN:48,(anonymous_9)
FN:53,generateTimeSeries
FNF:7
FNH:0
FNDA:0,formatChartData
FNDA:0,(anonymous_5)
FNDA:0,aggregateByPeriod
FNDA:0,(anonymous_7)
FNDA:0,(anonymous_8)
FNDA:0,(anonymous_9)
FNDA:0,generateTimeSeries
DA:9,0
DA:13,0
DA:20,0
DA:24,0
DA:26,0
DA:27,0
DA:30,0
DA:31,0
DA:32,0
DA:33,0
DA:34,0
DA:35,0
DA:37,0
DA:40,0
DA:41,0
DA:43,0
DA:46,0
DA:48,0
DA:53,0
DA:58,0
DA:59,0
DA:61,0
DA:62,0
DA:64,0
DA:65,0
DA:66,0
DA:67,0
DA:69,0
DA:73,0
LF:29
LH:0
BRDA:30,0,0,0
BRDA:30,0,1,0
BRDA:34,1,0,0
BRDA:34,1,1,0
BRDA:40,2,0,0
BRDA:64,3,0,0
BRDA:64,3,1,0
BRDA:66,4,0,0
BRDA:66,4,1,0
BRF:9
BRH:0
end_of_record
TN:
SF:lib/utils/cn.ts
FN:7,cn
FNF:1
FNH:1
FNDA:132,cn
DA:1,7
DA:2,7
DA:7,132
DA:8,132
LF:4
LH:4
BRF:0
BRH:0
end_of_record
TN:
SF:lib/utils/currency.ts
FN:19,formatCurrency
FN:25,formatCurrencyCompact
FN:39,parseCurrency
FNF:3
FNH:0
FNDA:0,formatCurrency
FNDA:0,formatCurrencyCompact
FNDA:0,parseCurrency
DA:3,0
DA:11,0
DA:19,0
DA:21,0
DA:22,0
DA:25,0
DA:26,0
DA:27,0
DA:29,0
DA:30,0
DA:32,0
DA:33,0
DA:36,0
DA:39,0
DA:41,0
DA:42,0
DA:43,0
LF:17
LH:0
BRDA:19,0,0,0
BRDA:25,1,0,0
BRDA:29,2,0,0
BRDA:32,3,0,0
BRDA:39,4,0,0
BRDA:42,5,0,0
BRDA:42,5,1,0
BRF:7
BRH:0
end_of_record
TN:
SF:lib/utils/date-ranges.ts
FN:9,(anonymous_3)
FN:14,(anonymous_4)
FN:22,(anonymous_5)
FN:27,(anonymous_6)
FN:32,(anonymous_7)
FN:37,(anonymous_8)
FN:42,(anonymous_9)
FN:50,(anonymous_10)
FN:55,(anonymous_11)
FN:60,(anonymous_12)
FN:66,formatDateRange
FNF:11
FNH:0
FNDA:0,(anonymous_3)
FNDA:0,(anonymous_4)
FNDA:0,(anonymous_5)
FNDA:0,(anonymous_6)
FNDA:0,(anonymous_7)
FNDA:0,(anonymous_8)
FNDA:0,(anonymous_9)
FNDA:0,(anonymous_10)
FNDA:0,(anonymous_11)
FNDA:0,(anonymous_12)
FNDA:0,formatDateRange
DA:1,0
DA:8,0
DA:9,0
DA:15,0
DA:16,0
DA:22,0
DA:27,0
DA:32,0
DA:37,0
DA:43,0
DA:44,0
DA:50,0
DA:55,0
DA:60,0
DA:66,0
DA:67,0
DA:69,0
DA:70,0
DA:72,0
LF:19
LH:0
BRDA:67,0,0,0
BRDA:67,1,0,0
BRDA:67,1,1,0
BRF:3
BRH:0
end_of_record
TN:
SF:lib/utils/error-handler.ts
FN:6,(anonymous_3)
FN:16,handleError
FNF:2
FNH:2
FNDA:11,(anonymous_3)
FNDA:11,handleError
DA:5,12
DA:8,11
DA:9,11
DA:11,11
DA:12,11
DA:16,11
DA:17,11
DA:18,6
DA:24,5
DA:25,1
DA:31,4
LF:11
LH:11
BRDA:8,0,0,3
BRDA:17,1,0,6
BRDA:24,2,0,1
BRF:3
BRH:3
end_of_record
TN:
SF:lib/utils/format.ts
FN:4,formatPrice
FN:14,formatDate
FN:25,formatRelativeTime
FN:41,formatNumber
FN:50,truncateText
FN:58,formatDuration
FNF:6
FNH:6
FNDA:6,formatPrice
FNDA:4,formatDate
FNDA:5,formatRelativeTime
FNDA:7,formatNumber
FNDA:3,truncateText
FNDA:7,formatDuration
DA:4,6
DA:5,6
DA:14,3
DA:15,4
DA:25,5
DA:26,5
DA:27,5
DA:28,5
DA:30,5
DA:31,4
DA:32,3
DA:33,2
DA:35,1
DA:41,7
DA:42,7
DA:43,5
DA:44,2
DA:50,3
DA:51,3
DA:52,1
DA:58,7
DA:59,7
DA:60,7
DA:61,7
DA:63,7
DA:64,3
DA:66,4
LF:27
LH:27
BRDA:4,0,0,6
BRDA:30,1,0,1
BRDA:31,2,0,1
BRDA:32,3,0,1
BRDA:33,4,0,1
BRDA:42,5,0,2
BRDA:43,6,0,3
BRDA:51,7,0,2
BRDA:63,8,0,3
BRF:9
BRH:9
end_of_record
TN:
SF:lib/utils/image-utils.ts
FN:8,getOptimizedImageUrl
FN:19,validateImageFile
FNF:2
FNH:0
FNDA:0,getOptimizedImageUrl
FNDA:0,validateImageFile
DA:8,0
DA:10,0
DA:11,0
DA:13,0
DA:19,0
DA:20,0
DA:21,0
DA:23,0
DA:24,0
DA:27,0
DA:28,0
DA:31,0
LF:12
LH:0
BRDA:10,0,0,0
BRDA:10,1,0,0
BRDA:10,1,1,0
BRDA:11,2,0,0
BRDA:11,2,1,0
BRDA:11,3,0,0
BRDA:11,3,1,0
BRDA:23,4,0,0
BRDA:27,5,0,0
BRF:9
BRH:0
end_of_record
TN:
SF:lib/utils/validation.ts
FNF:0
FNH:0
DA:1,1
DA:7,7
DA:9,6
DA:14,7
DA:22,7
LF:5
LH:5
BRF:0
BRH:0
end_of_record
